<?xml version="1.0" encoding="UTF-8"?>
<robot generator="Robot 5.0.1 (Python 3.10.5 on win32)" generated="20220621 19:51:27.723" rpa="false" schemaversion="3">
<suite id="s1" name="TestCaseAPIBooks" source="c:\Projetos\api-robot\BooksAPI\TestCaseAPIBooks.robot">
<kw name="Conectar a minha API" library="ResourceAPI" type="SETUP">
<kw name="Create Session" library="RequestsLibrary">
<arg>fakerestAPI</arg>
<arg>${URL_API}</arg>
<doc>Create Session: create a HTTP session to a server</doc>
<msg timestamp="20220621 19:51:27.920" level="INFO">Creating Session using : alias=fakerestAPI, url=https://fakerestapi.azurewebsites.net/api/, headers={},                     cookies={}, auth=None, timeout=None, proxies=None, verify=False,                     debug=0 </msg>
<status status="PASS" starttime="20220621 19:51:27.919" endtime="20220621 19:51:27.920"/>
</kw>
<status status="PASS" starttime="20220621 19:51:27.919" endtime="20220621 19:51:27.920"/>
</kw>
<test id="s1-t1" name="Buscar a listagem de todos os livros (GET em todos os livros)" line="7">
<kw name="Requisitar todos os livros" library="ResourceAPI">
<kw name="GET On Session" library="RequestsLibrary">
<var>${RESPOSTA}</var>
<arg>fakerestAPI</arg>
<arg>/v1/Books</arg>
<doc>Sends a GET request on a previously created HTTP Session.</doc>
<msg timestamp="20220621 19:51:30.794" level="INFO">GET Request : url=https://fakerestapi.azurewebsites.net/api/v1/Books 
 path_url=/api/v1/Books 
 headers={'User-Agent': 'python-requests/2.28.0', 'Accept-Encoding': 'gzip, deflate', 'Accept': '*/*', 'Connection': 'keep-alive'} 
 body=None 
 </msg>
<msg timestamp="20220621 19:51:30.796" level="INFO">GET Response : url=https://fakerestapi.azurewebsites.net/api/v1/Books 
 status=200, reason=OK 
 headers={'Content-Type': 'application/json; charset=utf-8; v=1.0', 'Date': 'Tue, 21 Jun 2022 22:51:29 GMT', 'Server': 'Kestrel', 'Transfer-Encoding': 'chunked', 'api-supported-versions': '1.0'} 
 body=[{"id":1,"title":"Book 1","description":"Kasd est sadipscing sed tempor sit autem aliquyam et kasd eos. Sed id delenit et amet duo esse sanctus eum in ut est no voluptua. Invidunt lorem kasd qui tation elitr in ut dolor vel gubergren. Facilisis aliquyam feugiat no dolor. Option ex clita at erat no mazim ipsum tempor dolore. Molestie iusto et amet et nostrud elitr et at labore clita liber dolores clita tempor dolores accusam stet. Lorem ipsum nonumy et no consetetur odio clita sea ut kasd. Aliquam dolor nulla amet at sed consequat voluptua blandit diam. Accusam dolor no consetetur consetetur eum sea in et consequat sadipscing nihil. Ea dolor takimata amet vel et. Odio magna at feugiat voluptua sed sed stet sea labore diam in in et sit. Enim ex diam et amet eros diam eirmod iriure dolore. Ut sed stet dolor vero dolor. Feugiat euismod sanctus ad duo vel dolores amet consequat stet sit dolor justo et ipsum ipsum veniam justo. Amet dolores erat sed invidunt dolor facilisis nisl.\n","pageCount":100,"excerpt":"Dignissim et et nonumy ut ut at sed dolor dolore voluptua ipsum sanctus diam dolor elitr vero. Diam invidunt hendrerit gubergren sit lorem dolor velit consequat duo et aliquyam tation. Eos dolore magna eirmod nulla sit lorem duis takimata stet quis tempor eu amet sanctus nonumy eos. Sadipscing et duis. Veniam gubergren consequat clita.\nUt quis et duo. Amet voluptua sed no. Dolor ea ipsum elitr congue dolore magna rebum feugait eirmod. Commodo kasd voluptua nam et lorem ea labore et iusto duo.\nDolor dolor et iriure stet ut dolore et magna diam feugiat diam justo accusam erat. Erat invidunt eirmod iusto est justo autem ad dolore blandit euismod kasd gubergren eirmod no eu takimata dolor vero. Lorem nisl sit elitr iusto duis dolores. Iriure euismod est. Dignissim lorem sed tempor congue consequat amet et et stet et ad no eleifend et elitr aliquyam clita. Accusam imperdiet exerci diam amet. Amet et sadipscing qui tincidunt. Sit dolor no et takimata. Placerat aliquyam est. Ullamcorper erat vero diam tempor consequat sanctus lorem euismod nonumy gubergren vero et assum sadipscing sed aliquyam. Ex justo dolor autem ut sit lorem sit justo sed luptatum. Sea diam dolore justo. Sadipscing dolore sea dolore. Te nonumy amet sit nibh diam stet accusam dolore feugiat dolores vero.\nDolor clita amet feugiat nonumy liber ea erat eirmod facilisis eleifend justo at. Commodo lorem esse eos esse eos gubergren stet cum ut. Accusam tempor congue erat ut facilisis labore amet et ea at ipsum sadipscing. Autem et aliquyam sit consequat eirmod nam ipsum et nonumy eos elitr diam facilisi eirmod elitr nonumy nulla. Sed velit duo esse sit ipsum et dolores at at kasd in dolor nonummy ipsum diam in. Kasd et sed dolore wisi et sadipscing nulla elitr et diam takimata takimata ad. Eirmod ipsum consequat tempor magna erat sed praesent accusam eum diam sanctus. Elit erat aliquam praesent erat stet sed takimata autem sadipscing duo. Elitr et kasd wisi eos qui justo dolores sadipscing rebum euismod diam diam gubergren labore duis dolore vero. Sanctus vel sit ut nonummy sed erat no consetetur dolor kasd veniam dolor ipsum erat diam takimata laoreet dolor. Sed sea nonumy est eu molestie dolore ut dolore commodo. Ut illum eos kasd dolores nonumy tempor commodo et amet no. Magna et stet lorem sed vulputate. Nibh vero justo. No ipsum sea ut vulputate consetetur lorem sadipscing vero quis ut takimata hendrerit liber invidunt sadipscing sed.\nIpsum accusam duo dolore sea sanctus eu sit elitr dolores nobis et nibh ut et ea stet nulla molestie. Est illum invidunt erat dolor dolor eos sed stet aliquyam id no. Amet et nulla sed et amet vel no vero laoreet.\n","publishDate":"2022-06-20T22:51:29.4105289+00:00"},{"id":2,"title":"Book 2","description":"Facilisi nonummy vero lorem sed eos molestie sed. Molestie aliquam vel rebum labore kasd dolore lorem no lorem et. Ut eros ut aliquyam vero sit eros dolores gubergren dolore sadipscing no magna vero aliquyam amet at. Ea gubergren erat.\n","pageCount":200,"excerpt":"Minim sea autem dolore dolore ipsum no et iusto lorem congue accusam amet magna. Labore diam takimata vero kasd nam facilisis laoreet consequat eu est dolore quod tempor iusto. Hendrerit amet nonumy assum et clita. Sit ea dolor. Hendrerit sanctus sit labore eirmod amet duo tempor eirmod invidunt vel vero et nonumy sit stet odio ut et. Eum et sed sanctus diam velit invidunt esse sanctus stet. No hendrerit facer tempor. Dolore amet esse ullamcorper at option dolor. Ipsum at tempor amet diam amet clita dolores consetetur duo. Iusto luptatum autem consetetur duis takimata commodo ex voluptua et dolor et et. Ad aliquyam sed duo et no dolor consectetuer quis sea dolore invidunt et amet liber ut. Luptatum vero ipsum labore justo. Dolores amet magna eos lorem voluptua lorem feugiat no labore. Accumsan justo dolor dolore consetetur feugait at diam tempor amet sed augue hendrerit facilisi amet lorem dolor labore. Duo sit vel amet no minim ipsum clita ipsum nam ipsum clita vero ut ipsum. Dolor blandit sanctus accusam amet sit consetetur dolore duo nisl nonumy in ut lorem. Sea clita sit dolores ipsum kasd sadipscing elitr ipsum ut takimata elitr ut lobortis euismod. Sed amet invidunt sadipscing eos ut stet elitr accusam nibh minim nonummy accusam ut amet invidunt consetetur dolore. Et ut diam at consetetur sed et lorem erat.\nSed consetetur kasd eleifend kasd sed ipsum kasd ipsum sed lorem. Clita iusto stet et. Consetetur kasd et commodo et dolores sadipscing eleifend et sadipscing. Duis wisi dolore. Sit enim adipiscing sanctus et et nulla.\nEt lorem et sit delenit sed qui magna minim invidunt vero sit in at tation tempor ut sit tempor. Takimata sit commodo gubergren ea takimata ad eos. Adipiscing ut veniam clita dolores veniam stet duo vero ut qui accumsan kasd voluptua eu lorem eirmod diam. At aliquyam magna et diam consequat magna nam dolore. Et eos iriure nonummy et diam ut stet labore ipsum sed vel exerci eros ea consequat. Amet nonumy et nonumy sea kasd et ipsum erat blandit rebum tempor diam lorem sea nostrud duis sea. Eos sadipscing et feugiat amet diam lorem diam lorem amet possim vero sanctus sed euismod invidunt luptatum. Labore gubergren duis in sed euismod no odio diam takimata dolore stet nonumy sit. Sit quis amet sed elit sed ipsum ullamcorper eleifend velit odio exerci. Takimata erat dolores ut nostrud gubergren at dolor molestie dolore erat in justo dolor. Sit iriure sed voluptua hendrerit est sanctus dolor diam sed tempor eirmod tempor erat dolor tempor kasd accusam nulla. Praesent nostrud dolor kasd erat dolore accusam ut.\nAutem kasd aliquip ut. Lorem tation amet ea sea dolor magna eirmod. Eos accusam vero amet diam amet labore facilisi velit sed ea est stet duo tempor. Ut velit ea accumsan rebum at soluta et kasd elitr vel iriure aliquyam accusam. Vel odio et sanctus no rebum voluptua. Invidunt accusam elitr facer elitr et aliquyam sed eum eos quod est eos et eirmod sadipscing congue tempor. Duo stet qui et dolor. Sit erat illum eos amet ea sed diam mazim ipsum justo eos ipsum et. Lorem sit sit et eum ut stet et justo consectetuer sea velit gubergren at et dolores. Eos elitr in elitr liber duo vel esse ut imperdiet velit dolor. Justo erat nostrud esse at stet blandit duis suscipit ipsum nisl. Dolore suscipit eirmod veniam vel soluta nulla nulla et eirmod clita labore sea.\nAccusam labore lorem eirmod dolore wisi no augue nihil diam accusam magna accusam et dolores diam sadipscing. Autem at sed te no aliquyam consetetur et sanctus consetetur aliquip labore tincidunt elit eum aliquyam magna minim. Kasd magna feugait volutpat sit nostrud amet aliquyam accusam consequat dolor cum sit dolor rebum. Kasd eirmod kasd voluptua duo sadipscing exerci minim consequat sea stet et sed iusto. Invidunt tempor sit et eirmod diam eos et sit diam sit hendrerit nihil hendrerit nulla suscipit ea erat. Consequat sadipscing justo lorem et sit iriure magna accusam eirmod sit ipsum assum autem doming kasd. Amet assum eros est nam et dolore lobortis et ut kasd vel. Et lorem in diam ut lorem dolor et eos magna veniam sea dolor clita est invidunt elit consetetur. Lorem elitr et diam ipsum ea voluptua vulputate accumsan ea et et elit dolore erat ipsum dolor rebum commodo. Doming voluptua sit vero nam dolor dolor est minim lorem volutpat molestie sed. Lorem lorem doming est. Vero magna elit voluptua ipsum blandit lorem labore sit et sadipscing sea et. Molestie at eos elitr amet diam sanctus lorem iusto at duo sit sit sed odio voluptua magna et eros. At sadipscing ea amet lorem consetetur nisl clita sit luptatum. Elit duis ipsum odio ut magna takimata option et aliquyam liber ullamcorper liber no erat. No adipiscing accusam elitr et magna eum. Dolor kasd eos nonumy dolor blandit consetetur lorem.\n","publishDate":"2022-06-19T22:51:29.4106174+00:00"},{"id":3,"title":"Book 3","description":"Dolor invidunt sit eirmod et consetetur eos eros. Dolores justo ipsum feugiat et facilisi consetetur. Amet vel sadipscing diam dolor ipsum ea diam sed vero. Augue et diam duo ex rebum. Takimata odio lorem kasd sed ut diam tempor tempor accusam et dolore. Et facilisis accusam nostrud diam diam tempor lorem stet dolore sed erat esse eirmod rebum rebum rebum dolor. Augue lorem adipiscing eos nulla eirmod lorem at. Ipsum te sadipscing erat no sed et voluptua amet suscipit sed accusam autem euismod dignissim in augue et. Aliquyam diam et clita et. Eirmod et minim ex sit magna liber facilisi invidunt. Dolore nonumy et et est et in dolores diam ullamcorper at justo elitr aliquyam dolor aliquyam accumsan veniam. Tempor placerat kasd eos dolor ipsum et sanctus consequat lorem ut placerat et et. Sadipscing ex nonumy clita tempor rebum justo sea nonumy eu kasd clita. Consectetuer dolore et amet. Rebum tempor sed et et nonummy amet in gubergren nonumy justo nonumy justo rebum sit duo tempor sit. Stet accumsan rebum vulputate labore sadipscing duis ut lorem diam sanctus dolores et ut consequat accusam ... (set the log level to DEBUG or TRACE to see the full content) 
 </msg>
<msg timestamp="20220621 19:51:30.797" level="INFO">C:\Python310\lib\site-packages\urllib3\connectionpool.py:1043: InsecureRequestWarning: Unverified HTTPS request is being made to host 'fakerestapi.azurewebsites.net'. Adding certificate verification is strongly advised. See: https://urllib3.readthedocs.io/en/1.26.x/advanced-usage.html#ssl-warnings
  warnings.warn(</msg>
<msg timestamp="20220621 19:51:30.801" level="INFO">${RESPOSTA} = &lt;Response [200]&gt;</msg>
<status status="PASS" starttime="20220621 19:51:27.922" endtime="20220621 19:51:30.801"/>
</kw>
<kw name="Log" library="BuiltIn">
<arg>${RESPOSTA.text}</arg>
<doc>Logs the given message with the given level.</doc>
<msg timestamp="20220621 19:51:30.814" level="INFO">[{"id":1,"title":"Book 1","description":"Kasd est sadipscing sed tempor sit autem aliquyam et kasd eos. Sed id delenit et amet duo esse sanctus eum in ut est no voluptua. Invidunt lorem kasd qui tation elitr in ut dolor vel gubergren. Facilisis aliquyam feugiat no dolor. Option ex clita at erat no mazim ipsum tempor dolore. Molestie iusto et amet et nostrud elitr et at labore clita liber dolores clita tempor dolores accusam stet. Lorem ipsum nonumy et no consetetur odio clita sea ut kasd. Aliquam dolor nulla amet at sed consequat voluptua blandit diam. Accusam dolor no consetetur consetetur eum sea in et consequat sadipscing nihil. Ea dolor takimata amet vel et. Odio magna at feugiat voluptua sed sed stet sea labore diam in in et sit. Enim ex diam et amet eros diam eirmod iriure dolore. Ut sed stet dolor vero dolor. Feugiat euismod sanctus ad duo vel dolores amet consequat stet sit dolor justo et ipsum ipsum veniam justo. Amet dolores erat sed invidunt dolor facilisis nisl.\n","pageCount":100,"excerpt":"Dignissim et et nonumy ut ut at sed dolor dolore voluptua ipsum sanctus diam dolor elitr vero. Diam invidunt hendrerit gubergren sit lorem dolor velit consequat duo et aliquyam tation. Eos dolore magna eirmod nulla sit lorem duis takimata stet quis tempor eu amet sanctus nonumy eos. Sadipscing et duis. Veniam gubergren consequat clita.\nUt quis et duo. Amet voluptua sed no. Dolor ea ipsum elitr congue dolore magna rebum feugait eirmod. Commodo kasd voluptua nam et lorem ea labore et iusto duo.\nDolor dolor et iriure stet ut dolore et magna diam feugiat diam justo accusam erat. Erat invidunt eirmod iusto est justo autem ad dolore blandit euismod kasd gubergren eirmod no eu takimata dolor vero. Lorem nisl sit elitr iusto duis dolores. Iriure euismod est. Dignissim lorem sed tempor congue consequat amet et et stet et ad no eleifend et elitr aliquyam clita. Accusam imperdiet exerci diam amet. Amet et sadipscing qui tincidunt. Sit dolor no et takimata. Placerat aliquyam est. Ullamcorper erat vero diam tempor consequat sanctus lorem euismod nonumy gubergren vero et assum sadipscing sed aliquyam. Ex justo dolor autem ut sit lorem sit justo sed luptatum. Sea diam dolore justo. Sadipscing dolore sea dolore. Te nonumy amet sit nibh diam stet accusam dolore feugiat dolores vero.\nDolor clita amet feugiat nonumy liber ea erat eirmod facilisis eleifend justo at. Commodo lorem esse eos esse eos gubergren stet cum ut. Accusam tempor congue erat ut facilisis labore amet et ea at ipsum sadipscing. Autem et aliquyam sit consequat eirmod nam ipsum et nonumy eos elitr diam facilisi eirmod elitr nonumy nulla. Sed velit duo esse sit ipsum et dolores at at kasd in dolor nonummy ipsum diam in. Kasd et sed dolore wisi et sadipscing nulla elitr et diam takimata takimata ad. Eirmod ipsum consequat tempor magna erat sed praesent accusam eum diam sanctus. Elit erat aliquam praesent erat stet sed takimata autem sadipscing duo. Elitr et kasd wisi eos qui justo dolores sadipscing rebum euismod diam diam gubergren labore duis dolore vero. Sanctus vel sit ut nonummy sed erat no consetetur dolor kasd veniam dolor ipsum erat diam takimata laoreet dolor. Sed sea nonumy est eu molestie dolore ut dolore commodo. Ut illum eos kasd dolores nonumy tempor commodo et amet no. Magna et stet lorem sed vulputate. Nibh vero justo. No ipsum sea ut vulputate consetetur lorem sadipscing vero quis ut takimata hendrerit liber invidunt sadipscing sed.\nIpsum accusam duo dolore sea sanctus eu sit elitr dolores nobis et nibh ut et ea stet nulla molestie. Est illum invidunt erat dolor dolor eos sed stet aliquyam id no. Amet et nulla sed et amet vel no vero laoreet.\n","publishDate":"2022-06-20T22:51:29.4105289+00:00"},{"id":2,"title":"Book 2","description":"Facilisi nonummy vero lorem sed eos molestie sed. Molestie aliquam vel rebum labore kasd dolore lorem no lorem et. Ut eros ut aliquyam vero sit eros dolores gubergren dolore sadipscing no magna vero aliquyam amet at. Ea gubergren erat.\n","pageCount":200,"excerpt":"Minim sea autem dolore dolore ipsum no et iusto lorem congue accusam amet magna. Labore diam takimata vero kasd nam facilisis laoreet consequat eu est dolore quod tempor iusto. Hendrerit amet nonumy assum et clita. Sit ea dolor. Hendrerit sanctus sit labore eirmod amet duo tempor eirmod invidunt vel vero et nonumy sit stet odio ut et. Eum et sed sanctus diam velit invidunt esse sanctus stet. No hendrerit facer tempor. Dolore amet esse ullamcorper at option dolor. Ipsum at tempor amet diam amet clita dolores consetetur duo. Iusto luptatum autem consetetur duis takimata commodo ex voluptua et dolor et et. Ad aliquyam sed duo et no dolor consectetuer quis sea dolore invidunt et amet liber ut. Luptatum vero ipsum labore justo. Dolores amet magna eos lorem voluptua lorem feugiat no labore. Accumsan justo dolor dolore consetetur feugait at diam tempor amet sed augue hendrerit facilisi amet lorem dolor labore. Duo sit vel amet no minim ipsum clita ipsum nam ipsum clita vero ut ipsum. Dolor blandit sanctus accusam amet sit consetetur dolore duo nisl nonumy in ut lorem. Sea clita sit dolores ipsum kasd sadipscing elitr ipsum ut takimata elitr ut lobortis euismod. Sed amet invidunt sadipscing eos ut stet elitr accusam nibh minim nonummy accusam ut amet invidunt consetetur dolore. Et ut diam at consetetur sed et lorem erat.\nSed consetetur kasd eleifend kasd sed ipsum kasd ipsum sed lorem. Clita iusto stet et. Consetetur kasd et commodo et dolores sadipscing eleifend et sadipscing. Duis wisi dolore. Sit enim adipiscing sanctus et et nulla.\nEt lorem et sit delenit sed qui magna minim invidunt vero sit in at tation tempor ut sit tempor. Takimata sit commodo gubergren ea takimata ad eos. Adipiscing ut veniam clita dolores veniam stet duo vero ut qui accumsan kasd voluptua eu lorem eirmod diam. At aliquyam magna et diam consequat magna nam dolore. Et eos iriure nonummy et diam ut stet labore ipsum sed vel exerci eros ea consequat. Amet nonumy et nonumy sea kasd et ipsum erat blandit rebum tempor diam lorem sea nostrud duis sea. Eos sadipscing et feugiat amet diam lorem diam lorem amet possim vero sanctus sed euismod invidunt luptatum. Labore gubergren duis in sed euismod no odio diam takimata dolore stet nonumy sit. Sit quis amet sed elit sed ipsum ullamcorper eleifend velit odio exerci. Takimata erat dolores ut nostrud gubergren at dolor molestie dolore erat in justo dolor. Sit iriure sed voluptua hendrerit est sanctus dolor diam sed tempor eirmod tempor erat dolor tempor kasd accusam nulla. Praesent nostrud dolor kasd erat dolore accusam ut.\nAutem kasd aliquip ut. Lorem tation amet ea sea dolor magna eirmod. Eos accusam vero amet diam amet labore facilisi velit sed ea est stet duo tempor. Ut velit ea accumsan rebum at soluta et kasd elitr vel iriure aliquyam accusam. Vel odio et sanctus no rebum voluptua. Invidunt accusam elitr facer elitr et aliquyam sed eum eos quod est eos et eirmod sadipscing congue tempor. Duo stet qui et dolor. Sit erat illum eos amet ea sed diam mazim ipsum justo eos ipsum et. Lorem sit sit et eum ut stet et justo consectetuer sea velit gubergren at et dolores. Eos elitr in elitr liber duo vel esse ut imperdiet velit dolor. Justo erat nostrud esse at stet blandit duis suscipit ipsum nisl. Dolore suscipit eirmod veniam vel soluta nulla nulla et eirmod clita labore sea.\nAccusam labore lorem eirmod dolore wisi no augue nihil diam accusam magna accusam et dolores diam sadipscing. Autem at sed te no aliquyam consetetur et sanctus consetetur aliquip labore tincidunt elit eum aliquyam magna minim. Kasd magna feugait volutpat sit nostrud amet aliquyam accusam consequat dolor cum sit dolor rebum. Kasd eirmod kasd voluptua duo sadipscing exerci minim consequat sea stet et sed iusto. Invidunt tempor sit et eirmod diam eos et sit diam sit hendrerit nihil hendrerit nulla suscipit ea erat. Consequat sadipscing justo lorem et sit iriure magna accusam eirmod sit ipsum assum autem doming kasd. Amet assum eros est nam et dolore lobortis et ut kasd vel. Et lorem in diam ut lorem dolor et eos magna veniam sea dolor clita est invidunt elit consetetur. Lorem elitr et diam ipsum ea voluptua vulputate accumsan ea et et elit dolore erat ipsum dolor rebum commodo. Doming voluptua sit vero nam dolor dolor est minim lorem volutpat molestie sed. Lorem lorem doming est. Vero magna elit voluptua ipsum blandit lorem labore sit et sadipscing sea et. Molestie at eos elitr amet diam sanctus lorem iusto at duo sit sit sed odio voluptua magna et eros. At sadipscing ea amet lorem consetetur nisl clita sit luptatum. Elit duis ipsum odio ut magna takimata option et aliquyam liber ullamcorper liber no erat. No adipiscing accusam elitr et magna eum. Dolor kasd eos nonumy dolor blandit consetetur lorem.\n","publishDate":"2022-06-19T22:51:29.4106174+00:00"},{"id":3,"title":"Book 3","description":"Dolor invidunt sit eirmod et consetetur eos eros. Dolores justo ipsum feugiat et facilisi consetetur. Amet vel sadipscing diam dolor ipsum ea diam sed vero. Augue et diam duo ex rebum. Takimata odio lorem kasd sed ut diam tempor tempor accusam et dolore. Et facilisis accusam nostrud diam diam tempor lorem stet dolore sed erat esse eirmod rebum rebum rebum dolor. Augue lorem adipiscing eos nulla eirmod lorem at. Ipsum te sadipscing erat no sed et voluptua amet suscipit sed accusam autem euismod dignissim in augue et. Aliquyam diam et clita et. Eirmod et minim ex sit magna liber facilisi invidunt. Dolore nonumy et et est et in dolores diam ullamcorper at justo elitr aliquyam dolor aliquyam accumsan veniam. Tempor placerat kasd eos dolor ipsum et sanctus consequat lorem ut placerat et et. Sadipscing ex nonumy clita tempor rebum justo sea nonumy eu kasd clita. Consectetuer dolore et amet. Rebum tempor sed et et nonummy amet in gubergren nonumy justo nonumy justo rebum sit duo tempor sit. Stet accumsan rebum vulputate labore sadipscing duis ut lorem diam sanctus dolores et ut consequat accusam duo. Sit sit dolore stet. Dolor et velit labore kasd ut eos et stet esse sadipscing tempor in lorem amet. Tempor et sadipscing sit eirmod est eirmod dolor ipsum velit consetetur erat eos.\n","pageCount":300,"excerpt":"Euismod lorem dolor et takimata ad no invidunt amet magna duo elitr amet vero. No est duo. At clita eirmod amet vero illum dolor amet duis odio vero.\nEt amet dolore tempor elitr vero in et amet invidunt vulputate ea justo stet tempor erat lorem feugiat. Consetetur at magna. Facer wisi justo voluptua elit voluptua nulla wisi rebum accusam clita ipsum consectetuer gubergren clita et ipsum. Illum consequat diam wisi dolor lorem consequat lobortis nulla et vero et lorem in nostrud clita elitr eirmod. Ipsum consetetur takimata consectetuer velit. Consetetur blandit diam stet amet sadipscing nulla sed invidunt sed ipsum stet at et ut eos. Tempor ipsum sed sit accusam nostrud consetetur dolore blandit sea rebum lorem dolore nonummy vel est. Placerat tempor sadipscing et accusam tempor sed nulla rebum et dolore ipsum dolores accusam. In stet lorem assum dolore magna vero. Adipiscing feugiat justo ut. Ut lorem eos sit laoreet dignissim te. Dolor dolor ea kasd rebum sit sanctus kasd sit in. Molestie nonumy ut duo aliquam consetetur. Takimata dolores autem nonummy dignissim ipsum volutpat tation amet kasd nisl kasd elitr dolor diam lorem. Et exerci feugiat labore kasd sit amet dolores sanctus dolores vel.\nInvidunt dolor takimata aliquip dolore sadipscing amet molestie sit dolore sea accusam ipsum sit diam diam erat. Sadipscing sed diam dolores ea duis diam. Dolores cum gubergren facilisis. Vero nonumy feugiat vero no lobortis vulputate vel dolore eirmod no hendrerit. Et sit sea et. Vero sanctus zzril lorem magna diam qui eu. Veniam consectetuer diam ea diam ad voluptua ut et accusam est erat lorem dolor justo sed tempor. Amet ipsum nulla consetetur tation consetetur dolores ex elitr accusam molestie eos suscipit justo ipsum sit. Ipsum at et lorem eos et ex delenit justo amet duo vero duis duis ad. No velit voluptua clita duo at dolore commodo sed takimata nonumy autem no. Magna et no wisi et luptatum. Sit eos vel kasd rebum nonumy amet elit sadipscing erat sadipscing at augue imperdiet amet nonumy labore sed erat.\nStet amet eleifend accusam possim et duo lorem lorem dolor dolore clita stet. Praesent vero sit lorem aliquip tempor rebum ut eu amet suscipit delenit vero et magna vero molestie tempor. In congue tation dolore diam at accusam sed. Sed dolore stet sit ut in dolore autem nobis. Elitr takimata at. Est odio dolore at clita et dolores sed feugiat iriure nonumy iusto. Erat amet diam erat sit dolore stet sanctus duis magna sit. Duo illum est facer nostrud delenit nobis stet clita ipsum kasd elitr lorem no. Justo tempor justo hendrerit vero. Gubergren iusto duis at amet sea erat ea nulla voluptua nonumy. Nulla sadipscing ut eum. Et sed nam feugait ea at ut ut aliquyam. Accusam at justo takimata gubergren nonumy amet sea stet sanctus et eu. Et luptatum ex diam est takimata diam. Est magna eirmod tation dolore. Justo enim clita aliquyam at et sit exerci amet. Justo ipsum vel eum justo eos nonumy nisl labore sanctus. Diam ea duis ipsum sed at feugait dolores diam ea amet ipsum dolore.\nUt at no ea aliquyam diam erat nonumy sea takimata consetetur mazim wisi magna. Vel eos est invidunt ut congue rebum consequat. Sed elitr in vel clita justo option amet zzril takimata nam rebum feugait justo sit. Dolore diam laoreet sed blandit dolor consetetur volutpat. Magna autem clita clita et rebum eirmod gubergren enim vero consequat sed sit. Nonumy voluptua lorem elitr nostrud hendrerit aliquam voluptua est tempor amet eu laoreet sanctus consetetur doming et. Et vero feugiat mazim eirmod at. Sadipscing justo est aliquyam amet eos eum magna lorem molestie ea ex gubergren cum. Est est sed takimata consequat elitr sed ea amet duo ut zzril et sadipscing aliquyam enim nonumy vero commodo. Vero enim sit diam dolore tempor commodo et blandit erat elitr eos erat sadipscing sit. Sit no nonumy justo et lobortis est. Sadipscing suscipit nibh tempor assum eos gubergren elit kasd stet lorem gubergren sea rebum tation. Stet volutpat ipsum ipsum diam. Magna diam dolore ea. Vero ut aliquyam amet ipsum gubergren dignissim gubergren mazim erat quis invidunt nulla justo magna accusam elitr nonumy. Cum vulputate esse eos sanctus magna sanctus et labore nonumy eirmod lorem amet ut gubergren ut dolor magna. Dolor lorem nam. Justo in ipsum illum dolor est veniam nobis. Nonumy magna amet dolor est elit vero invidunt ea.\n","publishDate":"2022-06-18T22:51:29.4107198+00:00"},{"id":4,"title":"Book 4","description":"Tempor lorem aliquyam et sit dignissim illum consequat hendrerit accusam eirmod elitr sit. Magna labore dolor veniam accusam erat. Takimata sed sea vero ut et commodo ea takimata ut. Et et et sed sea eirmod molestie ea aliquip consetetur. Ut sit sed ipsum eirmod ut iriure accusam diam dolor ipsum lorem et vero ipsum sed lorem tempor. Nisl feugiat tempor soluta lorem diam duo tempor vel ipsum aliquyam est iriure in amet eos gubergren. Eu doming quis vulputate ut enim no eos est ut eos. Eu ut at aliquam vero ea qui duo. Sed eirmod ipsum dolor nulla voluptua lorem at diam quod dolor clita feugait luptatum tation dolor justo dolore. Hendrerit erat in et rebum nonumy consequat sit sed eos. Sit labore elitr sed dolor sea minim dolore sed diam est ut magna. Et sadipscing eirmod ipsum. Sed lorem ipsum erat et diam justo accusam labore sit sadipscing magna exerci aliquip ipsum augue augue et. Voluptua nisl at dolores erat tempor in rebum gubergren no sed nulla vero nonummy. Amet et sadipscing consetetur sit delenit erat dignissim nonummy nonumy invidunt vero minim et sanctus erat gubergren takimata odio. Praesent invidunt invidunt lorem voluptua voluptua stet feugiat stet dolor zzril lorem. Vel liber cum ut vulputate justo odio et duis. Sed et aliquyam at duis ipsum stet dolore nonumy sed dolores nulla tincidunt lorem et duo amet. Consetetur et dolor takimata et dignissim voluptua feugiat nulla nulla.\n","pageCount":400,"excerpt":"Ea eirmod labore eos elitr accusam vel et dolor. Duis eum voluptua at suscipit no diam suscipit ipsum et vero lorem consetetur. Diam molestie augue nulla lorem aliquyam eos diam quis ut takimata. Hendrerit liber vulputate sit erat elit aliquyam ipsum tation et dolore facilisis et blandit eleifend eirmod et. Lorem duis dolor kasd sit dolor tempor diam magna. Takimata no tempor ullamcorper. Voluptua sit at nulla. Dolores exerci ipsum aliquyam. Invidunt diam et clita ea esse.\nNonumy invidunt nihil duo kasd suscipit tempor in dolores vulputate magna. Ut lorem iusto nibh et. Consetetur dolor diam eirmod diam stet dolore sed gubergren vel sadipscing voluptua et et est gubergren. Nonumy et sea ipsum ad euismod justo lorem et esse possim zzril dolore volutpat labore esse. Ad nibh aliquam ut amet elit invidunt consequat duis iusto duo sed dignissim sed invidunt et est. Sadipscing zzril lorem dolore. Laoreet eirmod justo dolor elitr stet. Ea accusam takimata dolor dolore gubergren voluptua imperdiet sadipscing erat et ut duo sanctus eirmod. Justo vero cum et diam illum erat eirmod ipsum. Magna amet ea diam. Consetetur eos et lobortis rebum ut dolore laoreet voluptua justo sed nonumy nisl euismod sit. Facilisi sit iriure duo diam ut nisl molestie lorem elitr. Vero molestie sanctus eos dolore et labore diam feugait veniam dolores feugait. Ipsum illum in voluptua dolores dolor at erat sit sed. Illum et vero dolor justo sit eirmod elitr eirmod illum facilisis sit consectetuer sit dolor vero. Et nulla erat takimata diam ipsum dolore nonumy wisi labore dolores dolor vel diam at. Lorem tation amet ut tempor no mazim in at ullamcorper sea gubergren et.\nAccusam dolore ut clita nonumy ea amet gubergren praesent te hendrerit eos amet accusam. Velit consetetur ipsum elitr feugiat sea sit lorem et. Amet eirmod amet dolor consetetur et. Clita at amet duo consectetuer clita in sed lorem duis vero nihil. Ex takimata justo suscipit accusam consectetuer sit feugait amet dolor lorem. Ea ex eirmod kasd amet facilisis nulla eirmod. Ipsum eros diam et sit eu diam enim et dolore elitr stet quod nonumy. Dolor quis eos facilisis doming sit magna et te ad volutpat sadipscing ut. Eirmod lorem et ullamcorper sed nobis magna sadipscing ut ipsum. Duo sit vel elitr. Ut in wisi. Gubergren et amet erat kasd exerci nobis esse esse. Ea in at sed. At justo eum dolor. Sit sea at erat nibh ut amet voluptua aliquyam vel. Magna iriure et at gubergren voluptua sed eos consequat sit kasd diam sed lorem feugiat sadipscing dolores.\nSuscipit velit eirmod sea et volutpat. Dolores et ut et euismod accumsan tempor sed labore consetetur ipsum. Velit amet et ipsum dolor nam ut magna ex vero invidunt. Wisi vulputate aliquyam nonumy eos sadipscing sit iusto. Est gubergren sanctus vel elitr eum. Facer eirmod lorem dolore diam augue dolores justo. No clita accusam et velit kasd elitr et invidunt diam eirmod at. Vero in elitr lorem eu. At facilisis consectetuer no stet. Nostrud dolores velit consequat nulla est magna nibh congue stet takimata amet diam sit dolor dolores.\nIpsum sanctus sea feugait sea ad dolor te. Duo erat et accumsan kasd. Et aliquyam consetetur odio ea sanctus labore dolor lorem gubergren veniam labore at at zzril. Ut qui voluptua sanctus dolore at et elitr voluptua amet dolore elitr ipsum nobis zzril diam rebum elitr. Et amet magna tempor dolore duo et no gubergren et at minim invidunt sit clita et ipsum elit sanctus. Sed ipsum magna autem clita dolor vero et et. Labore in illum amet id sanctus elitr kasd.\n","publishDate":"2022-06-17T22:51:29.4108101+00:00"},{"id":5,"title":"Book 5","description":"Justo ea vero voluptua ut consequat nulla sed sed diam dolor euismod no dolor labore nulla ipsum. Takimata invidunt elitr esse diam et consetetur. Dolor invidunt facilisi sanctus kasd tempor et ea ea at eos quod erat et amet consequat eros. Dolores vel dolore sea et sit in iusto lorem no consetetur dolore nonumy. Dolore voluptua eleifend ad ea sit nonummy wisi nisl. Ut no illum est vulputate ut invidunt. Clita takimata voluptua erat euismod aliquip invidunt est et tincidunt sit feugiat invidunt. Ut sadipscing exerci iusto sed tempor esse.\n","pageCount":500,"excerpt":"Dolor rebum iusto blandit at dolores invidunt dolor. Iusto et accusam luptatum vero dignissim diam amet nulla stet justo ipsum rebum accusam duo no. Gubergren sed ipsum sed. Lorem ut zzril ut. Accusam tempor facilisis esse aliquyam sit et no consectetuer augue lorem invidunt sed diam amet feugiat et in ipsum. Sed justo ullamcorper dolores dolore nulla euismod. Magna wisi ut dolor illum soluta et no delenit laoreet diam takimata magna clita eu. Esse at eirmod sit commodo hendrerit dolore consetetur gubergren amet iriure enim amet erat ipsum suscipit. At lorem dolores minim ipsum dolore tation et velit nulla ea magna amet sea diam facer stet. Duo liber et accumsan labore sit. Sed labore sanctus sadipscing vel dolor vero illum est est nonummy luptatum blandit justo diam autem dolor. Et ipsum mazim autem sed dolores diam magna aliquip autem amet dignissim justo invidunt lorem accusam. Dolor nobis eos est sit esse sit diam dolor sit diam dolore feugiat amet sanctus. No eum labore praesent wisi sadipscing nonumy ea ex amet amet et ea. Elitr esse ea sea odio ipsum eos kasd ipsum rebum. Et nonumy et stet est vero.\nDuo gubergren exerci. Lorem eum sed vero sea laoreet sit elitr dolores consetetur et vero eos ea accusam ut no sit lorem. Et voluptua congue ipsum et nostrud aliquyam diam elitr nonumy amet dolor feugiat justo te amet dolore lorem. Lobortis dolor accusam eirmod facilisi in. Dolor nonumy erat ipsum ut et nibh zzril delenit sed et. Est ad et aliquam qui erat sadipscing odio kasd lorem est voluptua sadipscing tincidunt facilisis eros. Congue tempor takimata dolore labore feugiat accusam sed sadipscing ipsum diam rebum amet est eu erat ut amet. Ea aliquip clita te dolore ut iriure sadipscing ut iriure sanctus at kasd lorem laoreet. Diam no vero lorem autem invidunt nonumy sea takimata et takimata duis lorem takimata dolor duo at sadipscing amet. Rebum sanctus vel id et molestie et augue invidunt kasd. Kasd eum diam in ipsum adipiscing imperdiet ut erat.\nLabore dolores erat lorem amet sed delenit nonumy lorem justo elitr kasd molestie augue ea dolores et clita ea. Vero dolor feugiat amet sit sadipscing amet. Est eum et et eirmod ipsum nonumy nulla ea magna sed consetetur ea ipsum dolore luptatum justo. Ipsum consetetur eirmod rebum magna veniam delenit dolor. At clita et lorem volutpat stet liber dolores takimata et voluptua placerat nisl et sanctus consequat quis. Liber amet dolor nisl lorem diam labore sanctus velit nonumy diam amet tempor stet dolor et. Sea dolore nonumy est rebum sed magna dolore dolores elitr sadipscing blandit accusam ex at et elitr no vulputate. Diam tempor accusam consequat wisi eos amet voluptua nibh sanctus dolore. Et nulla ipsum ut volutpat ea takimata facer ipsum. Et invidunt sed nam duo esse erat. Ut sanctus et in duis et elitr at suscipit sed sed lorem at. Invidunt volutpat et consequat tempor est labore tempor invidunt amet dolor congue. Nisl sadipscing no vero dolore veniam dolor et sit ipsum at sit sadipscing feugiat. Vero ea duis sadipscing dolore eos duo accumsan takimata accusam magna sadipscing clita ut. Sed erat ipsum consectetuer takimata lorem zzril vel invidunt vulputate erat in nonumy rebum lobortis ex gubergren dolor eirmod. Et ullamcorper ipsum et.\nUt dignissim dolor sed accusam labore rebum justo sed duo ipsum nibh at ipsum ullamcorper rebum diam lorem lorem. Eu id ipsum hendrerit. Vel vero velit et qui voluptua dolore qui et veniam aliquyam.\nDiam consetetur sed velit tempor tempor ea ut gubergren in sanctus voluptua nonumy amet. Amet accumsan sea dolore stet option amet duis ut dolor elitr elitr et eos invidunt ut sed aliquyam et. Sadipscing dolor diam tation luptatum invidunt. Velit ut duis lorem sea dolor et ex vel odio magna lorem eum vel consectetuer magna gubergren nostrud facilisis. Nibh dolore vero eu et stet. Justo erat amet justo dolores diam facer ut aliquyam sed. Labore vel amet lorem diam eum lorem dolore accusam amet aliquyam et. Amet tempor ut. Sanctus sadipscing facilisis aliquyam amet amet sit ut dolor clita rebum sadipscing diam ut. Eum et euismod magna sanctus nibh sed quis praesent augue sadipscing amet et rebum. Accumsan erat sadipscing consetetur erat et. Aliquyam eirmod sit amet erat elitr autem duo cum aliquyam duis sed tempor nonummy. Takimata erat accusam eu eu sit molestie erat nostrud erat consetetur diam nonummy dolore sit sit sanctus. Ipsum sed ipsum rebum kasd eum amet et rebum kasd clita commodo nibh. Sanctus eos eos. Sanctus nulla nonumy ipsum amet.\n","publishDate":"2022-06-16T22:51:29.4109+00:00"},{"id":6,"title":"Book 6","description":"Ea ut ea ea aliquip ut labore vero minim nonumy vulputate dolore vero sit gubergren gubergren praesent ea vero. Clita duo dolores lorem sed no tempor nulla quod no clita sit tempor nonumy sit. Molestie ut eos nibh nonummy at rebum eirmod. Elitr nonumy illum dolor ipsum ullamcorper. In consetetur rebum wisi justo et. Eirmod magna amet labore tation diam elitr sadipscing tation liber. Dolore ex et dolor luptatum invidunt est erat vero ipsum labore. Sit aliquyam erat vero magna consetetur sed. Hendrerit erat tincidunt kasd sit et diam euismod kasd ut amet accusam at nulla. Sanctus esse quod kasd diam kasd nonumy elitr sed tempor tincidunt. Tempor ut dolore. Eu gubergren diam eos eirmod eos et ut volutpat. Erat justo vulputate. Stet ea luptatum zzril minim consequat magna dolore ea eirmod ex laoreet et sea.\n","pageCount":600,"excerpt":"Ipsum ipsum exerci lorem duo ut aliquip sanctus dolore et et eos consetetur aliquyam magna accusam. Erat diam ullamcorper amet eos est ut laoreet duis duo dolor nonumy in sea ea rebum. Sadipscing at diam takimata dolor suscipit erat eros volutpat consequat ut sed nonumy ut. Sed in lorem duo sit duo magna dolor iusto sit dolor est ea vel nulla sea amet no sed. Takimata kasd stet et amet rebum dolore et ipsum amet magna dolor et erat placerat dolor. Et duo wisi stet suscipit sanctus eu at tempor dolore at no dolore labore eos at ipsum dolores est. Dignissim tempor consequat sed at amet ut dolore takimata et magna amet sanctus lorem diam sed ea takimata dolores.\nSanctus rebum ipsum. Veniam ea ea dolore dolores invidunt stet clita voluptua dolor. Tempor tempor sanctus sed. Ipsum et rebum eirmod aliquyam dolore ut vero sed augue nostrud enim amet. Wisi diam clita imperdiet kasd aliquyam facilisi lorem in tempor eros sea erat accusam commodo eirmod eum sit. Lorem tempor ut et rebum magna consetetur aliquyam nonumy et. Id no magna et tempor sit vero diam doming dolor consetetur lorem. Sit stet voluptua diam amet ipsum ipsum dolores no erat diam tation aliquyam diam ipsum diam. Consectetuer justo sea diam elitr dolore vero lorem molestie. Et accusam ut placerat sadipscing nonumy. Tempor dolor lorem ipsum.\nAt nisl invidunt. Eirmod quod euismod stet eros stet sadipscing erat vel sed at tempor luptatum ipsum vero amet in. Dolor ut liber et dolor at ipsum sit clita delenit et consetetur dolores labore lorem nonumy duo ipsum sea. Takimata sea facilisis amet. Ipsum aliquyam sit invidunt amet sed. Suscipit stet takimata ut delenit ut et sit gubergren elit dolor. Voluptua amet vero sed stet sanctus congue lorem elitr facer dolor nonumy invidunt consetetur magna lorem. Et gubergren elit vel et nonumy nulla duis in delenit labore ipsum sea. Sit takimata amet invidunt. Invidunt nonumy assum autem amet feugait eos rebum.\nGubergren lorem duis labore dolore facilisi magna hendrerit eu blandit kasd erat augue sed facilisi enim. Et ea dolor dolore vero. Nonumy delenit est dolore aliquyam consetetur voluptua invidunt vero ipsum sea sed feugiat est diam. Lorem et ipsum et esse laoreet sit consetetur dolor sanctus et lorem sanctus et vero lorem. Amet iusto facilisi ipsum laoreet sed iriure ipsum dolores invidunt ut dolore kasd ipsum no at et diam sed. Ipsum eos esse ex clita vel eos nisl et sit. Ad vero eum consequat dolore assum lorem lobortis. Sed ipsum duo diam facer no ea tincidunt stet. Diam elitr vel exerci labore et est ipsum elitr est amet eirmod dolore eirmod placerat takimata erat tempor. Id at et veniam ut aliquam. Ipsum lorem rebum dolor molestie iriure in sit sanctus volutpat labore elit no. Clita illum ut praesent magna dolor diam aliquyam iriure elit erat dolore sed vulputate sit. Sit est ut eu ex eos. Aliquyam in sanctus rebum ipsum. Accusam et stet erat laoreet et feugait tation stet gubergren consequat ipsum vero eirmod lorem eos soluta dolores takimata. Ea no aliquyam rebum eros kasd diam no et sit at facilisi dolor ipsum vero eros dolor. At est kasd dolore et. Amet ut laoreet qui gubergren ea tempor nonumy eos no consectetuer elit sadipscing option. Vero voluptua ea invidunt consectetuer ut rebum amet voluptua ad aliquam takimata.\nInvidunt dolores erat voluptua magna rebum sanctus et magna dolores takimata. Invidunt labore consetetur ipsum clita blandit ut sit vel sed doming et diam eum. Vulputate zzril diam esse. Vero imperdiet stet sed. Tempor in amet ad in vero dolores erat. Ipsum stet sit sed sit est accusam erat stet vero diam stet rebum diam. Dolores eirmod erat at.\n","publishDate":"2022-06-15T22:51:29.4109772+00:00"},{"id":7,"title":"Book 7","description":"Sea rebum dolor exerci sea voluptua ut eirmod sanctus ipsum erat tempor ipsum id eos eirmod invidunt. Wisi ullamcorper voluptua sed tincidunt ut no et delenit et dolor eirmod consetetur eirmod magna sed nulla adipiscing. Diam diam sed invidunt sadipscing. Vulputate sed voluptua gubergren ex. Erat aliquip elitr gubergren te ut. Lorem dolores zzril ut aliquyam dolor feugait dolor. Et sanctus elitr ut sanctus diam luptatum. Placerat lorem aliquip sed ipsum sea et ea. Dolores labore consequat invidunt diam hendrerit ipsum ipsum no dolore et at feugiat nonumy et est magna tempor. Duo enim duo diam ut doming. Accusam takimata labore aliquip gubergren feugiat tempor kasd aliquyam facilisis dolores eos dolor. Nonumy tempor sadipscing elitr elitr accusam voluptua ea enim consequat. Et rebum imperdiet blandit dolore. Sit no exerci lorem sit ea stet et sea esse consequat euismod voluptua nonumy elitr sea ipsum delenit. Elitr dolore elitr vulputate duis at at lorem at nonumy soluta feugait. Duis magna ea vel eirmod invidunt sadipscing et. Justo ut et kasd erat et diam duis feugiat consetetur magna elitr nibh dolor. Qui sit vero et.\n","pageCount":700,"excerpt":"Illum et stet dolor dolore amet eos no aliquam dolores laoreet lobortis clita dolore takimata facilisi. Justo et ut sed at lobortis at facer justo labore diam stet elitr sed accusam sanctus. Adipiscing sadipscing justo feugait hendrerit nonumy vero est clita sed nulla ut veniam ea dolor diam nonummy. Nonumy consequat sed sed. Cum aliquyam sit clita commodo sit nonummy magna ut. Sit diam stet tempor tation et laoreet dolore eos rebum. Sit ut invidunt dolor est ut erat tempor magna. Duo diam diam dolores stet sadipscing dolores takimata no soluta et at takimata voluptua duo. Diam et ipsum adipiscing diam justo stet et ipsum amet et at nihil gubergren magna magna. Ut vel et molestie dolore erat et est. Rebum kasd elitr at sed dolor sit dolores amet sea sed dolore. Lorem facilisis est magna justo lorem nonumy vero ipsum sanctus sed invidunt dolore elitr voluptua molestie. Et autem nulla ex lorem ipsum stet consetetur ut in. Nonummy ea et takimata possim eos ut lorem praesent velit sanctus. Lorem voluptua et vero sit ut amet et vero sit diam lorem facilisis aliquam. Amet invidunt at erat dolore iriure et dolor et ut. Illum no accusam sed dolores dolor. Sed ea elitr velit duis adipiscing sadipscing magna laoreet lorem rebum nisl. Kasd et at diam quod elitr dolores in feugait justo sed et nonumy.\nInvidunt ea sit sit dolore sea iusto est vulputate sanctus dolore consetetur stet sit vero voluptua ex. Labore elitr zzril ipsum amet nisl ullamcorper erat dolor ea sit stet placerat suscipit. Sea duo iusto vero facilisis voluptua sadipscing eirmod rebum consectetuer labore magna dolore et in dignissim elitr consetetur. Est eos et dolores molestie. Vero ex eirmod takimata in voluptua dolore ipsum. Et adipiscing invidunt dolor diam ut ullamcorper. Amet ea ut dolore sanctus at clita amet ipsum sit. Tempor sadipscing iusto dolores voluptua adipiscing est te. Ad et vero ut. Aliquip dolor sed ut sed lorem consequat stet in qui et duo diam nulla voluptua at sit sea eos. Dolores ut molestie. Aliquyam nonumy invidunt no dignissim tempor facilisis in erat iriure hendrerit et et iriure sed.\nSed et tempor labore. Sed sadipscing blandit commodo lorem vel dolor est nibh labore duo et est ut. Amet feugait eleifend sanctus in ut ad tempor ipsum soluta consectetuer sit esse rebum sadipscing. Dolor ut at dolor voluptua sed diam soluta magna sed voluptua clita lobortis est sit facer elitr amet. Ea vero no at ad et est ea amet. Vel rebum sed vulputate nonumy velit esse rebum nonumy. Nisl vulputate dolor at commodo facilisis justo lorem ipsum ut sit. Magna no kasd et. At sadipscing et facer amet consetetur lorem rebum sed justo consetetur illum labore sit sea lorem et et sed. Nonumy ipsum eirmod sanctus sanctus gubergren clita exerci diam sea dolore laoreet dolores nam et invidunt dolores dolor no. Lorem sed magna voluptua quod delenit autem sanctus duo amet ipsum aliquyam et amet nostrud consetetur sanctus. Dolore sed dolore gubergren ad esse invidunt ex et diam aliquyam sed eirmod magna clita. Diam no vero amet erat gubergren.\nVelit dolor sed minim sea et consetetur et magna amet diam aliquyam amet lobortis stet. Diam diam delenit et. At clita sadipscing tempor ipsum duo duo amet consetetur duo vero vero iriure et ut. Iriure gubergren consetetur et nibh kasd stet et magna nulla aliquyam sit amet est. Eum congue amet diam ut dolores ut no lorem voluptua eos invidunt dolore. Accusam illum dolor sed lorem et aliquyam dignissim eirmod dolore commodo quis vero sit no augue et lobortis sea. Iriure aliquyam duis sadipscing amet autem ut sit diam takimata. At hendrerit accusam euismod eos velit duo et nonumy sea elitr. Dolor consetetur quod sadipscing et duo elitr diam ipsum kasd est. Elitr ut no sanctus elitr no erat delenit no ipsum hendrerit accusam. Soluta velit amet ipsum sed justo ea.\nInvidunt enim elitr ea dolores aliquip ipsum vulputate dolores rebum. Invidunt et eirmod nonummy laoreet labore aliquyam lorem sit aliquyam lorem aliquip laoreet voluptua eirmod dolore. Esse sea kasd ut. Lorem praesent sed invidunt sea takimata dolore luptatum. Et quis invidunt magna et consequat. Clita sed eirmod invidunt sed elitr tempor. Sit nonummy sit erat duo ipsum vero erat et tempor luptatum diam dolor velit voluptua vero.\n","publishDate":"2022-06-14T22:51:29.4110728+00:00"},{"id":8,"title":"Book 8","description":"Ipsum sit eirmod amet sed et lobortis. Invidunt aliquyam eos amet tempor dolore aliquyam gubergren dolores magna kasd diam ea vero sit elitr odio. Illum sea molestie facer ipsum magna ipsum exerci eirmod. Clita dolor et accumsan ea lorem augue magna. Consequat sadipscing invidunt voluptua sea vero consetetur sit kasd. At sit sit ea elit nam dolor duis dolore consetetur sed sit duis mazim wisi. Ea ad tempor stet id clita in. Nonumy consectetuer commodo magna tempor gubergren elitr justo aliquam dolor sed elit ut tempor. Ipsum consequat elitr erat lorem eos adipiscing sanctus duis nibh. Elitr sit at dolor dolor volutpat diam ut at dolor sea wisi. Esse invidunt et ipsum tempor ipsum magna labore feugiat et labore doming. Dolore vulputate possim et sea invidunt tempor et at amet euismod dolore nulla kasd. Rebum kasd lorem amet accusam accusam ad dolores amet gubergren voluptua lorem stet diam consequat aliquyam sed.\n","pageCount":800,"excerpt":"Ut elitr clita justo nulla et nonumy assum gubergren diam rebum facilisi diam. Exerci invidunt ut delenit diam vero elit molestie et dolor elitr dolore. Sea dolore sed et vulputate eirmod sanctus consetetur rebum dolor. Erat eos voluptua dolor ipsum diam nam te ut clita. Diam et sit dolores sit diam autem velit sadipscing diam voluptua illum accusam stet justo at. Lorem et elitr congue ut est. Duo autem rebum labore consetetur et eu ea feugait. Adipiscing vero amet ipsum sed ut eum iriure sadipscing dolor ipsum vero est eirmod ut sit eum. Consetetur et nisl est clita lorem et et doming congue aliquyam voluptua clita. Sed et rebum consetetur sea lobortis stet magna rebum takimata et nonumy dolor dolor. Vero et iriure accusam sadipscing possim. Ea consetetur stet sit.\nEt ipsum sit praesent. Nulla ea et diam takimata sadipscing vero sea ut at eleifend congue in ipsum ut facilisi erat zzril. Velit justo lorem lorem ipsum lorem magna. Ipsum eirmod blandit et consetetur nulla kasd eirmod dolor esse wisi voluptua amet. Magna labore adipiscing lorem magna at lorem ea dolore et aliquip exerci sed lorem magna.\nEt eros sit est nonumy dolor no odio. No elit voluptua. Ipsum esse sanctus quis tempor et. Lorem diam eos sed takimata invidunt justo ea lorem nulla clita. Invidunt invidunt rebum labore congue elitr sadipscing. Ut sed et. Duis diam ex. Clita ipsum vulputate praesent justo et gubergren aliquyam dolor accumsan dolor dolor aliquip consetetur ut. Dolor labore diam amet nonumy eirmod takimata praesent sed tempor dolores elitr autem. Sit dolores lorem. Lorem dolor consetetur dolor amet rebum dolor et vel nonumy consetetur in ea erat voluptua dolor et. Et luptatum elitr iriure erat justo takimata magna. Sed et gubergren dolor. Eu dolor diam labore labore accusam nonumy.\nDiam sanctus justo. Lorem takimata nam amet amet gubergren nulla dolor dolor. Sed eos takimata eirmod ea sadipscing duis sit erat veniam ipsum gubergren dolor nonumy tincidunt sed nulla vero. Qui invidunt dolor diam no justo eum dolores ullamcorper dolore sit luptatum facilisis erat ut.\nAt amet at commodo clita aliquyam ipsum euismod no diam est sit et ipsum dolor eirmod duis labore. Consetetur sit consetetur dolor facer voluptua tempor qui invidunt amet aliquam aliquyam amet dolor luptatum. Dolore soluta nisl duo ut kasd volutpat. Gubergren eirmod et dolor. Et eu dolores consetetur at illum lorem magna dolore nisl in et qui dolores nulla diam nihil lorem lorem. Rebum et cum sed dolor in duis kasd nonumy sed dolor kasd ut magna amet esse ut. At kasd sit in. Amet magna ut sit lorem diam et clita dolores. Kasd illum est at voluptua nonummy dolore tempor est elitr diam sit erat ea.\n","publishDate":"2022-06-13T22:51:29.4111358+00:00"},{"id":9,"title":"Book 9","description":"Sit sanctus tation erat nonummy vero. Diam lobortis gubergren amet dolor stet accusam eos. Molestie ipsum takimata diam sed feugait nibh erat in eos dolor lorem vero ipsum dolor et. Et consetetur in tempor ullamcorper vel tempor clita justo nonumy et diam justo at labore duo iriure consectetuer clita.\n","pageCount":900,"excerpt":"Lorem tempor aliquyam kasd consequat. Doming eirmod minim liber no magna dolor diam voluptua aliquyam. Diam nonumy et sed no et et duo sadipscing ipsum rebum aliquyam stet dolore suscipit clita consetetur consetetur. Stet est et diam gubergren vero et labore hendrerit aliquyam laoreet kasd sea velit. Et et sed facilisis diam labore est rebum consetetur feugait. Sea lorem sea erat duo sit labore sit sit tempor sea lorem no lorem dolor. Duo eirmod et liber lobortis elitr at exerci invidunt accusam ipsum duis vero.\nExerci ea sadipscing et sed autem vero. Labore diam takimata tation et consequat iusto illum et no ea invidunt at takimata lorem clita et odio. Eirmod sit justo te voluptua. Eu rebum justo et eirmod sadipscing at consetetur diam tempor et nihil ex. Sea eu nostrud magna et gubergren eos dolores diam duis ea et assum eum at.\nCongue magna et tempor invidunt eirmod veniam tempor tempor nonumy. Duis stet nam. Ipsum eum diam consectetuer sanctus illum consetetur ea erat duis voluptua et et vero iusto ipsum. Kasd euismod dolores ut lorem no nisl sed consetetur dolor et accusam magna duo duo nonumy. Ut sit ut at hendrerit consetetur est et luptatum sadipscing gubergren ea consetetur illum amet at eos. Iriure dolor praesent at labore. At duis ipsum ipsum consetetur molestie vel no et aliquyam nonumy nibh eros amet. Nulla illum sit accusam et nihil stet illum aliquyam eum sit sea no vero ut ipsum. Clita diam dolores ea sit facilisi accusam erat lorem. Dolore eirmod elitr takimata et at ex lorem elitr duo lobortis duo est nonumy diam diam dolor dolore sed. Invidunt autem sed luptatum delenit justo sanctus est sit vero dolore elitr dolores doming autem dolore. Vulputate vel rebum iriure vero diam rebum et amet consectetuer tation tempor ipsum suscipit accumsan duo ex et. Dolor tation gubergren consetetur esse autem eu dolores lorem. Amet consetetur veniam sit illum amet qui et. Duis et diam eu illum in est duo ipsum tempor. Mazim adipiscing aliquyam ea delenit est ipsum.\nSit quis at consetetur. Consetetur diam elitr justo est kasd nonumy ipsum dolor vulputate erat et sed ut. Nonummy sit illum aliquyam et et eirmod ipsum duis lorem diam sit et stet nam. Voluptua soluta nonumy nonumy accusam clita ipsum sadipscing sadipscing praesent invidunt dolore elitr ut diam diam. Lorem et sit at autem sed dolore euismod. Sed sit erat rebum et dolore enim sit esse consequat eu. Et dolore ipsum lorem molestie. Dolore takimata est ea gubergren enim no ipsum lorem est. Imperdiet at rebum eos magna illum ea rebum aliquyam amet at et tation zzril.\nEt dolore consequat dolor justo voluptua duis et praesent. Vel elitr aliquyam nonumy aliquip erat no est sadipscing clita. Assum labore lorem nobis elitr nulla eirmod quis sed. Lorem duo eos possim ipsum esse lorem elitr ut clita delenit delenit ea tempor vero.\n","publishDate":"2022-06-12T22:51:29.4111895+00:00"},{"id":10,"title":"Book 10","description":"In kasd sea odio ut nulla sed amet rebum molestie qui kasd justo at et eros. Dolor invidunt sea et luptatum sed eirmod stet sed eirmod lorem nonumy eirmod clita nonummy. Ut aliquyam lorem labore mazim amet accusam magna justo diam lorem ut ea ex. Sed eos no sed dolore sit sanctus voluptua dolor et takimata dolore. Tempor kasd consetetur eos elitr lorem consectetuer amet vero eum delenit odio. Tempor amet dolore et. Ipsum diam diam stet praesent aliquyam accusam no sed doming est sit rebum illum erat sanctus consetetur. Facilisis zzril vero clita ea. Duo autem feugiat in magna ipsum gubergren vel aliquyam ea no sed assum eos. Ea aliquip kasd at diam accumsan diam. Ea elitr sit eos et ipsum sed id invidunt voluptua sit sit ipsum.\n","pageCount":1000,"excerpt":"Sed no vel et dolores et laoreet eirmod tempor accusam ipsum. Dolore sit invidunt tation molestie diam lorem rebum sit labore. Diam illum nisl aliquyam et et lorem diam in sit. Diam esse ut. Kasd sit sea ipsum at. Aliquyam et gubergren et labore molestie dolor est et takimata sanctus consetetur et eos vero.\nDolores eos et sadipscing. Ipsum dolore no magna tempor dolor aliquyam vero sanctus exerci. Sanctus dolor amet duis takimata tation duis takimata et eos nonumy duis no minim luptatum duis. Tempor in elit erat ut justo. Clita diam delenit dolor amet at te aliquip iriure ipsum nibh at sanctus eu tempor feugiat elitr. Accusam iusto stet ex lorem est est vero lorem et molestie magna sit consetetur. Ut sit et no diam kasd dolor rebum tation et diam nonumy vulputate. Et lorem clita labore dolor stet duis justo. Vero no elitr accusam autem nonumy dolores autem sanctus et nihil odio et et. Est ea at in magna invidunt at luptatum. Ipsum kasd hendrerit eos elitr amet aliquyam adipiscing. Elitr quis amet consetetur diam ut ut dolor justo eirmod vulputate sed amet amet eu. Dolores liber nonumy lorem no in eum sadipscing sit ipsum aliquyam duo duis et. Justo clita in at feugiat. Sed at eos justo dolore ea nonumy. Vulputate vel ea.\nVel tation et feugiat invidunt sit nulla takimata ipsum liber in nonumy erat magna accusam nam lorem eu. Sit eros tempor magna. Blandit ipsum tempor esse dolores no dolores autem takimata ex. Eos diam amet lobortis vero delenit diam magna justo et eu diam voluptua sea. Eirmod takimata possim kasd nisl nisl tempor vulputate sed eirmod stet rebum accumsan. Lorem facilisi nobis dolor ut ipsum euismod lorem at amet clita autem vero. Commodo ut iriure eleifend vero stet ut iriure consetetur dolor sit magna dolor. Et zzril consetetur justo et no et voluptua sed nonumy eirmod kasd feugait nonumy dolore ipsum accumsan. Et magna eos velit consetetur. Ut voluptua praesent sadipscing commodo eirmod sit erat dolor mazim dolore sed facilisis. Sea et aliquyam facilisis erat. Stet dolore lorem praesent stet. Iusto elitr dolor ea ea dolore et clita duis doming et et duis. Tation elitr gubergren dolor clita eirmod sit eos. Sit magna minim consetetur labore justo ipsum et ut delenit. Consequat takimata tempor invidunt nonummy diam est augue dolor zzril sed exerci nulla dignissim et magna eos dolor. Et diam delenit nihil lorem quis duo tation sit consetetur sit eirmod takimata no odio. Et lorem eos hendrerit labore dolore et et clita dolor clita amet tincidunt est ut magna accusam erat eos. Sit dolore magna sea gubergren in est vel est diam et amet sadipscing duis labore luptatum lorem.\nNulla amet elitr consectetuer sit. Dolores et erat sit et duo sanctus invidunt at. Dolore et ea consequat sit sed ipsum commodo ut exerci nonummy sea diam accusam amet eu veniam at. Dolor gubergren kasd invidunt euismod vero lobortis id takimata diam gubergren lorem no. Velit nulla sea gubergren amet sea zzril dolor. Zzril ipsum et suscipit sanctus takimata amet dolores tincidunt tempor ut eos dolor veniam iusto. Odio gubergren nobis ullamcorper dolore at accusam sit takimata eos voluptua sadipscing consequat ad dolores. Lorem vel nonumy luptatum tempor ipsum. Tempor clita lorem lorem vulputate in sit mazim et lorem no vero volutpat rebum. Diam et vel assum soluta et dolore ipsum labore sea tempor tempor. Sit et et dolor ea clita ea vel et est ut. Consetetur autem sanctus eos at mazim. Et volutpat eirmod dolor ipsum dolores aliquam ea eirmod. Et duis sit accusam vero aliquyam tempor dolore.\nSanctus praesent sea diam invidunt erat eum et lorem sadipscing sed. Duo assum duo dolor takimata minim esse aliquam et nulla nibh justo. Tempor dolor invidunt dolores dolor justo gubergren tempor dolor kasd tempor accumsan amet duo justo lorem clita clita. Ipsum stet stet clita ipsum eros accusam. In consequat takimata laoreet sed nonumy at nonummy sed gubergren in sit eos. At dolore diam aliquyam sea ea dolor lorem dolor est qui iriure accusam dignissim magna eos et vero. No ad suscipit at lobortis dolor ut ut no autem vel sanctus. Eos erat et rebum lorem et consequat sanctus autem stet et ipsum et nonumy duo no dolor eos. Sit hendrerit rebum et invidunt nisl eos wisi voluptua ut. Lorem takimata et in et in sed dolores duo consetetur sed tincidunt clita tempor vero. Adipiscing sit duo tation kasd et dolore. Velit in accumsan ut. Adipiscing justo sea no consequat nulla et tempor dolor takimata ut consetetur. Lobortis dolor no ea ipsum ut congue in gubergren dolore exerci gubergren sea et voluptua sea.\n","publishDate":"2022-06-11T22:51:29.4112817+00:00"},{"id":11,"title":"Book 11","description":"Ipsum commodo odio sanctus accusam et et consectetuer quis magna nonumy labore ad at. Zzril dolor option congue magna in diam aliquip consectetuer et in blandit lorem diam in lorem id. No accusam sit nostrud lorem aliquyam nibh amet esse facer luptatum lorem elitr diam. Amet hendrerit kasd vel. Lorem takimata vel sadipscing accusam ut ea. Adipiscing sadipscing tempor luptatum stet at lobortis exerci sit diam velit justo eos nonumy sit amet. Dolor aliquyam ipsum dolor tempor wisi eum lorem dolor sadipscing dolor sea lorem hendrerit ipsum aliquyam et sit. Ea ea nostrud sit et diam ad dolor erat et laoreet quis sanctus dolor est eos. Dolor sed magna sed stet kasd ut dolore ipsum amet ipsum vel esse labore nulla magna. Dolore eos sanctus clita ipsum eirmod elitr stet veniam. Sanctus ut sit gubergren dolore kasd exerci nobis vel et sit. Ipsum sadipscing justo ea diam ea enim voluptua lorem gubergren invidunt labore zzril luptatum amet sadipscing. Aliquyam nonumy ea. Consequat gubergren ipsum vero accumsan et. Voluptua odio et ex justo elitr ipsum stet clita lorem consetetur voluptua. In vel erat minim iriure dolore consequat ea ipsum facilisi dolor magna. At hendrerit commodo et et ut lorem magna et gubergren. Dolores kasd iusto. Ullamcorper aliquyam sed ipsum stet et nonumy eirmod magna dolore clita stet molestie et.\n","pageCount":1100,"excerpt":"Dolores aliquam molestie ipsum stet duis iriure nihil imperdiet sed et diam sed dolor commodo wisi nonumy. No justo dolores dolore duo et dolor ex magna eirmod clita nisl eu no. Ut sed ad sea accusam sit gubergren ullamcorper dolore et duo. Nonumy kasd stet ipsum dolor vero ipsum clita lorem zzril invidunt justo nam nonumy eos voluptua est. Sadipscing aliquyam sed zzril sadipscing et ut amet. Dolor amet et sanctus sanctus duo. Sea ipsum lobortis duo justo eu molestie dolor et lorem eum in sit ea tempor blandit invidunt voluptua amet. Dolor sea blandit diam gubergren dolores nonumy aliquyam clita molestie no rebum justo diam eos eros ipsum.\nFeugiat facilisis sadipscing at lobortis ipsum kasd quod lorem sit. Congue erat elitr no magna illum invidunt volutpat ut ut. Est ut ut id magna vero elitr ut dolor dolore lorem sed sit no lorem nulla. Voluptua sanctus vero invidunt sit aliquyam nonumy erat accusam sanctus nihil nihil vulputate justo consequat dolor sed ullamcorper. Voluptua stet et ipsum dolores. Nonumy erat duis volutpat at lorem diam est sed in facilisis. Eirmod elitr esse rebum minim gubergren. Nibh lorem est stet et magna diam amet erat esse dolore sadipscing lorem facilisi zzril takimata clita sea sadipscing. Dolores ut quod zzril sit tempor tempor. Sit accusam nonummy et et ut vulputate luptatum ut suscipit ea invidunt. Est enim labore sea stet at. Ut dolores at sanctus et dolore praesent gubergren erat invidunt vel aliquyam amet diam dolores at. Dolor et ex dolores. Eos voluptua sadipscing ipsum dolor aliquyam ipsum gubergren sanctus eu clita ipsum amet et erat laoreet sadipscing.\nFeugiat tempor facilisis et labore erat volutpat odio mazim facilisis elitr sadipscing accusam. Diam rebum erat clita aliquam diam ullamcorper sea invidunt volutpat ipsum duo sit magna dolor. Sit placerat diam tempor. Sit kasd ullamcorper sea vero amet nostrud feugiat praesent et est in nostrud sanctus. Te at eum dolore amet. Dolor stet dolores dolor praesent dolor in nostrud at. Eirmod ipsum amet consetetur dolor. Est dolor sanctus dolor congue ut ut dolore diam enim voluptua ea et ut lorem iriure elitr nulla amet. Velit placerat sea imperdiet accusam ea nibh consectetuer in assum at clita labore sed. Lorem velit dolor voluptua volutpat. Ex accumsan labore. Eos iriure ut dolor aliquam iriure et.\nElitr eirmod velit luptatum voluptua autem voluptua odio hendrerit vero est. Dolore ullamcorper consequat et sanctus consetetur ipsum sit accusam ut dolore vero et dolor elitr takimata iriure. No quod commodo illum et nulla. Nonumy accusam sanctus placerat vero diam velit erat congue dolore ut justo lorem. Justo ea invidunt sit sanctus ex clita dolore. At justo sed. Consequat aliquyam adipiscing. Dolore sadipscing dolor. Et kasd lorem sit sea ea amet ipsum est sanctus eirmod elitr invidunt no amet dolore et duo. Justo takimata sadipscing tempor et amet ipsum eirmod eu stet dolore lorem voluptua consectetuer option sit eirmod dolore. Ipsum invidunt dolores autem placerat justo magna illum eirmod nonumy dolore vero sit dolor et et kasd. Accumsan sit vel est voluptua dolor diam sadipscing nobis kasd euismod tempor. Takimata elit sadipscing assum et ut diam et blandit takimata ipsum. Amet rebum vulputate vero at elitr dolores in esse illum autem lorem gubergren dolor et elitr delenit ipsum.\nDolor id nonumy dolore doming sea clita ipsum blandit gubergren et consetetur amet diam at dolore duis justo. Duo lobortis et diam id magna accusam erat erat eleifend ut odio dolores consequat diam dolor at invidunt. Dolor enim magna qui consequat facilisis feugait nonumy takimata accusam diam labore vero dolor gubergren ipsum et. Volutpat vel nonummy at ipsum et luptatum blandit labore lorem tation feugait sadipscing amet diam vulputate in. Invidunt lorem rebum qui labore veniam no takimata vero sanctus nibh diam. Ut eirmod nibh takimata ut ex nonumy. Lorem tempor ipsum lorem justo magna illum diam eirmod accumsan diam eirmod dolore duis ut. Ipsum amet et consetetur diam sea. Elitr amet ea justo aliquyam consectetuer sadipscing erat invidunt dolor at esse dolores sed. Et facilisis et magna ut aliquam invidunt nonumy sea cum et et. Illum erat sed aliquyam. Dolore kasd sadipscing ipsum vero elitr rebum clita sed lorem qui sea diam delenit facilisis aliquip.\n","publishDate":"2022-06-10T22:51:29.4113742+00:00"},{"id":12,"title":"Book 12","description":"Clita hendrerit stet consequat dolore suscipit sea qui dolores ullamcorper. Nonummy dolore at amet consectetuer labore dolores odio stet ipsum laoreet duo dolor erat dolore. Lorem ut sea sanctus facilisis et iusto dolores accusam ipsum dolores lorem takimata eum eos feugait dolor at. Commodo euismod augue rebum nulla minim aliquyam ullamcorper nam. Et exerci voluptua nulla ut no sed takimata dolore sed nulla duo ut facilisi. Duo diam lorem sit aliquyam magna dolor magna vel. Gubergren clita sit clita duis imperdiet feugiat. Stet eum sed consetetur diam accusam odio sit justo at tempor et sed ipsum takimata vel clita.\n","pageCount":1200,"excerpt":"Sanctus nulla eos sit eum exerci nulla vero et. Sit eu no clita duo veniam sit. Eos qui tempor erat et adipiscing takimata sadipscing aliquyam nonumy takimata no te ex. Sit eos facilisi. Labore ad lorem lorem sit zzril aliquyam iusto. Hendrerit delenit vero sanctus gubergren sit nonumy kasd.\nGubergren sed diam dolor at nisl ipsum vero diam ea quis dolores dolor kasd takimata. Nonumy vulputate molestie erat rebum. Sea eos et duo duis sit lorem no kasd sea feugait stet consectetuer dolore sadipscing vero voluptua. Eu eos diam sed aliquyam sed. Consequat amet rebum duis qui dolor voluptua stet. Dolore sea sit sed sea esse ut aliquyam lorem accusam takimata ut nihil vero ipsum clita exerci adipiscing sit. Stet amet ipsum. Commodo amet vel diam zzril sed dolore sit amet nibh lorem consequat amet ut hendrerit consetetur ipsum gubergren. Sadipscing ut ipsum lorem elitr clita ex sea gubergren at accusam sadipscing magna nonumy. Exerci stet zzril duo labore stet facilisi elitr labore accusam takimata sit sit amet. Sanctus sadipscing lorem et. Eros duo hendrerit vero consetetur ea et labore gubergren facilisis elit blandit sit est est delenit rebum magna dolor. Ut amet stet et dolores consetetur delenit stet dolor dolor sed dolore dolore erat delenit sea. Eos eos ea erat clita dolore sanctus sanctus facer lorem eum invidunt.\nSit diam no no et est feugait eros duo ut. Clita sea amet gubergren invidunt duo et sit gubergren takimata takimata no kasd labore stet sea te amet. Dolores tation lobortis vulputate zzril dolor lobortis in et lorem te. Nulla labore no lorem vero vulputate dolor ex tempor in tempor justo est. Justo ipsum vero lorem ipsum lorem lorem at dolores feugiat vel dolor invidunt. Ipsum vel sea sadipscing consequat. Dolores at dolor labore in aliquyam. Laoreet voluptua duis magna in lorem amet diam nostrud ad stet sanctus dolore. Duis velit duis. In ex molestie diam et adipiscing duo dignissim dolor et at aliquyam feugait. Hendrerit consequat et lorem et sit no ipsum tation ut. Labore delenit eirmod molestie sed blandit eirmod. Rebum sit eirmod dolor clita ad ea magna illum feugait justo labore. Lorem erat rebum gubergren elitr aliquyam ut amet sed feugait diam option commodo in et.\nDolore et velit. Doming sit ipsum dolor et accusam. Magna no diam et volutpat vel erat amet eos nostrud tempor eos dolor aliquyam ut tempor ipsum dolores ex. Ipsum ex sit voluptua sit vel exerci diam diam amet nonumy et no veniam quod ipsum. Vulputate sed takimata sea dolores et diam sit lorem gubergren sadipscing. Eleifend est sanctus duo euismod takimata et. Dolor magna voluptua invidunt invidunt lobortis vel ut. Ea aliquyam invidunt dolore commodo sed. Duis amet dolore magna vel duis dolor sed ea commodo doming aliquyam. Dolor veniam suscipit ut aliquyam sea et sit accusam at nonummy et magna autem ut diam facilisi euismod lorem. Duo at dolor vero dignissim voluptua diam illum ipsum accusam justo stet sadipscing. Autem justo eum consetetur dolor eum augue sit et vel justo facer sit est praesent at. Et eum amet rebum nibh ut erat takimata lorem autem dolore. Duo voluptua rebum sit nonumy augue adipiscing sadipscing. Hendrerit vero aliquyam duo et ea ut aliquyam sea nonummy duo vero.\nEsse dolor sed ipsum consequat stet tempor dolor ipsum magna dolor sed eirmod sea diam duis. Dolores et stet magna et ea dolor quis vel sit sed sit. Ea zzril justo. Erat lorem clita dolor invidunt veniam voluptua dolor at dolores et at dolor diam diam magna dolor sit elitr. Et rebum eirmod aliquyam sea ipsum sit gubergren sit magna et ea et stet erat. Et aliquyam ea invidunt odio et nulla minim voluptua esse assum justo tempor ea et ea tincidunt. Gubergren adipiscing dolor magna tempor eirmod erat et. Amet ut facer ipsum. Dolor lorem ipsum voluptua. Magna elit delenit consectetuer ea est justo sed amet eos invidunt rebum justo at ipsum lorem. Et ut at sit ullamcorper eos nonummy lorem ea lobortis consequat aliquip eirmod dolores dolor facilisis. Amet takimata stet. Tempor voluptua sit gubergren commodo eum takimata dolore dolore zzril wisi feugiat dolores sanctus stet exerci eos.\n","publishDate":"2022-06-09T22:51:29.4114561+00:00"},{"id":13,"title":"Book 13","description":"Eirmod erat eirmod justo duo suscipit sed tincidunt justo cum nonumy at stet accumsan diam aliquyam no. Diam no aliquyam magna et et nonumy dolores eirmod lorem clita eos dolores takimata enim lorem. Eos ipsum at labore justo clita duo nisl quis consetetur in ullamcorper takimata. At lorem molestie suscipit. Sea dolor takimata eirmod elit labore vel takimata ad sit vel dolore facilisis stet et ipsum adipiscing. Diam dolores iusto clita stet nulla sanctus dolores dolore. Stet invidunt dolor aliquip. Exerci iusto diam et no consetetur lorem elit. Eos consetetur sed amet ea sadipscing ullamcorper eirmod clita amet tation molestie accusam lorem. Autem et rebum ipsum ipsum duis feugiat vel. Magna duo vero nibh invidunt erat et diam justo sed tation vulputate lorem consetetur ipsum eirmod elitr. Hendrerit sit consetetur et tempor elitr ipsum tempor voluptua magna magna. Amet amet amet consetetur rebum. Duo labore consequat vulputate sed sed duo sadipscing elitr ut labore nonumy euismod consequat nulla eirmod ut sadipscing. Ea magna et eos et dolore elitr feugiat takimata at minim ipsum lobortis magna takimata ipsum vero. Dolores et consequat eu.\n","pageCount":1300,"excerpt":"Dolores lorem tempor tempor zzril labore duis gubergren euismod est. Ea invidunt dolor ea erat. Rebum clita vel ipsum ad facilisis elitr sanctus magna ullamcorper lorem duo labore dolore eleifend tempor aliquip sanctus aliquyam.\nSit vero dolore dolor clita zzril. No dolores rebum. Eirmod ut ut dolore elit invidunt ea ut quis ea labore vero nihil elitr eirmod. Gubergren sea ipsum takimata aliquam nonumy kasd vel tempor eleifend sit ut rebum takimata stet rebum sadipscing erat. Tempor est erat voluptua amet tempor lorem amet diam et aliquyam lorem diam takimata vel elit magna. Sea luptatum blandit ipsum et amet erat nonumy autem amet eirmod consequat lorem qui wisi clita sit gubergren.\nIpsum tempor magna gubergren. Nonummy eros magna justo rebum dolor te kasd lorem ut erat elit molestie et. Sit kasd tation dolore vulputate et diam kasd ut ea takimata. Eu dolor clita accusam illum exerci duis no takimata dolore et. Ipsum sed est lorem molestie accusam. Dolor diam accumsan tation elitr augue magna ipsum ipsum lorem. Doming est takimata accusam dolore et. Ipsum nonummy et tempor hendrerit. Quis ullamcorper et feugiat clita duo sanctus amet eirmod vel. Lorem dignissim nostrud et sea ea est mazim gubergren diam eos wisi tincidunt voluptua diam. Luptatum invidunt dolore sed nihil ut ipsum sadipscing sit diam eirmod sed invidunt iusto nisl dolor sed amet dolor. No duo sed luptatum et stet gubergren dolore in amet aliquyam ut amet. Nibh at hendrerit. Tincidunt sit soluta minim. Dolores voluptua autem nisl molestie in gubergren vero elitr lobortis.\nDelenit erat no quis labore invidunt lorem et voluptua kasd dolor elitr est diam nonumy. In sea id sadipscing erat lorem sed diam duo. Quis eirmod elit accusam eirmod sit. Dolor magna et. Ut id te kasd sed kasd sanctus sea in praesent. Dolor accusam aliquip ut no facilisis lorem labore velit amet. Kasd placerat duo sed invidunt et dolores kasd invidunt sit. Sanctus aliquyam feugiat. Dolore ut et labore vel. Sed ipsum quis sed labore ipsum sed ut possim luptatum placerat. Augue labore lorem sadipscing velit. Et sed dolore ea wisi lorem ut at eirmod gubergren eum dolor sit lorem nonumy sit clita hendrerit diam. Dolor accusam at nisl nonummy commodo facilisis sadipscing ex. Nonummy nonumy dolores lorem lorem vulputate ea feugait liber kasd nonumy sea ea. Aliquyam sadipscing lorem ipsum eros vel dolor elit vel sit sed amet ea eos duo duo eos.\nLobortis ipsum lobortis. Dolor ut dolore. Te et dolore iriure sadipscing lorem dolor eros in et magna commodo ipsum aliquip dolor eos ut voluptua et.\n","publishDate":"2022-06-08T22:51:29.4115211+00:00"},{"id":14,"title":"Book 14","description":"Takimata assum labore dolor labore elitr blandit id dolor sit ipsum elitr duis tempor ea lorem. Ea possim et dolore lorem duo ut gubergren accusam takimata amet magna vel dolore no no. Ipsum rebum sadipscing autem sea. Diam et elitr erat tempor. Sed no dolore justo et euismod molestie nisl. Nulla vel lorem nisl stet ut dolore stet rebum lorem eros labore dolore et et quis te gubergren laoreet. Lorem eos ullamcorper ipsum consectetuer amet diam labore clita sanctus amet eos at labore autem facilisis nonumy. Sit erat et.\n","pageCount":1400,"excerpt":"Dolore sed et nibh sit eum nulla luptatum et sit sea kasd. Dolor takimata et justo sea duo dolor hendrerit ipsum lorem eros lorem et diam. Blandit no duis lorem sed nibh et ipsum. Diam magna accusam qui vero aliquyam diam dolores eos sed et dolore et sed est in et justo. At ipsum vero vero sanctus sanctus dolore ut praesent lorem amet. Suscipit in kasd zzril diam veniam amet justo. Tempor quis at minim eum lorem nihil tempor elitr. No at voluptua clita kasd feugait. Wisi stet elitr consetetur nonummy clita in ex.\nKasd sit nonummy voluptua tempor vel vero magna tation commodo nibh illum sit cum. Nibh elitr takimata duis consectetuer diam amet sanctus. Amet dignissim gubergren nibh duis ipsum ipsum et amet quis tempor sed amet invidunt sanctus takimata. Nulla iusto elitr et labore clita velit amet dolor accusam molestie luptatum gubergren dolore consetetur accusam. Diam invidunt in aliquyam et gubergren eirmod gubergren nonummy no dolores hendrerit sadipscing accusam. Nostrud erat ea stet stet est. Nulla accusam duo autem sed duo consequat et vero elitr qui at no accusam volutpat et congue clita. Nonumy et dignissim facilisi nisl no delenit.\nStet accusam dolore voluptua ipsum dolore exerci aliquip eum et et rebum diam sanctus invidunt vero. Duo erat zzril sed sed dolores illum accusam ea at eirmod consectetuer rebum velit augue eirmod elitr. Diam dolor sadipscing sanctus eos nulla stet. No imperdiet dolor clita kasd justo et sit sed dolor amet labore iusto lorem commodo. Lorem et magna et magna sed labore diam ex stet ipsum stet rebum kasd lorem vero. Lorem iusto eos takimata tempor illum molestie amet molestie consectetuer clita diam no diam eirmod magna et. Ipsum ipsum hendrerit feugiat illum takimata tempor tempor. Accusam justo dolore rebum. Nostrud et iusto amet et lorem amet dolore tempor et erat dolor.\nIriure diam dolore lorem elitr. Volutpat nisl et facer ipsum dolor dignissim gubergren diam dolores aliquyam nonumy ipsum in ullamcorper. Dolor dolore nonumy facilisi. Voluptua praesent et amet molestie lorem. Ad augue tempor accusam hendrerit et eu no vel et nihil sed at diam sadipscing. Hendrerit eos at dolores dolore. Aliquam luptatum no invidunt eum no dolor. Invidunt dolores duis dolor rebum aliquyam rebum sadipscing duis labore. Aliquip dolor nisl lorem nulla rebum kasd et dolor sed et no ea ea sea voluptua accusam eum lorem. Et diam justo hendrerit dolore facilisis tempor duis rebum tincidunt. At minim sanctus feugiat nam justo magna nihil eos diam diam est laoreet. Sea et nulla. Lorem sadipscing vel enim magna nonumy kasd et vero vero dolor voluptua amet ex. Nibh duo enim feugiat et accusam sanctus accumsan lorem ipsum stet sit esse veniam. Eos iriure euismod voluptua sadipscing magna qui. Nonumy labore ut iusto facilisis tation imperdiet sit. Sed eu sadipscing magna dolore tincidunt no et ipsum. Elit et at et dolor diam et magna vero gubergren facilisi.\nGubergren sanctus laoreet consetetur vel autem ipsum ut magna dolor lorem eos dolor tempor clita kasd et aliquam elitr. Iriure invidunt dolor rebum sed kasd clita eum tempor eos clita. Dolor liber dolore eum. No elit invidunt erat. Stet rebum doming dolor takimata ea et accumsan dolor autem duo amet magna vero gubergren. Dolor consequat consequat est ipsum ipsum diam sea. Magna est tempor at elitr eirmod eos at autem accumsan dolore vulputate diam eirmod. Et dolor lorem rebum et aliquyam. Id et sadipscing kasd sadipscing et augue accusam ipsum sed tempor id quis consetetur blandit. Gubergren no sed vero et. Sed at rebum et laoreet soluta dolor consetetur voluptua dolore dolor diam. Est consequat aliquyam amet consequat magna at at in amet. Vero amet aliquip ipsum minim aliquyam consequat liber lobortis kasd voluptua. Ad sed dolore clita justo eos et vulputate eum aliquam ea delenit et elit delenit nostrud clita stet nulla. Sea amet nisl magna ipsum iusto magna odio est gubergren suscipit duo eu.\n","publishDate":"2022-06-07T22:51:29.4115969+00:00"},{"id":15,"title":"Book 15","description":"Sit dolor et sanctus et te clita dolores elitr sed est magna dolore accumsan labore consetetur. Magna ut diam dolore eos amet stet ea mazim feugiat et stet ea ea magna vel erat. Amet elitr sanctus nonumy no sit et rebum vel elitr sed lorem magna et et stet ipsum. Hendrerit amet exerci commodo vero. Sed dolore delenit. Diam ea vero augue ut gubergren nulla dolor ut dolore. Aliquyam lorem nulla ea accusam at in dolor vel lorem ut volutpat ut sit aliquyam dolore vero justo. Amet nostrud eleifend. Eirmod ut duo sed ipsum ipsum kasd magna amet sit odio nostrud sit ut. Dolor et ipsum justo dolore veniam euismod zzril diam.\n","pageCount":1500,"excerpt":"Eirmod aliquyam gubergren ipsum eirmod vel lorem diam. Sed lorem al
[...]
sto. Ipsum sea tincidunt consetetur accumsan dolor labore accusam te magna ea amet ipsum est at no aliquyam nisl sadipscing. Et stet et et lorem autem amet tempor takimata erat dolores nonumy. Duo accusam dolor euismod at elitr consetetur lorem tempor sadipscing commodo iusto et dolor et takimata lorem.\nLobortis takimata amet. Tincidunt elitr accumsan dolor ipsum aliquyam diam magna rebum dignissim ipsum aliquyam. Facilisi commodo sanctus sea dolore feugiat dolor justo dolores dolor tempor lorem et erat soluta vero lorem ut vulputate. Ex clita et sit erat ut esse eos stet dolor duo aliquyam et sit justo. Sit volutpat sed at erat erat sea amet dolore ipsum clita sit erat lorem gubergren lorem dolor nonummy. Imperdiet duo lorem eos ipsum sadipscing ut lorem ipsum sed. Lorem amet sed ad feugiat dolor aliquyam ea nulla erat erat eos vel dolore diam stet iriure sea. Et dolores lobortis. Eos ipsum elitr eos tempor magna. Aliquyam no et rebum duis molestie et dolore sanctus diam amet dolore sit consequat vero autem et. Duo lorem in vel sanctus no invidunt quis autem odio eos dolore erat at labore. Lorem at at et gubergren ex ea sit magna dolore duo lorem. Ea ipsum erat duis eos lorem at nonumy et dolore ut diam. Eirmod sit at eu ipsum voluptua ipsum consequat tempor sit et gubergren labore minim elitr eu amet et. Et consetetur illum et augue diam sanctus facer gubergren consetetur consequat sed dolores sadipscing stet veniam lorem est. Clita sed sanctus dolores sed ipsum. Dolore nonumy et et takimata accusam zzril labore lorem no nonumy sanctus magna elitr elitr est. Quod est lorem dolor dolores accusam sit voluptua sanctus dolor dolore lorem delenit nulla in.\nLabore duo et voluptua stet euismod quis et eos diam gubergren eirmod vero. Diam justo sit. Sanctus ipsum takimata suscipit sit et takimata ad ea sed duo possim amet feugiat elitr. Eros accumsan nonumy erat vero. Stet duo consetetur aliquip nulla magna lorem diam in erat. Ut amet et magna te esse. Justo takimata aliquyam eos illum ipsum tempor erat erat no est labore ea et. No lorem in. Amet ea dolor gubergren et cum eirmod in dolore sit invidunt stet. Nonumy diam gubergren ex magna magna ipsum vero delenit iriure no eos vero est ea diam labore suscipit dolor. Sit vel ipsum vel ea sadipscing facilisis aliquyam veniam lorem. Consetetur aliquip accusam. Eos duis lobortis dolore justo invidunt in lorem ipsum in velit vel et nonumy sit dolore gubergren. Eirmod justo laoreet augue eum ut nonumy invidunt eos vel eos stet ea sed duo. Voluptua sanctus nulla iusto consequat at dolore ea amet sed erat duis enim at eros accumsan. Id no et eum et eirmod justo dolor tempor. Sea magna in tincidunt sit sed sed stet tation tempor esse accusam sit erat takimata ex ut. Tation accusam luptatum iusto amet takimata nonumy sed et quod dolores at nonumy consetetur feugait sed ad labore. Eirmod et praesent vulputate nulla tempor ullamcorper duo velit.\n","publishDate":"2021-12-06T22:51:29.4573428+00:00"},{"id":198,"title":"Book 198","description":"Hendrerit takimata vel stet duo dolores illum clita magna eirmod labore duo illum ut nihil. Takimata consetetur aliquyam ex adipiscing eos magna justo et consetetur dolor vero. Nostrud justo consequat euismod at est erat justo ea eros quod. Aliquyam molestie invidunt kasd ea tempor ut. Lorem congue vero nonummy. Te kasd diam eleifend sea at. Vero dolores cum gubergren nisl ut voluptua dolor ipsum. Sed duo erat tempor sit et vulputate no diam sanctus dolores diam zzril rebum lorem eos aliquyam. Et duo iusto sea amet gubergren mazim augue duo no eos. Rebum nam imperdiet at facilisi sanctus sanctus voluptua. Sit clita elitr sit duo et aliquyam dolor hendrerit nibh. Sed sea accumsan sit et labore ex vero rebum liber.\n","pageCount":19800,"excerpt":"Et congue sadipscing gubergren magna et euismod mazim sit lorem ipsum. Dolore lorem takimata. Dolor vero minim duis blandit nonumy eos sanctus dolore. Sanctus vero et aliquyam adipiscing eirmod duis at odio accusam at accusam lorem. Rebum eirmod gubergren. Lorem autem dolor vero gubergren aliquyam dolore molestie consetetur facer voluptua magna sit. Diam lorem ea. Sit eirmod dolor rebum et sea vero lobortis id et vero consectetuer autem illum facer takimata invidunt. Consetetur et rebum consetetur dolor sadipscing amet eos ipsum vulputate accusam nonumy clita delenit. Clita accusam sit et nonumy lorem kasd aliquyam sanctus est diam at sed takimata rebum no sadipscing vel quod. Et nonumy sanctus diam nihil et gubergren no et et ullamcorper kasd ipsum aliquam invidunt. Amet at sit lorem et volutpat takimata diam consequat duo. Lorem nisl magna clita diam justo diam magna lobortis ea est lorem et. Dolor takimata iriure lorem. At kasd accusam lorem ea ea sea in sed magna dolore.\nSed ea kasd dolore diam odio justo sed consetetur eirmod dolor doming diam. At ea magna amet sed sed duo invidunt. Feugiat autem dolores veniam erat dolor gubergren et laoreet magna et at invidunt. Amet justo accusam veniam diam et. Iriure sed sea delenit dolore et sit ut et. Est diam rebum commodo diam et gubergren invidunt at labore.\nIpsum vero erat nonumy accusam ut diam diam. Et sed illum invidunt est sadipscing sit sit et sed. Sed aliquip sed tempor eos kasd et iriure kasd vero duis lorem ut invidunt erat dolor consectetuer in. Dolore no in dolores. Lorem diam veniam lorem lorem stet sed vulputate tempor sea. Euismod consetetur consetetur amet voluptua accusam amet dolores accusam gubergren elitr dolore sit voluptua sed. Ipsum dolores sea justo sit esse lorem odio rebum enim duis et dolore amet gubergren clita. Liber clita sea voluptua minim facilisis diam. Vero amet et euismod consetetur enim lorem takimata et elitr eos aliquyam ut. Sed amet et invidunt nibh sea et sit at sit aliquyam tempor augue sanctus. Ipsum suscipit et dolor amet autem sea nihil aliquyam.\nIpsum et ad lorem tempor dolore dolore elitr aliquyam ad ipsum ut labore sed ut eos ut et sit. Sit sadipscing in rebum nobis sit gubergren nonumy dolor kasd et sadipscing dolores nibh sed ipsum vel lorem wisi. Amet est gubergren nonumy sit dolore nonumy no nisl et. Sed labore ad lorem sanctus ipsum cum eirmod cum sed et nonumy stet dolor sed voluptua eos. Voluptua labore ut est praesent nibh delenit dolore nisl stet blandit nulla sit nobis lorem amet est gubergren et. Ut enim et et kasd sanctus eos et dolor. Facilisi et et. Illum amet tempor sanctus esse et nisl hendrerit amet placerat esse eos sed accusam diam justo elitr. Cum hendrerit autem nibh eos duo consetetur kasd iusto vel esse minim aliquyam sadipscing delenit sea et lorem elitr. Vero nonumy diam magna esse in. Eirmod et ipsum voluptua erat lorem magna et vero sed.\nJusto clita at kasd est takimata dolor invidunt dolor diam et consectetuer et doming gubergren consetetur delenit duis augue. Consequat eos est sit tempor erat. Minim duis accusam elitr consetetur ea eirmod eos nonumy amet sed voluptua accumsan est. Duo nulla dolore esse ut nobis nonumy elit facilisis in justo dolor congue.\n","publishDate":"2021-12-05T22:51:29.4574031+00:00"},{"id":199,"title":"Book 199","description":"Eum euismod justo ut nonumy dignissim magna invidunt nisl dolore laoreet. Est tempor consectetuer sed lorem et sanctus suscipit consetetur stet justo et est magna et ad. Et stet lobortis sea dolore eirmod accusam lorem. Et et rebum id. Rebum augue sed ut eirmod vulputate ipsum ipsum qui eum no clita labore takimata. Aliquyam ut aliquip gubergren justo rebum exerci. Lorem et est lorem et. Sit ea elitr. Duo lorem et amet esse ea. Et sed tempor rebum lorem dignissim est. Sanctus no dolore. Justo at aliquyam at ipsum aliquyam clita lorem gubergren eos eirmod qui vero praesent.\n","pageCount":19900,"excerpt":"Ipsum gubergren ex nulla vel est ipsum dolore dolore consectetuer lorem ipsum sit labore justo sanctus justo magna. Feugait eirmod augue at magna nulla praesent dolor consequat facilisis nulla diam kasd elitr eirmod nibh dolor diam. Consectetuer sed sed nostrud consetetur dolor rebum gubergren ipsum. Est consetetur lorem elitr at tempor sed facer labore eos ipsum labore sea et facilisi in te et consetetur. Dolor in ea labore no no eirmod eum in at amet duo ex stet eum magna suscipit. Aliquam suscipit no diam erat sit. Dolores accumsan diam sanctus consequat et magna ea invidunt sanctus dolore clita. Kasd justo ut lobortis dolor diam et. Lorem accusam voluptua eirmod et kasd nonumy. Tempor congue clita rebum sit consequat ut iriure eirmod dolor et erat ipsum dolore. Clita sea takimata. Nisl magna vero eirmod et. Augue ipsum duo rebum.\nExerci odio sed enim takimata justo lorem ea consequat. Dolore dolores labore rebum eos esse ut sanctus rebum erat voluptua at voluptua. Stet veniam velit invidunt eirmod gubergren dolores vero justo labore dolores dolor kasd. Sea sadipscing sadipscing elitr eos ut amet sea tempor feugait vero sit accusam clita sit nonumy eros labore. Consequat et magna ipsum erat diam. Sit et feugiat dolores et euismod vero et elit odio tempor. Vel laoreet facilisis eos magna sit nibh at nonumy est vero magna et sit eirmod sed aliquyam voluptua erat. Ea sit dolores duis eros accusam dolor ipsum nonumy. Dolor rebum ipsum quod duis justo takimata ea eros. Erat ipsum eu dolor consetetur erat no sed eirmod sit tempor et elitr. Justo labore vero aliquyam dolor dolores volutpat vel odio dolores elitr lorem. Et dolor justo accusam autem ea sit magna stet tempor possim commodo no aliquyam aliquam diam consetetur. Vero et veniam accumsan feugiat erat diam blandit accumsan labore consequat ea erat. Enim at diam diam justo vero in laoreet wisi et sanctus minim. Dolor velit suscipit ipsum tempor feugiat rebum invidunt sed consequat nulla et vero amet. Id minim sed adipiscing est ut eirmod blandit lorem elitr gubergren accusam dolore sit est eos enim. At augue amet tempor ut erat et dolores justo ipsum diam amet sanctus doming sed et diam lorem. Consetetur et labore voluptua. Ut accumsan consetetur takimata dolore molestie eos at no accusam ipsum et ipsum at eros no quis facilisi et.\nIpsum diam dolore elitr eros. Dolor at ut. Laoreet laoreet vero vel nonumy at eu dolores cum stet dolor sed labore eum. Accusam ut amet. Labore ipsum justo accumsan magna lorem labore eu zzril vero quis est enim magna feugiat sed euismod diam nam. Ipsum diam voluptua adipiscing takimata nonumy clita justo invidunt dolor aliquip diam at tempor. Et facilisi dolor at lorem sea sit duo gubergren consetetur sea justo velit. Nonumy dolores clita lorem ea ex takimata aliquyam liber dolores elitr. Justo iriure dolore et eos aliquyam magna dolor gubergren enim vel amet.\nTakimata no amet in lorem justo at minim luptatum adipiscing elitr nonumy kasd dolore dolores. Ipsum commodo velit dolores eirmod laoreet ea sed et clita eirmod eum clita odio assum. Dolor at magna ipsum nisl duo duo eos sit et voluptua. Duis dolores in adipiscing stet ut minim gubergren vel duo ut labore feugait est praesent ut. Ipsum tempor gubergren elitr delenit sed dolor dolore invidunt accusam labore magna rebum odio esse eum ipsum. Dolor vero et nibh diam diam voluptua aliquyam consequat sea sit. Lorem erat clita elitr eos dolores et consetetur stet id. Gubergren duis dolor vel. Justo vel amet vero veniam takimata veniam vel nonumy lorem vero accusam odio wisi consetetur diam. Vel nisl ut dolor tempor sea praesent feugiat ipsum illum voluptua accusam kasd dolores autem tempor. Gubergren amet exerci diam sit et ipsum et tempor amet takimata erat tation erat consequat at labore ea dolore. Labore magna nonumy sit ullamcorper lobortis elitr justo at mazim tempor sed minim. Vero consetetur consequat tempor nobis ea adipiscing invidunt. No sadipscing tempor. Est eros sit illum sit eos sit invidunt sed iriure sea ipsum sanctus. Option sed euismod sea et luptatum et nonumy nam vero sed et consetetur lorem eu dolor no sea vero.\nImperdiet quis kasd ut sanctus. Consequat amet et eu iusto amet et magna clita invidunt. Stet volutpat mazim dolores lorem et duis dolor autem dolor diam magna amet amet sed aliquyam. Ipsum doming blandit et et ut takimata vel diam facilisis at eirmod rebum dolores dignissim facilisi. Amet odio illum et sadipscing facilisi amet. Voluptua aliquam dolor rebum nulla nonumy zzril et lorem sed esse lorem sit iusto dolor invidunt facer. Consetetur vero amet illum erat luptatum at ea est assum erat clita at lorem vero nonumy lorem illum sadipscing. Consetetur duo sed nonumy ea nonumy lorem sit consequat vero invidunt dolores. Erat consequat dolore qui in accusam nulla nonumy ea diam sed aliquip aliquip justo feugiat. Clita eos sit mazim kasd esse no ea consetetur wisi invidunt dolor. Erat magna nisl stet ea et at consequat vulputate sea nonumy rebum in facilisis sed sit. Et assum lobortis nobis vero molestie ut vero lorem in. Takimata takimata takimata et dolor consequat dignissim sadipscing. In hendrerit tempor diam sed eum duis vulputate eu in.\n","publishDate":"2021-12-04T22:51:29.4574909+00:00"},{"id":200,"title":"Book 200","description":"Rebum in eos consequat magna in nonumy et justo nonumy clita. Erat quis erat dolor no nibh diam no invidunt sea kasd. Dolor sit duo lorem ut. Stet elit eu eirmod elitr volutpat praesent rebum at no dolore. Vero ipsum feugiat quis cum justo. Nihil kasd duis consequat lorem rebum accusam aliquyam amet ipsum vero esse diam nulla sanctus. Sit accumsan consequat erat nonummy. Sit dolores dolore diam sadipscing qui nonummy aliquyam esse dolor lorem ut voluptua. Delenit tempor dolore sea volutpat amet justo gubergren in lorem elitr aliquyam sit quod et lorem accusam. Blandit aliquyam gubergren dolore enim eos accusam odio labore ipsum delenit no nonumy. No ipsum no at sed laoreet sit sadipscing et sed autem duis volutpat erat dolor et ipsum labore vero. Molestie sadipscing at vel lorem doming odio ea ipsum et ea. Ea tempor est iriure no sea clita stet ea et rebum clita sanctus duo magna sadipscing vulputate aliquyam nonumy. Diam est possim gubergren erat ut ipsum. Est invidunt augue sit feugait stet et sit vero vulputate dolor sed. Eirmod eirmod no erat tincidunt. Eirmod at feugiat consequat gubergren voluptua qui justo gubergren zzril facilisi eu. Iusto ut no et clita stet. Elitr accusam invidunt duo sit illum enim vero dolore gubergren.\n","pageCount":20000,"excerpt":"Eos takimata enim sed dolor nam lobortis at vero amet est duo vel vero takimata. Vero eos elitr dolor ea rebum volutpat velit eirmod. Consequat eum nulla dolore invidunt nostrud ut ipsum diam laoreet no. Delenit et nibh nonumy velit ipsum et justo dolor accusam tincidunt et aliquam no vero ipsum diam no. Erat ipsum ut est kasd luptatum dolor sea in et. Ut sit id lorem consetetur et accusam gubergren duis ut accusam et sea euismod et. Diam imperdiet eirmod eirmod rebum dolores duo aliquyam sanctus delenit dolores ut. Diam vulputate vero ut invidunt vero kasd hendrerit est et lorem nibh delenit stet tempor.\nVoluptua amet consetetur est invidunt elit possim consetetur lorem option lorem enim iriure quis. Vero justo sanctus consetetur rebum labore eos nonumy vero et sanctus magna duo elit. Lorem magna et iriure molestie facer labore ipsum lorem erat. Sed dolore at rebum at clita magna. Praesent facilisis nibh sadipscing clita amet lorem takimata lorem et no lorem erat consequat eos doming duo elitr sit. Eum dolore dolores soluta elit illum sadipscing sed rebum kasd sit consetetur gubergren amet sed justo autem eirmod kasd. Autem amet dolores et feugait dolor magna nibh vero ipsum amet et clita vel est magna. Vero sed magna eos rebum tation in invidunt invidunt labore. Aliquip lobortis amet nulla dolore.\nDolore est sit elitr molestie amet sit vel dolores amet stet ea ut delenit eu. Dolore sadipscing erat et labore eos magna wisi eos sea erat et vero. Delenit dolor est et vero diam dolores magna dolore option lobortis sit dolor sadipscing vero. Tempor diam eos aliquyam nihil invidunt. Velit tempor no lorem duis assum consetetur et exerci sea dolor accusam amet kasd duo placerat ullamcorper sanctus possim. Commodo aliquyam commodo dolor nonummy doming ut et eirmod amet sadipscing consectetuer in lorem amet.\nDolore accusam clita amet diam amet elitr sea. Clita clita dignissim elit sit eos. Praesent ut diam ullamcorper clita blandit amet duo eos et diam ea sit kasd sit kasd sea takimata gubergren. Sed elitr accusam.\nEirmod eos elit sed sit justo duo accusam. Gubergren amet et amet odio elitr et quod. Gubergren duo eum takimata erat. Sit nulla sed vulputate eirmod erat voluptua dolor elitr lorem nulla consetetur. Iriure eos consetetur veniam id sed dolor sit nonumy clita est dolores stet soluta magna gubergren. Rebum nulla ad dolore diam facilisi illum id praesent rebum labore elitr aliquyam amet erat lorem. Dolor lorem amet dolore ipsum ut. Labore erat et liber et takimata sit magna dolor no invidunt clita amet lorem odio et illum. Voluptua vero gubergren. Elitr eum voluptua ex consetetur ut et euismod nibh kasd aliquyam ut ipsum clita takimata voluptua odio. Vulputate et justo et rebum dolores dolore et diam dolore justo et voluptua sea. Elitr accusam volutpat aliquyam diam. Laoreet invidunt stet dolor voluptua ea rebum sanctus no sed liber rebum commodo diam tempor et tempor.\n","publishDate":"2021-12-03T22:51:29.4575543+00:00"}]</msg>
<status status="PASS" starttime="20220621 19:51:30.801" endtime="20220621 19:51:30.829"/>
</kw>
<kw name="Set Test Variable" library="BuiltIn">
<arg>${RESPOSTA}</arg>
<doc>Makes a variable available everywhere within the scope of the current test.</doc>
<msg timestamp="20220621 19:51:30.829" level="INFO">${RESPOSTA} = &lt;Response [200]&gt;</msg>
<status status="PASS" starttime="20220621 19:51:30.829" endtime="20220621 19:51:30.829"/>
</kw>
<status status="PASS" starttime="20220621 19:51:27.921" endtime="20220621 19:51:30.830"/>
</kw>
<kw name="Conferir o status code" library="ResourceAPI">
<arg>200</arg>
<kw name="Should Be Equal As Strings" library="BuiltIn">
<arg>${RESPOSTA.status_code}</arg>
<arg>${STATUSCODE_DESEJADO}</arg>
<doc>Fails if objects are unequal after converting them to strings.</doc>
<msg timestamp="20220621 19:51:30.832" level="INFO">Argument types are:
&lt;class 'int'&gt;
&lt;class 'str'&gt;</msg>
<status status="PASS" starttime="20220621 19:51:30.831" endtime="20220621 19:51:30.832"/>
</kw>
<status status="PASS" starttime="20220621 19:51:30.830" endtime="20220621 19:51:30.832"/>
</kw>
<kw name="Conferir o reason" library="ResourceAPI">
<arg>OK</arg>
<kw name="Should Be Equal As Strings" library="BuiltIn">
<arg>${RESPOSTA.reason}</arg>
<arg>${REASON_DESEJADO}</arg>
<doc>Fails if objects are unequal after converting them to strings.</doc>
<status status="PASS" starttime="20220621 19:51:30.833" endtime="20220621 19:51:30.834"/>
</kw>
<status status="PASS" starttime="20220621 19:51:30.833" endtime="20220621 19:51:30.834"/>
</kw>
<kw name="Conferir se retorna uma lista com &quot;200&quot; livros" library="ResourceAPI" sourcename="Conferir se retorna uma lista com &quot;${QTDE_LIVROS}&quot; livros">
<kw name="Length Should Be" library="BuiltIn">
<arg>${RESPOSTA.json()}</arg>
<arg>${QTDE_LIVROS}</arg>
<doc>Verifies that the length of the given item is correct.</doc>
<msg timestamp="20220621 19:51:30.840" level="INFO">Length is 200</msg>
<status status="PASS" starttime="20220621 19:51:30.835" endtime="20220621 19:51:30.841"/>
</kw>
<status status="PASS" starttime="20220621 19:51:30.835" endtime="20220621 19:51:30.841"/>
</kw>
<status status="PASS" starttime="20220621 19:51:27.921" endtime="20220621 19:51:30.842"/>
</test>
<doc>Documentacao da api: https://fakerestapi.azurewebsites.net/index.html</doc>
<status status="PASS" starttime="20220621 19:51:27.725" endtime="20220621 19:51:30.844"/>
</suite>
<statistics>
<total>
<stat pass="1" fail="0" skip="0">All Tests</stat>
</total>
<tag>
</tag>
<suite>
<stat pass="1" fail="0" skip="0" id="s1" name="TestCaseAPIBooks">TestCaseAPIBooks</stat>
</suite>
</statistics>
<errors>
</errors>
</robot>
