<?xml version="1.0" encoding="UTF-8"?>
<robot generator="Robot 5.0.1 (Python 3.10.5 on win32)" generated="20220621 22:14:33.521" rpa="false" schemaversion="3">
<suite id="s1" name="TestCaseAPIBooks" source="c:\Projetos\api-robot\BooksAPI\TestCaseAPIBooks.robot">
<kw name="Conectar a minha API" library="ResourceAPI" type="SETUP">
<kw name="Create Session" library="RequestsLibrary">
<arg>fakerestAPI</arg>
<arg>${URL_API}</arg>
<doc>Create Session: create a HTTP session to a server</doc>
<msg timestamp="20220621 22:14:33.727" level="INFO">Creating Session using : alias=fakerestAPI, url=https://fakerestapi.azurewebsites.net/api/, headers={},                     cookies={}, auth=None, timeout=None, proxies=None, verify=False,                     debug=0 </msg>
<status status="PASS" starttime="20220621 22:14:33.727" endtime="20220621 22:14:33.728"/>
</kw>
<status status="PASS" starttime="20220621 22:14:33.726" endtime="20220621 22:14:33.728"/>
</kw>
<test id="s1-t1" name="Buscar a listagem de todos os livros (GET em todos os livros)" line="7">
<kw name="Requisitar todos os livros" library="ResourceAPI">
<kw name="GET On Session" library="RequestsLibrary">
<var>${RESPOSTA}</var>
<arg>fakerestAPI</arg>
<arg>/v1/Books</arg>
<doc>Sends a GET request on a previously created HTTP Session.</doc>
<msg timestamp="20220621 22:14:41.832" level="INFO">GET Request : url=https://fakerestapi.azurewebsites.net/api/v1/Books 
 path_url=/api/v1/Books 
 headers={'User-Agent': 'python-requests/2.28.0', 'Accept-Encoding': 'gzip, deflate', 'Accept': '*/*', 'Connection': 'keep-alive'} 
 body=None 
 </msg>
<msg timestamp="20220621 22:14:41.835" level="INFO">GET Response : url=https://fakerestapi.azurewebsites.net/api/v1/Books 
 status=200, reason=OK 
 headers={'Content-Type': 'application/json; charset=utf-8; v=1.0', 'Date': 'Wed, 22 Jun 2022 01:14:35 GMT', 'Server': 'Kestrel', 'Transfer-Encoding': 'chunked', 'api-supported-versions': '1.0'} 
 body=[{"id":1,"title":"Book 1","description":"Dolores est sanctus eu lorem consetetur rebum vulputate elitr eros et kasd. Dolor sanctus eu amet vero. Nonumy tempor sadipscing sanctus dolor accusam adipiscing et rebum consetetur duo amet invidunt placerat. Amet eu accusam. Facilisis aliquyam quod ea dignissim stet et at illum dolore ut amet sea elit facer aliquyam duo. Dolore est diam ipsum iriure sit consetetur vero at sit accumsan diam odio ut sea elitr eu ipsum delenit. Eos ut aliquyam diam ea ex sed ipsum at invidunt ea dolore duis clita. Lorem no iusto. Elitr iusto diam duis no justo sanctus sit erat. Wisi dolores molestie labore sed sit eu at. Eirmod rebum velit quis rebum facilisi amet ipsum dolor. Takimata no ut consetetur diam eos dolore quis lobortis velit at no lorem dolores. Stet ea sed sed volutpat justo labore. Accumsan adipiscing est dolor consetetur sit eirmod no iusto at amet. Vel rebum eos. Sed stet gubergren at et sed erat no aliquyam invidunt sit justo iusto justo. Et vero ut in feugiat dolore lorem facer sadipscing vel. Qui ea nostrud ea aliquyam lorem duis ad.\n","pageCount":100,"excerpt":"No no lorem ea et sit vel takimata amet illum sanctus dolor duo erat. Amet est stet sit sea eos dolores sed exerci feugait lorem justo vero sanctus dolor diam gubergren et. Takimata molestie lorem dolor nulla tempor et et sadipscing invidunt sea dolore vel sed clita.\nLabore clita elitr aliquam elitr ut. Odio facer voluptua tation labore. Et dolor dolore autem et facilisis sit takimata.\nUt sea sea sanctus sit diam dolores. Magna accusam eos euismod. At illum ea lorem. Et justo at consequat ipsum tation dolor clita lorem elit takimata dolore eirmod et. Lorem diam kasd labore aliquyam nibh consetetur magna eirmod labore augue sadipscing erat lorem. Ea sed ea euismod sit consequat ipsum accusam no et hendrerit diam diam duo eleifend ipsum et cum.\nSanctus lobortis zzril invidunt in vel rebum placerat autem lorem dolores. Eum sit ut et consetetur nonumy assum eros sit et ut dolor accusam velit dolores suscipit. Invidunt iriure suscipit stet magna eu at at erat tempor tempor. Nulla iusto sanctus elit quod tempor magna volutpat illum magna ut ea et. Dolore eirmod enim duis ipsum erat sea invidunt sed suscipit no lorem ea rebum nonumy. Ea elitr labore invidunt duis eos veniam invidunt sed dolor invidunt eirmod accusam dolor sed dolor sed. Rebum invidunt nonumy dolore ut vulputate consectetuer doming sadipscing ea. Nonumy clita dolores nonumy. Nulla magna aliquyam laoreet in est elitr sed et magna sadipscing. Ea ad dolor amet stet. Illum elitr amet ex vero erat erat est eirmod duo consequat magna labore. Duis sit facilisi voluptua delenit lorem dolor no amet dolores nostrud erat sit exerci aliquyam sit. Vulputate no accusam. Et vel lorem takimata ut amet ipsum vel no duis kasd dolor suscipit accusam dolor no at cum voluptua.\nDolor nostrud amet erat eos gubergren nulla elitr et iusto erat rebum tempor in. Ea et iriure sit labore vero. Ipsum sadipscing dolore vero facer at ipsum ullamcorper accusam et nisl et vel labore gubergren sanctus dolore diam consetetur. Nisl elitr invidunt laoreet laoreet commodo lorem at liber vero vero. Aliquam clita diam sit nonumy at vulputate ea eirmod rebum dolor sit sed dolor sanctus rebum takimata eros. Clita facer lorem ipsum in sed ipsum vel nonumy accumsan duis sit magna gubergren amet. Volutpat takimata no nonumy duis accusam nulla lobortis sea voluptua in dolor voluptua eum nonumy blandit. Nobis amet adipiscing. Dolore ut kasd diam invidunt congue exerci sea stet est tempor erat vero ipsum sanctus ipsum. Iriure nostrud voluptua consetetur vulputate dolor justo dolor in sea ut erat. Aliquyam dolore duo. Justo vero duis lorem et et diam consetetur consetetur tempor lorem duo sit sed gubergren qui quis accusam vel.\n","publishDate":"2022-06-21T01:14:35.4351869+00:00"},{"id":2,"title":"Book 2","description":"Hendrerit labore et labore minim labore vero lorem sed no accusam amet sanctus magna. Labore in facilisi amet tempor vel kasd magna ea labore. Et justo nonummy dolore no stet ipsum ut. Diam vero dolore euismod aliquam et amet ipsum clita et. Eum ipsum luptatum et et dolore. Sit accumsan aliquyam et gubergren vulputate eos aliquyam est vulputate sed sit facilisi stet consequat erat kasd voluptua hendrerit. Duo et facer sea justo dolore sed kasd dignissim tempor takimata sea gubergren aliquyam dolor duo eleifend et ipsum.\n","pageCount":200,"excerpt":"Magna sed eos sadipscing elit consetetur euismod gubergren facilisis invidunt. No dolores et duis duo eos sit sed gubergren clita qui consequat consequat accusam facer in et. Dolores in clita erat commodo invidunt amet duo illum lobortis. Dolores quis diam rebum sit amet at rebum ea amet. Justo justo dolore placerat nulla nostrud diam eirmod nonumy commodo augue. Kasd et dolore iriure amet erat invidunt. Takimata clita diam consetetur dolores at ut velit voluptua clita sed aliquyam dolor no magna veniam amet takimata. Ut sed sit wisi est ipsum diam erat no duis et sed invidunt. Adipiscing accusam eros aliquyam. Vero dolor ut laoreet amet sed eirmod. Consetetur accusam erat dignissim consetetur iriure. Eleifend eos kasd tincidunt dolores invidunt facilisis amet consetetur amet dolore. In dolor amet diam sadipscing eos stet dolore eos lorem et dolor vulputate dolores est sit sed dolore erat. Dolor elit sit eros gubergren ipsum erat consequat eu dignissim eros ut enim sea. Sit lorem labore eirmod takimata magna stet amet luptatum justo no eirmod labore ea elit nulla sea suscipit.\nMagna delenit dolor erat. Ipsum ea dolor. Vero ipsum ut dolore et lorem. Sea augue vulputate. Labore aliquyam vel voluptua labore kasd nibh rebum invidunt clita molestie clita amet et ipsum est. Eirmod sadipscing lorem duis clita magna vero zzril voluptua et. Dolore sit et diam duo ipsum vulputate amet erat at consetetur labore et dolore ea in lobortis. Takimata ex vero et lorem justo accusam consequat quod. Ipsum sea gubergren sea sea erat et volutpat aliquyam ipsum amet dolor diam dolor et vulputate consetetur sed. Ipsum aliquyam vulputate et diam ea accusam eirmod dolore ut sit veniam lorem ut commodo. Et et invidunt te diam. Aliquyam elit et illum in vero voluptua eros no at consetetur takimata erat voluptua diam. Et facilisi velit sed labore dolor et sed facilisis vero et sit ipsum at nulla eleifend sed amet et. Amet diam nibh ipsum clita velit gubergren iusto luptatum sadipscing sed vulputate eum labore aliquyam nihil elitr euismod. Duis ipsum at blandit duo dolore aliquyam ut ipsum amet stet gubergren.\nGubergren tempor sea dolore molestie dolore. At exerci euismod volutpat wisi labore erat duo amet sit elitr aliquyam dolor laoreet clita in. Facilisi molestie eu et sea accusam. Gubergren consetetur erat diam dolor justo wisi esse kasd sed eirmod suscipit lorem dolore et. Diam diam ut est accusam invidunt tincidunt vero lorem ut esse iriure lorem. Dolor duo est at voluptua et est autem dolore at autem sit duo eirmod labore facilisis facer dolor invidunt. Vero nibh illum ut dolore eos molestie facilisi sanctus lorem ea eos esse kasd consetetur invidunt amet iriure est. Sadipscing dolore diam eos vulputate dolor velit tempor nonumy sed voluptua lorem takimata duo dolor aliquyam dolores stet. Ipsum illum eos esse et elitr et tempor tation consetetur ipsum tempor ipsum accumsan invidunt. Dolor nonumy accusam stet rebum est aliquip soluta. Eos clita adipiscing. Dolores est dolor stet et dolor amet clita sanctus magna diam ea ea. Sadipscing sed qui. Dolores labore at lorem. Sit takimata erat zzril sit nulla tation enim erat sed et eos nonumy sit rebum ipsum et qui. Aliquyam sea illum ipsum duis facilisis no kasd diam id. Sit sed ipsum eirmod sanctus.\nLiber amet ea consequat consectetuer. Eos erat takimata tempor sit sanctus aliquyam nostrud cum. Eos no sit feugiat. Diam elitr eirmod gubergren eos consectetuer enim sed at. Vero no consetetur dolores. Labore duis vel sit et possim ut eos kasd. Wisi duo elitr et vero erat diam imperdiet sadipscing ea takimata diam ipsum gubergren dolor eros. Eu dolores ipsum feugiat invidunt kasd lorem ut aliquyam dolore sed dolor sed hendrerit justo. Sit eros ea aliquam stet amet eos labore stet vel et consequat diam sadipscing labore est elit justo. Accusam te dolor eu. Sadipscing takimata sed magna mazim consetetur justo voluptua et sanctus ut et luptatum. Diam magna rebum liber. Duo gubergren accusam accusam tempor. Sadipscing vulputate sit ipsum ipsum sed et dolor vero dolor. Eos in te vulputate nobis eum voluptua labore ut. Nonumy dolor invidunt accusam nonummy sanctus iusto sit aliquyam dolor invidunt ut zzril autem sanctus sit. Eos amet wisi erat in kasd dolore no dolore amet lorem eu. Amet tempor sit lorem lorem. Ea wisi hendrerit tincidunt sit dolor consetetur.\nEa diam kasd adipiscing sit labore consequat diam. Nihil eos blandit takimata clita sanctus kasd vero dolor stet sit lorem euismod ut. Dolore consequat sadipscing labore et wisi. Sit et takimata ad autem labore dolores luptatum. Feugait sit amet dolor facer at. Lorem consequat enim diam iusto eu sadipscing est diam ullamcorper dolor. Consectetuer diam sit lorem commodo voluptua esse dolore ipsum enim sed voluptua accusam magna. Tempor dolor dolore dolore eirmod eos stet nulla justo invidunt takimata lorem ea nulla. Magna ut dolore soluta labore tincidunt et vero labore at sanctus dolor est volutpat lorem lorem suscipit. Tempor nam lorem amet diam dolor. Et eleifend sit erat no sed accusam magna justo consetetur te amet esse vel ut sit. Dolor accumsan lorem feugait sed eirmod wisi consequat accusam et dolore sea ipsum ut sea labore at eu. At autem sea dolor qui ea ipsum ut consetetur eum dolore kasd praesent et diam ut diam. Ut at nostrud invidunt sadipscing takimata. Ullamcorper vero et hendrerit sit gubergren magna lorem mazim tincidunt kasd.\n","publishDate":"2022-06-20T01:14:35.4364583+00:00"},{"id":3,"title":"Book 3","description":"Rebum sanctus magna aliqu... (set the log level to DEBUG or TRACE to see the full content) 
 </msg>
<msg timestamp="20220621 22:14:41.837" level="INFO">C:\Python310\lib\site-packages\urllib3\connectionpool.py:1043: InsecureRequestWarning: Unverified HTTPS request is being made to host 'fakerestapi.azurewebsites.net'. Adding certificate verification is strongly advised. See: https://urllib3.readthedocs.io/en/1.26.x/advanced-usage.html#ssl-warnings
  warnings.warn(</msg>
<msg timestamp="20220621 22:14:41.841" level="INFO">${RESPOSTA} = &lt;Response [200]&gt;</msg>
<status status="PASS" starttime="20220621 22:14:33.730" endtime="20220621 22:14:41.841"/>
</kw>
<kw name="Log" library="BuiltIn">
<arg>${RESPOSTA.text}</arg>
<doc>Logs the given message with the given level.</doc>
<msg timestamp="20220621 22:14:41.871" level="INFO">[{"id":1,"title":"Book 1","description":"Dolores est sanctus eu lorem consetetur rebum vulputate elitr eros et kasd. Dolor sanctus eu amet vero. Nonumy tempor sadipscing sanctus dolor accusam adipiscing et rebum consetetur duo amet invidunt placerat. Amet eu accusam. Facilisis aliquyam quod ea dignissim stet et at illum dolore ut amet sea elit facer aliquyam duo. Dolore est diam ipsum iriure sit consetetur vero at sit accumsan diam odio ut sea elitr eu ipsum delenit. Eos ut aliquyam diam ea ex sed ipsum at invidunt ea dolore duis clita. Lorem no iusto. Elitr iusto diam duis no justo sanctus sit erat. Wisi dolores molestie labore sed sit eu at. Eirmod rebum velit quis rebum facilisi amet ipsum dolor. Takimata no ut consetetur diam eos dolore quis lobortis velit at no lorem dolores. Stet ea sed sed volutpat justo labore. Accumsan adipiscing est dolor consetetur sit eirmod no iusto at amet. Vel rebum eos. Sed stet gubergren at et sed erat no aliquyam invidunt sit justo iusto justo. Et vero ut in feugiat dolore lorem facer sadipscing vel. Qui ea nostrud ea aliquyam lorem duis ad.\n","pageCount":100,"excerpt":"No no lorem ea et sit vel takimata amet illum sanctus dolor duo erat. Amet est stet sit sea eos dolores sed exerci feugait lorem justo vero sanctus dolor diam gubergren et. Takimata molestie lorem dolor nulla tempor et et sadipscing invidunt sea dolore vel sed clita.\nLabore clita elitr aliquam elitr ut. Odio facer voluptua tation labore. Et dolor dolore autem et facilisis sit takimata.\nUt sea sea sanctus sit diam dolores. Magna accusam eos euismod. At illum ea lorem. Et justo at consequat ipsum tation dolor clita lorem elit takimata dolore eirmod et. Lorem diam kasd labore aliquyam nibh consetetur magna eirmod labore augue sadipscing erat lorem. Ea sed ea euismod sit consequat ipsum accusam no et hendrerit diam diam duo eleifend ipsum et cum.\nSanctus lobortis zzril invidunt in vel rebum placerat autem lorem dolores. Eum sit ut et consetetur nonumy assum eros sit et ut dolor accusam velit dolores suscipit. Invidunt iriure suscipit stet magna eu at at erat tempor tempor. Nulla iusto sanctus elit quod tempor magna volutpat illum magna ut ea et. Dolore eirmod enim duis ipsum erat sea invidunt sed suscipit no lorem ea rebum nonumy. Ea elitr labore invidunt duis eos veniam invidunt sed dolor invidunt eirmod accusam dolor sed dolor sed. Rebum invidunt nonumy dolore ut vulputate consectetuer doming sadipscing ea. Nonumy clita dolores nonumy. Nulla magna aliquyam laoreet in est elitr sed et magna sadipscing. Ea ad dolor amet stet. Illum elitr amet ex vero erat erat est eirmod duo consequat magna labore. Duis sit facilisi voluptua delenit lorem dolor no amet dolores nostrud erat sit exerci aliquyam sit. Vulputate no accusam. Et vel lorem takimata ut amet ipsum vel no duis kasd dolor suscipit accusam dolor no at cum voluptua.\nDolor nostrud amet erat eos gubergren nulla elitr et iusto erat rebum tempor in. Ea et iriure sit labore vero. Ipsum sadipscing dolore vero facer at ipsum ullamcorper accusam et nisl et vel labore gubergren sanctus dolore diam consetetur. Nisl elitr invidunt laoreet laoreet commodo lorem at liber vero vero. Aliquam clita diam sit nonumy at vulputate ea eirmod rebum dolor sit sed dolor sanctus rebum takimata eros. Clita facer lorem ipsum in sed ipsum vel nonumy accumsan duis sit magna gubergren amet. Volutpat takimata no nonumy duis accusam nulla lobortis sea voluptua in dolor voluptua eum nonumy blandit. Nobis amet adipiscing. Dolore ut kasd diam invidunt congue exerci sea stet est tempor erat vero ipsum sanctus ipsum. Iriure nostrud voluptua consetetur vulputate dolor justo dolor in sea ut erat. Aliquyam dolore duo. Justo vero duis lorem et et diam consetetur consetetur tempor lorem duo sit sed gubergren qui quis accusam vel.\n","publishDate":"2022-06-21T01:14:35.4351869+00:00"},{"id":2,"title":"Book 2","description":"Hendrerit labore et labore minim labore vero lorem sed no accusam amet sanctus magna. Labore in facilisi amet tempor vel kasd magna ea labore. Et justo nonummy dolore no stet ipsum ut. Diam vero dolore euismod aliquam et amet ipsum clita et. Eum ipsum luptatum et et dolore. Sit accumsan aliquyam et gubergren vulputate eos aliquyam est vulputate sed sit facilisi stet consequat erat kasd voluptua hendrerit. Duo et facer sea justo dolore sed kasd dignissim tempor takimata sea gubergren aliquyam dolor duo eleifend et ipsum.\n","pageCount":200,"excerpt":"Magna sed eos sadipscing elit consetetur euismod gubergren facilisis invidunt. No dolores et duis duo eos sit sed gubergren clita qui consequat consequat accusam facer in et. Dolores in clita erat commodo invidunt amet duo illum lobortis. Dolores quis diam rebum sit amet at rebum ea amet. Justo justo dolore placerat nulla nostrud diam eirmod nonumy commodo augue. Kasd et dolore iriure amet erat invidunt. Takimata clita diam consetetur dolores at ut velit voluptua clita sed aliquyam dolor no magna veniam amet takimata. Ut sed sit wisi est ipsum diam erat no duis et sed invidunt. Adipiscing accusam eros aliquyam. Vero dolor ut laoreet amet sed eirmod. Consetetur accusam erat dignissim consetetur iriure. Eleifend eos kasd tincidunt dolores invidunt facilisis amet consetetur amet dolore. In dolor amet diam sadipscing eos stet dolore eos lorem et dolor vulputate dolores est sit sed dolore erat. Dolor elit sit eros gubergren ipsum erat consequat eu dignissim eros ut enim sea. Sit lorem labore eirmod takimata magna stet amet luptatum justo no eirmod labore ea elit nulla sea suscipit.\nMagna delenit dolor erat. Ipsum ea dolor. Vero ipsum ut dolore et lorem. Sea augue vulputate. Labore aliquyam vel voluptua labore kasd nibh rebum invidunt clita molestie clita amet et ipsum est. Eirmod sadipscing lorem duis clita magna vero zzril voluptua et. Dolore sit et diam duo ipsum vulputate amet erat at consetetur labore et dolore ea in lobortis. Takimata ex vero et lorem justo accusam consequat quod. Ipsum sea gubergren sea sea erat et volutpat aliquyam ipsum amet dolor diam dolor et vulputate consetetur sed. Ipsum aliquyam vulputate et diam ea accusam eirmod dolore ut sit veniam lorem ut commodo. Et et invidunt te diam. Aliquyam elit et illum in vero voluptua eros no at consetetur takimata erat voluptua diam. Et facilisi velit sed labore dolor et sed facilisis vero et sit ipsum at nulla eleifend sed amet et. Amet diam nibh ipsum clita velit gubergren iusto luptatum sadipscing sed vulputate eum labore aliquyam nihil elitr euismod. Duis ipsum at blandit duo dolore aliquyam ut ipsum amet stet gubergren.\nGubergren tempor sea dolore molestie dolore. At exerci euismod volutpat wisi labore erat duo amet sit elitr aliquyam dolor laoreet clita in. Facilisi molestie eu et sea accusam. Gubergren consetetur erat diam dolor justo wisi esse kasd sed eirmod suscipit lorem dolore et. Diam diam ut est accusam invidunt tincidunt vero lorem ut esse iriure lorem. Dolor duo est at voluptua et est autem dolore at autem sit duo eirmod labore facilisis facer dolor invidunt. Vero nibh illum ut dolore eos molestie facilisi sanctus lorem ea eos esse kasd consetetur invidunt amet iriure est. Sadipscing dolore diam eos vulputate dolor velit tempor nonumy sed voluptua lorem takimata duo dolor aliquyam dolores stet. Ipsum illum eos esse et elitr et tempor tation consetetur ipsum tempor ipsum accumsan invidunt. Dolor nonumy accusam stet rebum est aliquip soluta. Eos clita adipiscing. Dolores est dolor stet et dolor amet clita sanctus magna diam ea ea. Sadipscing sed qui. Dolores labore at lorem. Sit takimata erat zzril sit nulla tation enim erat sed et eos nonumy sit rebum ipsum et qui. Aliquyam sea illum ipsum duis facilisis no kasd diam id. Sit sed ipsum eirmod sanctus.\nLiber amet ea consequat consectetuer. Eos erat takimata tempor sit sanctus aliquyam nostrud cum. Eos no sit feugiat. Diam elitr eirmod gubergren eos consectetuer enim sed at. Vero no consetetur dolores. Labore duis vel sit et possim ut eos kasd. Wisi duo elitr et vero erat diam imperdiet sadipscing ea takimata diam ipsum gubergren dolor eros. Eu dolores ipsum feugiat invidunt kasd lorem ut aliquyam dolore sed dolor sed hendrerit justo. Sit eros ea aliquam stet amet eos labore stet vel et consequat diam sadipscing labore est elit justo. Accusam te dolor eu. Sadipscing takimata sed magna mazim consetetur justo voluptua et sanctus ut et luptatum. Diam magna rebum liber. Duo gubergren accusam accusam tempor. Sadipscing vulputate sit ipsum ipsum sed et dolor vero dolor. Eos in te vulputate nobis eum voluptua labore ut. Nonumy dolor invidunt accusam nonummy sanctus iusto sit aliquyam dolor invidunt ut zzril autem sanctus sit. Eos amet wisi erat in kasd dolore no dolore amet lorem eu. Amet tempor sit lorem lorem. Ea wisi hendrerit tincidunt sit dolor consetetur.\nEa diam kasd adipiscing sit labore consequat diam. Nihil eos blandit takimata clita sanctus kasd vero dolor stet sit lorem euismod ut. Dolore consequat sadipscing labore et wisi. Sit et takimata ad autem labore dolores luptatum. Feugait sit amet dolor facer at. Lorem consequat enim diam iusto eu sadipscing est diam ullamcorper dolor. Consectetuer diam sit lorem commodo voluptua esse dolore ipsum enim sed voluptua accusam magna. Tempor dolor dolore dolore eirmod eos stet nulla justo invidunt takimata lorem ea nulla. Magna ut dolore soluta labore tincidunt et vero labore at sanctus dolor est volutpat lorem lorem suscipit. Tempor nam lorem amet diam dolor. Et eleifend sit erat no sed accusam magna justo consetetur te amet esse vel ut sit. Dolor accumsan lorem feugait sed eirmod wisi consequat accusam et dolore sea ipsum ut sea labore at eu. At autem sea dolor qui ea ipsum ut consetetur eum dolore kasd praesent et diam ut diam. Ut at nostrud invidunt sadipscing takimata. Ullamcorper vero et hendrerit sit gubergren magna lorem mazim tincidunt kasd.\n","publishDate":"2022-06-20T01:14:35.4364583+00:00"},{"id":3,"title":"Book 3","description":"Rebum sanctus magna aliquyam stet sanctus esse magna. Et lorem sit. Invidunt eos est molestie lorem possim dolor quod consetetur in dolore tempor. Et et kasd gubergren invidunt sit dolor tation lorem diam est et dolore ea. Diam minim diam consectetuer hendrerit illum. Exerci amet sea et. Dolore justo et ut dolor no. Sed dolor lorem. Magna qui tempor erat ea enim. Justo et accumsan dolore diam sit ipsum wisi augue sit nostrud clita praesent ipsum et at duis placerat. Cum vel takimata. Tempor dolor invidunt ipsum dolor magna est commodo no. Sit diam duo et lorem. Eos sed at rebum lorem eirmod. Amet feugiat dolore sed in voluptua dolore ea vel facilisis et lorem veniam. Congue duo sit sea erat ex eos nisl stet et elit. Hendrerit gubergren clita tation sadipscing dolor enim. Labore dolores ea diam clita erat diam et feugiat feugiat labore quis justo eirmod consetetur justo gubergren. Justo eirmod dolores magna blandit amet eu erat enim et ipsum erat consequat nulla et.\n","pageCount":300,"excerpt":"Illum ipsum id aliquyam et eos eos sed cum ad et id nulla. Et dolor odio dolore iriure stet lorem dolore elit. Dolore ea nonumy accusam amet sed no no wisi et. Invidunt ea voluptua. Amet ut ipsum amet enim duis lorem tempor voluptua magna dolore magna et at odio no amet. Et consequat duo labore quis kasd vero sed sea at veniam erat volutpat. Amet ut aliquyam at labore et dolores et nihil sed dolore vulputate ea gubergren eirmod wisi. Erat stet dolore. Dolor duo lorem quod sed. Kasd suscipit feugiat id qui erat amet invidunt et sed elitr aliquyam. Et lorem amet diam dolor.\nEt lorem takimata clita diam vero ipsum ea et labore. Et sadipscing voluptua accumsan dolore justo. Dolore aliquyam justo vero duo sanctus et in stet eu sit consequat sed ipsum eos. Velit takimata ipsum wisi qui gubergren euismod nisl esse dignissim ipsum et accusam. Autem molestie magna accusam ipsum vero sadipscing elitr cum commodo sed et kasd elitr augue justo takimata nobis magna. Accusam dolores dolore odio sit. Lorem ea est dolor feugait ipsum invidunt eirmod diam.\nTakimata vel dolores voluptua augue ipsum ea ut. Lorem et diam ut rebum enim gubergren voluptua ipsum zzril nonumy. Est et magna diam ut iusto takimata sadipscing magna eos dolore rebum labore lorem sea rebum. Iriure dolor et ipsum rebum iusto odio voluptua dignissim dolor. Iusto no invidunt et sadipscing accusam ut sed sit amet sadipscing dolore tation nonummy diam diam. Vel magna rebum takimata autem nonumy aliquyam ipsum justo sit elitr duis. Dolor invidunt aliquyam at et dolore. Facilisis dolore sit ea stet duo veniam lorem. Nulla invidunt vero sit duo eleifend diam tempor sanctus amet hendrerit vulputate dolor velit et veniam. Dolore sadipscing takimata diam dolor nulla consequat. Voluptua eos sed amet dolor feugiat diam aliquyam eirmod amet in. Dolores ea dignissim sit sit et gubergren et dolor autem magna id. Dolor ut blandit elitr eirmod sed sed voluptua. Tation vero euismod odio dolor. Dolore no no gubergren adipiscing consetetur. Consequat at kasd vel et delenit cum et erat elitr. Augue nihil mazim.\nWisi dolor ea clita tempor elitr sadipscing dolor facilisis at. In eirmod eirmod et stet vero adipiscing ipsum sea magna sadipscing voluptua rebum sit kasd feugiat dolor nulla. Blandit sadipscing gubergren eirmod voluptua vel zzril dolore sed suscipit ipsum gubergren rebum sit aliquip rebum vulputate. Et et ut dolores justo duo no vulputate est dolor eum clita amet nulla nulla vulputate elitr labore. Amet stet eum ea dolore invidunt facilisis clita eirmod aliquyam erat nulla et sed nonumy zzril. Sea soluta et amet clita justo voluptua. Takimata erat voluptua accusam eleifend sit est. Diam lorem voluptua duis nibh. Eros tincidunt est tempor te voluptua sadipscing justo labore consetetur kasd nulla et suscipit rebum. Eirmod minim dolores consectetuer. Amet lobortis sed nisl ea vero in elit sed erat justo consetetur et sed sea. Et ullamcorper sit est assum clita magna gubergren sea et dolore accusam et ea diam erat diam. Minim vero rebum. Sadipscing dolor sit accusam sea ea in commodo dolor dolore iusto.\nIpsum et ea illum labore ut dolore rebum ipsum sed volutpat zzril gubergren wisi. Eirmod sit kasd ipsum dolor amet luptatum. Tempor dolores lorem dolores sit sed sit. Duo tempor ipsum consetetur no vel tempor eu ut dolore adipiscing euismod sea ea. Ipsum duo et kasd ex ut aliquam dolore dolor voluptua duo gubergren. Erat ullamcorper rebum lorem ipsum ut diam minim in erat feugiat sadipscing euismod. Dolor ea id sed in hendrerit sed est luptatum dolore.\n","publishDate":"2022-06-19T01:14:35.4365385+00:00"},{"id":4,"title":"Book 4","description":"Nostrud ipsum odio dolor nam amet elit dolor ex stet duo no tincidunt blandit clita voluptua. Vel feugait dolores et gubergren duo justo euismod magna diam accusam. Vero diam nobis tempor iriure rebum in sed facer ea amet. Elitr sadipscing diam sit magna dolore accusam ut sit lorem ut nisl dolores amet cum feugiat. Doming at duo sed rebum facilisis voluptua illum consetetur dolore tempor sadipscing invidunt ut ad diam et. Et kasd et. Et takimata vel liber hendrerit sanctus amet accusam aliquyam eu iusto esse consetetur accumsan wisi. Consequat eirmod et magna eirmod. Dolore dolores ea rebum ipsum facilisis amet et tempor justo delenit dolores mazim clita. Sea invidunt dolores dolor eos invidunt voluptua. Erat diam sea elit et aliquip dolores sed sed. Ex ipsum no lorem erat dolor duo voluptua no sadipscing dolor at euismod et nisl accusam ipsum dolor. Ut ea enim voluptua eum soluta. Erat amet eos duo magna diam lobortis sed elitr at molestie ipsum. Lorem nonumy magna diam et illum.\n","pageCount":400,"excerpt":"In sed dolor clita possim stet et no invidunt ad volutpat eirmod esse facilisi. Ipsum diam facer kasd ut aliquip vero clita aliquip consequat possim dolor labore duo vulputate consetetur. Et consetetur velit eos et takimata magna sed takimata justo sanctus sed et rebum et mazim lorem diam invidunt. Et et erat ex ea ea gubergren sit imperdiet kasd et. Et lobortis elitr facilisis nonumy erat dolore wisi feugait et voluptua. Justo duo dolor erat aliquam sadipscing labore no sit consequat sed takimata lorem. Sea dolore sit magna sit rebum. Nam nulla dolore eos no diam. Id ipsum sit. Eum rebum vel wisi. Ullamcorper ea cum diam ea amet qui rebum. No sanctus et sadipscing erat at commodo clita liber dolore diam elitr. Kasd dolore no ea zzril zzril tempor tation labore dolore. Rebum nostrud aliquip autem tempor clita accusam accumsan. Sit amet aliquyam lorem dolor rebum elitr voluptua labore no sanctus et lorem takimata eirmod sed duo sit.\nDiam hendrerit erat sed aliquyam erat stet sed justo eros in diam dolores sed kasd ea gubergren nonumy illum. Sed magna elitr voluptua voluptua. At nobis stet justo dolor kasd est dignissim nonumy kasd amet magna quod justo consectetuer magna invidunt no ut. Sea rebum dolor et justo congue lorem elit feugiat sit amet lorem ea amet aliquam nulla ea lorem elitr. Justo illum sit amet et accusam nonummy sea. Voluptua augue illum vero kasd iriure lorem suscipit suscipit sit lorem elitr sanctus eos consetetur kasd rebum. Et lorem sanctus et tempor amet assum veniam diam sed dolor. Dolor duo aliquyam amet sanctus eleifend dolores elit est elit accusam at vero dolore in. Rebum sea at nonumy vel nulla illum eirmod amet gubergren voluptua et lorem ea wisi. No invidunt ipsum ut stet facer consectetuer sanctus consetetur labore lorem amet blandit aliquyam voluptua est.\nInvidunt molestie accusam sed dolore ut est sed hendrerit sit vero et sed vero et. Amet eirmod feugiat. Sed iusto lobortis aliquyam amet sit sea ipsum et rebum labore. Volutpat sanctus sed magna sit duo ea invidunt option et dolor invidunt tempor eum in elit volutpat vel magna. Te erat nonumy quis erat. Clita volutpat at ullamcorper accusam voluptua sed. Elit lorem amet ut eleifend ad eos sadipscing ipsum nonumy ut duo elitr dolores. Feugiat amet et et aliquyam amet takimata dolores duo dolor ullamcorper est aliquyam sanctus sadipscing sit. Clita soluta et eos adipiscing consectetuer ut. Zzril ea voluptua illum no nulla illum facilisis feugiat sed. Sit iriure magna no aliquam eirmod sed labore sed eros sadipscing rebum gubergren eirmod kasd voluptua facilisi dolor. Magna duo invidunt justo minim. Magna kasd et hendrerit at diam vel labore. Amet invidunt magna.\nUt est autem sadipscing accusam et lorem et ea dolor sea diam. Et dolor nonumy ea vero sit amet facilisi et eirmod stet dolores sit. Aliquyam vero lorem feugait sed stet diam blandit at eirmod elitr nihil no eirmod et amet erat. Dolor ea amet liber autem labore erat magna erat dignissim clita sit invidunt sed voluptua autem eos. Sed et dolores ea suscipit eos et labore et id et veniam in eos gubergren erat justo. Rebum consetetur voluptua cum zzril kasd duo. Facer vero justo luptatum et erat ea vero eos takimata duis et sed est et stet. Soluta nonumy blandit erat diam elitr eirmod sed dolore vel autem et sadipscing sanctus ullamcorper aliquyam dolore sit. Ea sanctus ipsum dolor iriure et amet dolor consectetuer ut at. Diam sit dolor rebum et amet sed.\nMagna consetetur lorem at ut sea stet dolor sea molestie elitr lorem ex ipsum est duo in takimata stet. Vulputate vero suscipit sit no accusam sit dolor in molestie dolor kasd amet et labore sit. Velit amet sea tempor sit est ipsum consequat eirmod mazim commodo. Augue sanctus sadipscing sed diam et in nonumy nulla vel. Sanctus kasd elitr diam et magna. Tempor rebum gubergren ut et nonummy est ipsum magna justo takimata feugiat accusam erat diam invidunt aliquyam et lorem. Et sed consetetur sea. Praesent nulla ipsum voluptua in feugiat. Soluta labore sanctus esse facilisis diam tempor erat takimata at. Lobortis ex clita delenit labore ea no rebum velit. Ipsum no dolor et ipsum aliquyam facilisi amet dolor diam sit suscipit. Aliquyam tempor placerat velit gubergren dolor. Sanctus doming elit laoreet est euismod euismod lorem dolore tempor dolores ea nonumy justo cum assum.\n","publishDate":"2022-06-18T01:14:35.4366295+00:00"},{"id":5,"title":"Book 5","description":"Eos ipsum ipsum magna tempor ipsum lorem ipsum elit et veniam. Diam amet diam est luptatum et zzril mazim amet doming et tempor et option. Et ut diam vel ad kasd sadipscing est diam accusam in diam amet magna sanctus elitr iriure quis. Kasd duo et dolor dolore dolore eos praesent aliquyam sed duis sadipscing no. Esse ut stet dolor facilisi amet sit duo quis et illum et illum feugiat eros diam qui et consetetur. Hendrerit sadipscing consetetur sit kasd clita feugait option sanctus eros elitr diam amet ut clita mazim consetetur diam nonumy. Justo elitr et eleifend duo option wisi elitr. Ipsum gubergren molestie. Est sit nonummy magna iriure sed. Tempor enim et tempor aliquyam lobortis eos duis ex justo dolores sed volutpat dolor zzril dolor. Minim dolore nulla euismod aliquip feugait sea volutpat. Diam consetetur justo amet kasd commodo ipsum consetetur sed no vel dolore dignissim sit voluptua et facilisi accusam. Magna sit et. Stet sed amet dolor aliquyam sit ex lorem dolores assum vero dolore sanctus sed tempor sed eirmod. Elitr dolores est eum.\n","pageCount":500,"excerpt":"In eirmod ullamcorper sadipscing. Et dolore sanctus nonumy lorem ipsum. Ullamcorper dolor dolor sed at lorem duo autem dolore elit ea amet. Erat luptatum dolores elitr lobortis ut ullamcorper iusto gubergren ut elitr erat et sit. Invidunt justo vulputate tation erat sed dolores. Sed amet elitr dolor sed velit dolore lorem nonumy kasd facilisi vero est sit vel lorem tempor tation invidunt. Ullamcorper gubergren amet amet sit. Elit sed consetetur et amet nibh clita elit. Feugait veniam et vel et augue eirmod ipsum consectetuer ipsum gubergren eos invidunt eos stet ipsum. Sed dolore sit sit gubergren elitr dolore ullamcorper gubergren vero dolore adipiscing clita. Stet consetetur voluptua eirmod elitr accusam at ipsum stet consequat sanctus option dolor kasd magna sed qui sanctus aliquam. Dolor vel labore sanctus kasd. Illum voluptua vero nonumy sed accusam et et.\nNo ut feugiat aliquip et eirmod et ullamcorper amet blandit. Et dolore ea aliquip lorem. Invidunt enim ipsum voluptua justo. No amet lorem erat ipsum quod illum at voluptua. Dolor justo ut sit et minim dolor eu iriure dolore nulla nonumy augue clita no soluta vero illum et. Clita et hendrerit takimata clita rebum gubergren no duo. Gubergren hendrerit justo sea takimata sit ut eros aliquam et dolores sea praesent exerci dolor ipsum eirmod stet. Ad clita lorem iusto et. Erat ipsum dolor diam sed aliquyam nonumy quis voluptua volutpat et justo ipsum clita stet praesent. Sea autem quis dolor aliquip magna lobortis et. Lobortis labore eos aliquyam vulputate est. Sanctus nonummy ut iusto eleifend magna minim kasd. Gubergren eirmod invidunt molestie gubergren amet nulla amet vulputate erat. Sea adipiscing consetetur.\nGubergren zzril eros et eirmod doming aliquyam. Labore lorem lorem minim kasd rebum. Tempor autem vero nonumy consetetur volutpat aliquip nonummy cum delenit diam. Amet magna diam consetetur et lorem erat dolor elit dolor consetetur diam rebum sea at amet. Zzril sed ut nibh duo tempor consetetur takimata rebum invidunt consetetur vero nonumy. Accusam nonummy accusam duo luptatum at magna tempor luptatum magna in sed duo qui delenit enim justo. Ut no eirmod lorem eum ad diam diam dolore tempor ipsum no dignissim rebum. Nulla placerat sit kasd diam vero no nibh diam. Lorem labore diam in sea sadipscing justo lorem amet voluptua aliquyam duo. Ut dolor no nonumy nulla dolor. Eos clita in duo esse stet delenit. Erat luptatum et commodo feugiat sea accusam autem diam nonumy sadipscing sadipscing labore lorem justo ullamcorper nulla clita.\nEt option eirmod. Elitr voluptua nisl elitr sed et zzril sit ipsum et id ut amet. Et vero facilisis sanctus eos eirmod lorem sea et duo voluptua est accusam. Eos autem rebum aliquyam dolor sanctus ut commodo justo ipsum in rebum at dolor. Ipsum nonumy qui sanctus ipsum dolor amet. Et nulla est accusam labore elitr dolor illum justo et nonumy eos illum dolor facilisis et. Iriure sanctus et lorem duo ut at justo erat magna suscipit sanctus lorem vero vulputate feugiat kasd.\nElitr ut erat suscipit feugiat augue molestie consetetur justo ut magna dolor option. Rebum soluta eu dolor accusam aliquip sit. Dolor est duis. Sadipscing accusam sit duis stet eos et voluptua autem sadipscing no ea doming amet imperdiet diam accusam consetetur ipsum. No consetetur liber possim sea velit velit. Dignissim sanctus et magna clita consectetuer et luptatum ad accusam consetetur takimata rebum eos lorem et vel dolores. Et est lorem suscipit no takimata magna accusam amet molestie sanctus in et soluta at est accusam. Sea nisl no dolore amet ea clita lorem sed consequat ut consetetur. Sit diam nulla aliquam elitr volutpat molestie vero vero. Nulla et sit.\n","publishDate":"2022-06-17T01:14:35.4367138+00:00"},{"id":6,"title":"Book 6","description":"Aliquyam vero iusto dolor duis sed et sed et labore gubergren diam eos no dolores. Tempor est lorem dolore sit elitr et labore vero illum dolor diam laoreet aliquyam. Augue nonumy takimata nibh consectetuer consetetur ut. Sanctus stet elitr dolor dolore dolore feugiat ipsum et sea duis euismod lorem sit ea.\n","pageCount":600,"excerpt":"At ullamcorper amet diam consetetur erat kasd est te enim amet dolores ipsum et. Soluta ullamcorper in dolor no veniam ut justo erat suscipit wisi sit. Et magna stet vero quis. Erat sanctus takimata accusam clita et magna no ut dolor nonummy magna lorem. Consetetur voluptua elitr lobortis sit cum ad ullamcorper diam amet dolor consetetur illum justo blandit erat dolor voluptua. Aliquyam odio lorem aliquyam dolores ad rebum diam. Rebum commodo clita accumsan dolore est nostrud consetetur assum ut in. Consectetuer et duo takimata ipsum dolor labore tincidunt vero nulla labore nobis sed nam est erat aliquyam tation. Vulputate in gubergren. Erat magna dolores erat quis dolor elitr suscipit erat lorem at no ipsum magna. Dolor erat autem ut dolore odio dolores qui dolor quod illum duo rebum sed adipiscing lorem. Euismod option ea voluptua magna nulla tempor et dolore duo nonumy dolore praesent et. Dolor laoreet elitr clita nonumy vulputate erat dignissim nonumy sit hendrerit. Amet voluptua diam iriure kasd dolores takimata velit gubergren.\nAccusam accusam consetetur dolor sit ipsum erat suscipit erat sit sit et velit liber et. Duis dolor sed diam duis quis lorem suscipit sanctus lorem eos vero magna elitr. Nonumy kasd rebum et est eum assum erat enim voluptua. Tation invidunt wisi est nonumy. Amet dolor nihil kasd aliquyam takimata nulla kasd invidunt ipsum erat sit aliquyam lorem at suscipit. Eos consetetur sadipscing illum veniam soluta sea. Et sit at amet lorem diam dolor rebum dolor sanctus sed iriure diam labore dignissim. Gubergren eirmod kasd consetetur dolore ipsum. Et est aliquam iriure consetetur aliquyam nulla et ea diam sadipscing no takimata et kasd. Clita nulla dolore et exerci. Eros dolore nonumy suscipit nostrud euismod sed sed ipsum dolor nibh facilisis gubergren nibh ea. Sea labore ut clita sadipscing eos ut at sit rebum amet facer ipsum.\nDignissim at tempor stet sit ullamcorper accusam nonumy labore diam consetetur mazim diam aliquip elit sed lorem. Lorem aliquam dolor. Option ipsum accusam tempor dolor sit. Facilisis dignissim tempor magna sit et ut invidunt amet delenit takimata. Delenit diam et lorem magna consetetur sadipscing.\nIllum nam amet et lorem kasd erat dolores sadipscing. Consetetur sea sadipscing eros accusam sit. Diam euismod sit est amet lorem sed vel aliquip cum. Lobortis possim sadipscing lorem adipiscing elitr nulla ipsum facilisis illum dolor kasd sanctus. Vero ea eu erat volutpat eu sit ipsum diam est delenit. Option ut diam in blandit odio voluptua ut eos dolore tincidunt diam sit.\nVero consetetur voluptua elitr. Accusam luptatum at diam vero duo. Accusam diam sanctus duo lorem diam. Sanctus vero consetetur et et amet lobortis lorem at volutpat gubergren sadipscing nobis dignissim delenit diam esse. Stet magna ipsum dolore no lorem et luptatum sanctus lorem et at eirmod et amet. Eos kasd erat quis gubergren magna ipsum invidunt elitr nonumy diam ut dolores erat elitr amet. Et et elitr sit nonumy ipsum amet dolores. In amet erat duo consequat sed voluptua et clita dolor duis sit ipsum magna. Clita feugait liber et duis lorem imperdiet clita voluptua sed. Amet sea eos minim feugiat duo feugait iriure veniam ipsum takimata sea vulputate tempor sea dolor. Nonumy commodo sanctus consectetuer sadipscing dolore labore dignissim tincidunt et dolor labore. Eirmod tempor no magna. Duo sed et. Amet ipsum nulla nonumy diam eirmod aliquip magna ea elitr consequat aliquyam sanctus consetetur duo. Ut sit nonumy sea lorem dolor mazim vero qui gubergren possim. Eum sed hendrerit. Lorem amet invidunt et sadipscing est accusam enim. Kasd eos gubergren est stet dolore elitr invidunt rebum consetetur vel tempor quis dolores est.\n","publishDate":"2022-06-16T01:14:35.4367846+00:00"},{"id":7,"title":"Book 7","description":"Et diam ipsum. Takimata nulla consequat invidunt magna in sea ipsum tation minim aliquyam. Assum sadipscing accusam feugiat accusam et erat imperdiet.\n","pageCount":700,"excerpt":"Ut lorem et nisl lorem dolore at stet. Consetetur minim consequat ut sit at blandit magna nostrud ut at et quis ut clita accusam. Qui magna suscipit dolor eu stet sea nostrud kasd magna dolore sadipscing sea imperdiet vero. Illum tempor diam duo lorem at takimata iusto diam dignissim dolore. Tempor dolor et amet adipiscing accumsan gubergren minim et tempor exerci erat sed kasd. Tempor accusam tation praesent takimata dolor aliquyam dolore sit dolores lorem ipsum amet eos dolor sea stet feugait vero. No elit invidunt hendrerit duo consectetuer sed eos consetetur sadipscing ad nonumy ut diam magna.\nLorem est lorem facilisi aliquip dolore no adipiscing ut molestie possim. Erat autem volutpat ut dignissim voluptua vero ut rebum amet odio eos. Et sea ex lorem stet est elitr nobis. Gubergren possim vero amet et nobis diam clita kasd ut nonumy. Dolore rebum amet dolores sanctus rebum dolore labore. In dolores diam ea sed vero et dolore et. Duis justo aliquam velit dolore lorem labore laoreet diam no ipsum dolor lobortis et et diam. Suscipit rebum takimata sea. Luptatum eirmod possim et dolor invidunt velit eros consequat erat sadipscing et sanctus dolores. Lobortis rebum invidunt et ullamcorper autem dolor lorem tempor clita diam consetetur sea. Consequat duo ea et sed stet amet sit gubergren invidunt ipsum autem duo iusto eos sea consequat possim. Adipiscing diam gubergren clita vel dolores consetetur et nonumy ipsum gubergren justo elitr magna adipiscing. Dolore feugiat lorem accusam wisi vero facilisi lorem amet at voluptua diam et voluptua clita commodo eirmod et.\nSanctus diam magna magna nihil. Duis feugiat amet et sanctus dolores tempor nisl clita ipsum amet wisi iusto lorem. Sanctus magna iriure facer dolores amet clita diam. Dolore ut odio facilisi ipsum accusam ipsum amet. Dolores magna sed lorem consequat justo gubergren nonumy lorem rebum stet rebum lorem duo. Takimata amet no cum labore iriure ipsum illum vulputate est labore dolor sit magna. Sanctus sit justo gubergren possim vero sed dolor dolor eros illum nostrud dolore eos diam. Sed volutpat amet sit ipsum eos euismod. Nihil ipsum magna sit lorem option ipsum rebum sea eos sea stet tation diam dolor kasd amet. Kasd voluptua volutpat. Dolores diam augue takimata sanctus et veniam minim sed quod dolor clita clita dolor hendrerit vulputate ipsum dolores. Duo dignissim amet eos ipsum sanctus dolor et labore ut amet tempor praesent at illum. Sed et kasd quod sadipscing dolores sanctus. Labore accusam commodo ea doming ut feugait amet at elit tempor aliquyam et. Consequat sit lorem.\nDolore te sanctus velit odio amet ea rebum tempor ullamcorper. Invidunt sit nulla euismod nonumy sea. Tempor hendrerit at in lorem iriure justo eirmod sit. Et eirmod kasd esse sed ut. Erat sed nobis hendrerit elit adipiscing. Eos lorem lorem nihil dolor ipsum voluptua. Euismod et dolores. Ipsum tempor sanctus rebum odio erat lorem sadipscing autem ea option et consetetur. Iriure rebum kasd at lorem et clita duo accusam sit lorem hendrerit invidunt dolor amet. Magna et molestie eum dolore sadipscing suscipit rebum sit sadipscing duo diam diam facilisi dolor vel soluta tempor. Elitr stet amet at enim gubergren ut ut sanctus amet amet vel duo euismod. Justo aliquyam dolores dolore dolores commodo sed autem. Accumsan lorem takimata sed facilisis illum duo invidunt lorem lorem. Erat magna vel sed commodo dolor vero ex dolor delenit kasd amet dolor lorem et exerci diam. Possim ullamcorper dolores lorem velit clita feugait nostrud consetetur ut mazim nonummy stet duo. Ipsum quis accusam dignissim voluptua illum aliquam at nam amet rebum erat iusto ipsum ut. Et ea eleifend at aliquyam at stet eros vero minim eirmod sit accusam kasd consetetur invidunt duis. Sea accumsan praesent lorem sed dignissim et vel at lorem dolore dolor tempor clita tation ut dignissim sed. Ipsum labore dolore et no elit.\nMagna ipsum duis qui augue sit aliquam. Magna sanctus justo et aliquyam nulla duis ea nulla sit praesent euismod dolor magna vero nostrud gubergren eos. Et wisi accumsan et elitr blandit. Nonumy consectetuer et illum voluptua. Vulputate labore facilisis gubergren sit magna dolore dolore hendrerit magna takimata clita sed amet invidunt vel vel. Diam ut doming. Quod at labore kasd lorem diam et magna dolore nulla at. Sed takimata esse ea sea vero in suscipit congue et. Gubergren stet dolore ipsum odio ut sit et amet duis tempor facilisis invidunt at. Ut ut iriure no ipsum delenit tempor ut in clita clita. Erat feugait commodo invidunt sit takimata sanctus at ut accusam justo autem amet ipsum sea.\n","publishDate":"2022-06-15T01:14:35.4368668+00:00"},{"id":8,"title":"Book 8","description":"Tempor at molestie. Vel nulla rebum erat nonumy clita dignissim lorem erat at elitr et molestie amet iusto. Laoreet tempor in magna labore vero rebum elitr dolor magna sit et magna ut sed justo consetetur diam sanctus. Sit sea stet nonumy ipsum justo diam sit nibh eos euismod invidunt assum eirmod sadipscing dolores diam ullamcorper sanctus. Consetetur facilisi dolore takimata vero lorem te sed. Et ex dolore eirmod odio et enim. Ea duis dolore ut dolores zzril vero velit gubergren et sadipscing sed sed aliquyam molestie. Vel sea amet voluptua est dolore lorem vero no aliquyam duo placerat rebum ipsum dolore est ullamcorper sadipscing ullamcorper. Vero sanctus voluptua sed sea justo. Lorem enim tempor quis euismod at facer accusam congue accusam mazim dolor ea facilisis eos. Esse sit sit at sit sit eirmod sit eos eirmod diam sit facilisis magna. Duo tempor lorem est no justo sit at sed elitr autem ipsum nisl duo feugait gubergren dolor magna feugait. Amet euismod tempor duo ea facilisis justo erat et sit autem hendrerit gubergren et vero wisi sed. Ad sea invidunt et et dolor sit dolore cum amet iusto at. Id ut consetetur no exerci diam dolore diam lorem.\n","pageCount":800,"excerpt":"Labore diam dolor blandit ut tempor vero amet lorem magna sea. Dolor vero dolor vero sit et diam aliquip. Nonummy sadipscing amet takimata nonumy takimata augue invidunt sadipscing feugiat rebum. Doming eirmod imperdiet suscipit et sit dolores takimata nostrud stet at. Et sadipscing erat accumsan ex invidunt iriure justo ipsum justo. Labore sit kasd sit augue rebum sea eos ea sadipscing rebum tincidunt et at eirmod ut magna. Dolore diam dolor ipsum et suscipit dolor vel nonumy. Sea nonumy at dolore nonummy sit exerci nostrud accusam lorem qui sadipscing tempor at. Nulla et ipsum tempor duo amet amet et nibh vel sed et. Eu eirmod duis diam vero in rebum sit duo tation dolor. Augue erat rebum magna vero eirmod elitr kasd et dolore esse sed.\nSit at et magna diam diam magna takimata diam. Labore in justo. Facilisis eos vulputate adipiscing possim et. Accusam invidunt accusam et clita et no sit sea. Nonumy facilisis ipsum dolore mazim aliquyam esse duo euismod. Placerat ipsum magna clita labore in stet cum lobortis lorem takimata diam sit. Delenit lobortis facilisis. Sanctus lorem voluptua in justo et amet sit et nonumy et dolor ipsum. Gubergren soluta rebum justo est dolor volutpat sadipscing possim diam voluptua no veniam ipsum et dolores at nonumy. Clita takimata no magna lorem labore ad invidunt eirmod dolore invidunt ut accusam dolor sadipscing magna. Accusam rebum delenit duis accumsan. Ea dolore nulla. Et eu clita volutpat.\nEt suscipit sanctus aliquam et. Dolores vero kasd sed accusam lorem possim liber clita volutpat labore eos imperdiet nulla sea suscipit esse. Id lorem justo eos no mazim voluptua lorem diam nonumy diam ut tempor facilisis sed nulla. Accumsan luptatum voluptua ipsum sit veniam gubergren lorem vero eu nulla accusam nobis ullamcorper facilisis et qui vero vero. Erat lorem diam. Dolores eirmod zzril ea eirmod dolore laoreet dolore. Nobis dolore takimata duis sed. Liber no ut ipsum no velit et id dolor vel eirmod dolor aliquip dolores augue amet sed dolor eirmod. Sit clita erat clita consetetur kasd eros duo sit esse aliquam facilisis quis. Duo ut est. Sed accusam vel duis. Praesent blandit erat dolores ea sed praesent iriure diam at te eu no. Sit nostrud lorem gubergren rebum id augue dolor kasd aliquam lorem et vero amet rebum et. At labore ipsum aliquyam kasd et sadipscing tation diam et magna diam sit duo sit gubergren. Tincidunt lorem diam consetetur accusam justo. Est eos vero clita praesent dolor. Erat nostrud sed dolores rebum erat.\nFeugait in labore invidunt sea eirmod. Sed qui eos nonumy accusam invidunt no nostrud et eos et nulla at esse gubergren. No option duis dolor ex sed dolor lorem autem et sea dolore tempor diam labore hendrerit lobortis lorem rebum.\nMinim facilisis tempor justo lorem justo. Ipsum duis no magna duo te takimata sanctus rebum dolor sanctus ipsum dolores invidunt. Lorem sed et iusto eum eirmod vero diam diam gubergren. Elitr ea vero elitr et ex takimata quod assum. Augue exerci kasd amet sit. Diam takimata et gubergren ipsum invidunt ipsum tempor voluptua et amet sanctus aliquyam. Lobortis kasd est.\n","publishDate":"2022-06-14T01:14:35.4369433+00:00"},{"id":9,"title":"Book 9","description":"Sadipscing eirmod et rebum et clita sadipscing kasd feugait et praesent accusam sanctus amet. Dolor ipsum aliquam amet dolor voluptua minim aliquyam luptatum stet. Ut eirmod delenit sadipscing et accusam dolore elitr sea rebum est no sit dolor diam dolor erat sanctus. Lorem labore kasd facilisis diam justo eum ut at dolor amet. Takimata sit invidunt sea sanctus amet aliquip lorem amet voluptua ea. Duis elitr at erat. Elitr soluta et eos sed stet accusam elitr exerci amet sea ut.\n","pageCount":900,"excerpt":"Sit ut nulla dolor no ea aliquip eos. Vero ipsum congue diam lorem tincidunt dolor ut takimata dolor et praesent ad et diam lorem tempor lorem justo. Lorem sadipscing ipsum eum eu et aliquyam et amet dignissim. Duis justo eleifend facer accusam tincidunt tempor. Dolores sed dolores lorem takimata stet est dolor in dolor dolor accusam sit amet sea ipsum qui erat. Erat autem nonumy invidunt. Aliquam nonummy est ipsum clita. Takimata sed sit sadipscing dolor no dolore amet sit molestie tincidunt. Dignissim rebum dolor. Et ipsum kasd nihil accusam odio. Sea iriure facilisi est diam amet erat. Sea hendrerit dolore nostrud in. Sed duis volutpat et tincidunt iusto esse. Tincidunt nulla odio in et sea takimata tempor et facer invidunt. Elitr ut stet lobortis eirmod enim dolores in ut ea hendrerit.\nAmet clita et clita hendrerit ea ipsum et sanctus accusam ea dolor ut laoreet. Ut et sanctus te elitr sea augue vero lorem rebum. Sanctus liber elitr amet at eirmod velit et sed doming. Id in voluptua tempor vero qui amet nihil invidunt et sit autem sed consequat consetetur erat sed erat. Tempor sed ipsum voluptua nulla clita vel nam sit eum et. Te consetetur erat vel consequat molestie est. No commodo takimata kasd adipiscing dolore kasd amet ut duis no no consetetur sit suscipit erat sit ea. Consetetur et ipsum amet sit et vero et aliquip eum. Gubergren stet justo vero in sea et molestie quis clita sit eum et rebum stet hendrerit accusam. Lorem amet ipsum justo ipsum facilisis clita dolore ipsum est no ut takimata. Sanctus sed ipsum amet justo justo dolor labore eos. Sit magna sadipscing erat no ut duis sed ut eirmod dolor. Elitr sed enim euismod feugiat amet sed sit sanctus. Iusto et diam consetetur et at esse dolor tincidunt et diam accusam sit. Ipsum et sit dolor diam elit et eirmod illum consetetur invidunt rebum amet voluptua eirmod. Vero est ipsum aliquyam dolor lorem. Molestie kasd ut sed et sed diam tempor accusam suscipit est elitr dolore sadipscing stet diam eu.\nSea enim at kasd at imperdiet rebum labore sit accusam placerat accusam no. Consetetur velit ipsum et in nonumy sadipscing lorem vulputate ea diam sit ut accumsan ea kasd. Ut stet consectetuer sadipscing in no. Eos minim justo vel magna et consequat ipsum clita no eirmod nibh gubergren kasd sea eum. Sanctus vulputate no accusam aliquyam minim exerci et labore voluptua. Nibh iriure diam illum sed ipsum ex diam aliquam dolores laoreet voluptua amet et labore at consequat ut sit. Diam praesent consetetur invidunt justo amet clita. Sit aliquyam vero diam takimata et sit esse justo eos ipsum. Facilisis eirmod sed vero ipsum et sed justo vel tempor accusam sit et suscipit justo vero ipsum lorem. Dolore no sit diam nonumy sadipscing diam. Lorem at stet accusam dolor no sadipscing sea sanctus et justo dolores suscipit. Elitr odio feugiat exerci nonummy ea dolores ea accusam invidunt ea hendrerit amet ad et sanctus nonumy. Minim rebum elitr amet dolor ipsum in tempor invidunt magna clita invidunt erat tempor consetetur lorem. Rebum rebum autem molestie gubergren ipsum nulla erat diam at esse takimata. Invidunt qui illum esse eos iriure et ad tempor amet ea facer voluptua ut sanctus. Consetetur sed et amet et gubergren sed no feugiat ipsum kasd magna lobortis sed in est. Sed amet sanctus dignissim vulputate sed. Accusam sit diam aliquyam duis consetetur. Duo nonumy et erat eum diam takimata stet diam vero takimata sea tempor illum duo no at.\nEt ipsum feugait minim duis. Magna feugiat clita vel et kasd te tempor dolor sadipscing mazim tempor et amet autem. Et et ut sit dolore autem. Cum hendrerit dolor eirmod tempor justo ipsum facilisis amet accusam sanctus wisi in erat.\nEt sed accusam ut vulputate amet et elitr dolor stet amet et et sadipscing. Dolore aliquip et consetetur ipsum magna vero aliquam ea ipsum ipsum magna amet sed. Diam delenit esse diam tempor vel clita sed sit elitr et. Sed at ipsum et sit aliquip aliquip amet kasd. Sit no sit gubergren gubergren lorem invidunt sit ea sed rebum duo et lorem. Duo et laoreet sit sed vero ut vel. Magna stet et erat ut facilisis ipsum kasd consequat eos delenit et quis consetetur. Vero sed amet sed congue illum mazim dolor lorem. Amet voluptua voluptua lorem ut voluptua ea at sed sed dolor lorem sea dolor clita iriure. Magna amet vulputate sed ut adipiscing eirmod accusam diam tincidunt eros accusam eos.\n","publishDate":"2022-06-13T01:14:35.4370311+00:00"},{"id":10,"title":"Book 10","description":"Molestie diam sit dolor et sea labore sit ea aliquip erat et dolor odio et et no sanctus amet. Sit no ipsum erat stet velit commodo. Accusam ullamcorper ipsum duo est tempor dolor dolores sit dolores accusam at diam tempor sed facilisi. Et zzril consequat. Sed blandit ea erat dolor at et hendrerit est tation et sed justo id. Congue tempor kasd. Dolores et et feugait blandit esse erat molestie et feugait erat dolor no sit.\n","pageCount":1000,"excerpt":"Eirmod eirmod justo sea erat dolor no veniam no est vulputate at tincidunt gubergren gubergren ipsum. Consetetur illum assum hendrerit gubergren magna clita duo sanctus elitr duo voluptua quis vero. At lorem est et kasd ipsum euismod molestie at qui duis delenit dolor dolores takimata illum eleifend. Exerci ipsum labore invidunt in sed. Gubergren nonumy et sanctus elitr assum duo magna sit molestie clita erat.\nAliquip qui sit rebum vero sed enim ea ea lorem takimata consequat nonumy ipsum sed vulputate ut. Voluptua et est duis cum. Et ea dolore dolore ut diam stet sanctus kasd. Gubergren aliquyam eirmod voluptua ea aliquam no delenit. Eos dolore vulputate consetetur qui possim liber duo aliquip ipsum. Kasd dolor amet. Magna sea clita amet nibh et aliquip justo lorem facilisis magna dolor accusam. Ea laoreet nostrud in amet nibh ut. Est nulla kasd ea erat clita lorem kasd tempor elitr aliquyam. Sit nam takimata gubergren ut illum eirmod clita stet autem sit eum ut gubergren tempor sit nostrud et takimata. Dolor assum dolor eleifend takimata zzril elitr facilisi ea eirmod facilisi ea. Et vel sea dolor ea sanctus eu facilisis laoreet sed et adipiscing duo erat et at sea sanctus dolores. Feugait sea nibh aliquip takimata dignissim aliquyam mazim elit sit. Sanctus option nulla dolor dolore erat consetetur kasd rebum dolor stet vel dolor iriure et possim. Voluptua magna takimata magna nonumy aliquyam at sea.\nId sed ipsum invidunt amet et elitr justo ut no diam sea diam rebum eum dolor. Nihil adipiscing erat gubergren sed dolore molestie clita zzril diam dolores dolores vel dolor minim sea. Duo dolore eum. Dolores justo est sed eu aliquyam suscipit dolor ut dolor erat invidunt. Sed diam sadipscing erat ex dolor ipsum illum magna. At ipsum et sea consectetuer sit lorem veniam duis elitr. Dolore nostrud takimata illum gubergren dolor. Eos delenit et. Aliquyam sadipscing vero consectetuer rebum clita ea ea augue at invidunt sit. Sea dolores lorem voluptua dolor clita rebum duo consetetur aliquyam et lorem invidunt eu. Consetetur justo sit illum sed accumsan labore diam duo dolor tempor. Rebum ea clita invidunt. Amet doming vero voluptua magna ipsum facilisis dolor dolore option. Dolor laoreet lorem sed. Accusam vero dolor congue clita kasd lorem qui diam diam rebum kasd erat labore. Zzril sadipscing et tempor nostrud blandit ad sed et et consequat. Voluptua ut sadipscing hendrerit sed diam te quod sed blandit takimata ut ut lorem sea adipiscing diam feugait ea. Dolore sed et nisl justo zzril justo illum lobortis.\nIn tempor invidunt veniam ipsum labore vel labore. Sea dolore elit dolore est dolore odio ut te dolore sea euismod ipsum magna consetetur ipsum erat. Nonumy augue elitr at ut duo sanctus quis accusam ea vero aliquam. Sadipscing accumsan rebum feugait et wisi diam lorem et sed et. Dolore et tempor nonumy. Elitr ad diam gubergren sea nonumy sadipscing dolore lorem aliquyam voluptua hendrerit stet takimata illum eos aliquip ea amet. Et sit aliquip diam no ex esse. Invidunt aliquyam aliquip justo accumsan rebum et nibh amet ipsum ut invidunt et eros dolore ea rebum at.\nSit dolores vero justo invidunt eos labore sed. Sit et justo lorem illum sit quod facilisis diam dolor eu ut lorem exerci kasd minim. Ea erat lorem dolore takimata duo eum. Elitr justo et consequat praesent et elit. Kasd consectetuer lorem. Magna et aliquyam sed facer. Sanctus sed in sit sed sit accusam lobortis quis ut voluptua. Eros dolor exerci. Gubergren at dolore magna eos no tempor lorem duis at euismod ut duo magna option clita tation. Clita et et autem vero dolor. Stet eum takimata lorem diam et dolor justo vero kasd dolor at takimata ut et diam labore ipsum. Et ipsum tempor et vero dolore elitr no possim et ea ea. Diam et te magna. Sit ut ipsum magna consequat amet ipsum commodo amet ut magna eleifend erat sea elitr diam. Quod diam ipsum dolore dolor invidunt stet. Diam elitr sit ipsum congue sanctus at amet sea dolores labore amet dolore ut. Magna autem amet sanctus sed eirmod consetetur. Et consectetuer eirmod dolor wisi et. Ipsum amet invidunt at esse lorem takimata amet kasd nonumy sanctus aliquip et sed no sed placerat.\n","publishDate":"2022-06-12T01:14:35.4371374+00:00"},{"id":11,"title":"Book 11","description":"Et liber ut erat ut sadipscing et molestie vero illum gubergren dolore et dolores. Ea labore at sed dolor nisl facilisi. Nihil iriure lobortis ullamcorper facer commodo option sed zzril invidunt dolores amet dolore justo accusam diam dolore. Molestie sit luptatum sanctus lorem. Labore vero voluptua takimata et. Veniam quis nostrud kasd lorem aliquip sit. Clita dolore nulla sadipscing consetetur. Sea amet labore augue stet qui no et justo in stet.\n","pageCount":1100,"excerpt":"Sea et sed euismod invidunt elitr. Eum sit takimata sit wisi. Consetetur erat veniam et voluptua tation clita vero est ut. Adipiscing amet dolore takimata ut dolor duo dolor magna. Molestie luptatum amet et dolor dolor aliquyam sit. Elitr et ipsum amet at option rebum et amet sanctus nonummy takimata ipsum eirmod labore. Erat eum takimata. Consetetur sed ipsum et dolor sed minim sed enim vero ullamcorper dolore eos adipiscing elitr.\nAmet tempor voluptua est sit molestie elitr dolor kasd amet quis lorem. Ut nonumy eos eros clita ut magna rebum consequat wisi tempor invidunt qui et. Autem ut ipsum amet facilisi sed erat voluptua option ipsum ad lorem. Eu eleifend at lorem vel et et sit gubergren eum laoreet elitr aliquyam ut odio ut accusam blandit. Sit hendrerit invidunt dolore feugiat blandit hendrerit sit. Aliquyam dolor eos enim magna dignissim dolore. Consetetur tempor vero magna. Dolores velit sanctus autem molestie. Gubergren elitr invidunt consetetur lorem eirmod facilisis.\nDolor sadipscing amet et et. Eirmod ipsum velit no kasd gubergren molestie. Ut et amet sea dolor at kasd voluptua. Sit ipsum diam. Velit dolore molestie euismod eos dolor invidunt delenit labore et diam. Erat erat ipsum ad vulputate amet enim elitr ipsum eu diam no magna ut stet congue euismod gubergren. Et euismod sadipscing consequat aliquyam invidunt aliquip tempor elitr dolor kasd et. Sea lorem clita autem erat consetetur kasd magna amet enim ea sed sea dolor te vulputate nonumy. Nonumy ut dolor ea nihil et enim autem. Diam takimata diam nonumy facilisis at sed sit at in. Et dolore erat labore facer sea sed elitr dolore voluptua. Erat iusto eum eos dolor eu.\nIriure aliquyam rebum feugiat tempor stet nostrud sadipscing tation labore dolores. Magna sit dolor. Dolore est commodo vero dolor te eos sit est dolores eirmod tempor consetetur lorem assum. At eirmod lorem tempor sanctus amet eos odio dolore ea accusam exerci dolore. At aliquam labore duis et vel magna dolor invidunt dolore sea aliquyam facilisis. Sea voluptua amet ipsum no. Duo dolor diam labore stet nonumy facilisi. Elitr dolore est elit.\nPlacerat amet ipsum zzril nonumy takimata. Sanctus invidunt sit clita voluptua elitr nulla magna gubergren lorem blandit consetetur elitr. Dolore sed amet et facilisis diam invidunt gubergren dolor diam gubergren. Volutpat eos at dolor justo ea tation sit adipiscing voluptua rebum. Diam luptatum lorem consectetuer et no eirmod in kasd sea nostrud no soluta consequat. Praesent gubergren sit diam sed sit congue nisl sit. Takimata sit dolor dignissim dolor dolore magna doming rebum aliquyam gubergren at dolore diam odio diam. Esse sadipscing et et duo dignissim dolor sanctus invidunt. Tempor invidunt ea esse no justo gubergren at rebum duo vel stet sed invidunt eu nonumy ea. Sed eirmod erat erat sit amet stet. Sea sea tation gubergren clita stet kasd dolor lorem est kasd elitr amet facilisi clita. Voluptua lorem dolores laoreet ea ut sit erat.\n","publishDate":"2022-06-11T01:14:35.4386293+00:00"},{"id":12,"title":"Book 12","description":"Rebum ipsum vel consequat nonumy cum ullamcorper nibh. Duo consectetuer est ipsum accusam ipsum illum. Kasd clita dolore ut ut exerci magna sadipscing erat dolore feugait amet et vulputate sanctus. Velit amet clita magna amet et sadipscing amet nonumy clita sadipscing sit et in dolor. Ea amet diam dolores nostrud amet veniam suscipit. Vel sadipscing accusam amet elit sed. Sea nulla facilisis iusto diam labore duo nonumy ut kasd zzril voluptua. Aliquyam est consequat invidunt sed wisi ut consectetuer. Autem gubergren ipsum facilisis kasd vero nonumy est amet feugait possim eleifend dolore. Dolores sea dolor dolor ipsum dolor eu lorem lorem. Tempor eirmod ipsum sea invidunt no et iusto eros stet dolore ad diam. Eos sadipscing takimata no consetetur et praesent duo tempor lorem tempor clita. Rebum amet sanctus nostrud duo sed kasd velit et vel magna esse sea tincidunt et nonumy option. Erat et et at gubergren aliquam vulputate lobortis. Laoreet qui consequat placerat laoreet eos clita sit diam et duo consectetuer tempor. Sadipscing justo no at ullamcorper erat erat labore rebum aliquam exerci invidunt hendrerit sit. Diam ipsum voluptua rebum ipsum lorem ut amet erat vero et. Hendrerit kasd justo magna diam magna eros vulputate consetetur dolor duis sed et ea sanctus at ipsum.\n","pageCount":1200,"excerpt":"Nonummy kasd dolores ex ipsum no blandit labore vero takimata enim aliquyam. Eum euismod accusam iriure consetetur iriure magna aliquam dolores dolore consetetur lobortis facer. Magna eirmod nihil eu esse sit sed nisl labore sadipscing kasd aliquip et. Dolor dolor elit te labore stet ipsum et at eirmod dolore. Volutpat rebum veniam clita eos sadipscing amet clita vulputate. Amet duis erat. Elitr diam facer sed adipiscing hendrerit. Lorem sed lorem dolor enim et diam erat nonumy amet ipsum dolor. Eum kasd eirmod et tempor duo suscipit consetetur diam sit at labore adipiscing vulputate eirmod clita vel illum dolor. Lorem dolore laoreet lorem gubergren ut iriure duo illum autem vel dolor. Ea gubergren rebum dolor justo diam stet voluptua diam rebum sea vero justo tempor dolore diam. Lorem dolor duis vero gubergren exerci eirmod takimata. Feugiat dolor sit quis gubergren minim consetetur labore volutpat sed vero diam ut dolor sea. Diam duo veniam euismod elitr tempor feugait facilisis labore id voluptua ut no est sed diam. Eos sed duo cum consectetuer eos sed. Labore molestie est et exerci sit sit nonumy. Et dolor no dolore et erat invidunt eos facilisis. Facer quod sadipscing stet stet. Vel sanctus amet possim dolore sed quis velit kasd takimata duis justo clita id takimata voluptua.\nVoluptua nonumy dolores sit lorem amet. Facilisis consetetur tation nisl accusam te takimata. Tempor diam no illum praesent sea in aliquyam facilisi accusam stet eu sit clita. No rebum stet et. At rebum vel takimata dolores eos est dolores takimata aliquyam vulputate zzril exerci nulla voluptua erat dolores at. Gubergren duis sea. Voluptua diam dolor ex praesent clita ea elitr sea labore justo ut sed no amet commodo gubergren. Accumsan vero voluptua no et et eos ex dolore feugait nonumy amet aliquyam facilisis et justo at ut dolor. Est magna laoreet iusto ad nulla accusam iriure dolor no gubergren accumsan lorem takimata. Gubergren et elit nulla illum tincidunt stet aliquyam nonumy ipsum no est eros amet et illum ea nonumy vulputate.\nEt justo feugiat vel. Amet ut justo tempor lorem sit vero sit dolor. Rebum veniam quis autem. Feugait dolor justo suscipit facilisis delenit est magna eum dolor lobortis. Vero vero amet amet lorem et et kasd. Laoreet nulla eirmod stet dolore sadipscing adipiscing invidunt sanctus eos te nonumy. Sadipscing ea ipsum eos sed ut id accusam aliquyam at consetetur aliquyam lorem sed sit diam stet assum. Labore clita duo takimata nulla doming consetetur est sanctus amet. Sed sadipscing kasd lorem magna justo elitr voluptua nostrud ut et gubergren kasd aliquip sadipscing et gubergren.\nAliquyam elitr labore dolores ipsum. At vero sed sit labore rebum hendrerit voluptua tincidunt dolor amet justo amet sit et duis tempor at. Suscipit sit sanctus magna molestie nibh sed diam diam amet amet. Diam sadipscing labore. Facilisis labore congue euismod lorem sit praesent justo. Sadipscing wisi ut molestie et dolore et gubergren euismod magna. Et aliquam esse praesent takimata quod et eros consectetuer ipsum vero voluptua et ipsum et ea eirmod. Nonumy gubergren ut tempor kasd id rebum sed consequat vero diam possim ut accusam rebum accusam. Sanctus no dolor molestie dolore stet voluptua aliquip. Et hendrerit zzril dolor stet zzril amet sed clita accusam sed. Eros amet lorem sit sanctus no justo sadipscing duo erat vel amet justo wisi qui sed feugiat diam dolor. Sit vero tincidunt nulla erat dolor clita iusto lorem sea sit sed sadipscing velit aliquyam ut sed gubergren. Diam tempor exerci nonumy dolores facilisi. Erat dolor sit no duo hendrerit vero. Zzril clita assum amet luptatum. Sed eleifend nonumy no dignissim at dolor dolor dolores labore diam justo esse in voluptua dolore. Sea sit no at ipsum eros amet eos elitr luptatum eos diam consetetur minim consequat in assum vulputate est. Eu eum sit cum ex adipiscing nulla stet amet est dolore eu. Ut magna consetetur exerci gubergren duo nonumy consetetur tempor sanctus sea erat tation sed qui dolore gubergren ut tempor.\nEt amet wisi tincidunt consetetur luptatum magna dolore mazim diam sit no ea tincidunt et velit. Sed et et aliquyam elitr ut mazim vero sadipscing diam diam rebum nonumy justo consetetur. Vero in ut kasd et dolores praesent feugait amet. Vero sadipscing lorem hendrerit augue justo eros takimata takimata ea. Sanctus gubergren sadipscing voluptua sit amet dolore eirmod duo ea. Velit vero elitr ut eirmod eu clita clita in iusto labore. Diam duo magna et kasd facilisis vero. Augue erat aliquyam duo gubergren sadipscing. Et amet sed in tempor gubergren eos molestie sed eleifend quis tempor ipsum et sit autem sit accusam lorem. At duis aliquyam sit kasd iriure labore et tation diam vero nulla diam. Vulputate amet dolor sit eros justo est diam sadipscing justo vel aliquyam at. Commodo ut et diam eos tincidunt sadipscing justo justo diam euismod adipiscing diam commodo diam rebum sed accusam aliquyam. Sit labore ipsum delenit ad illum sed. Diam clita tempor in aliquip accusam est sea commodo te ut nihil dolor ea at takimata nam. Tincidunt accusam dignissim sed quis voluptua no et nonummy dolore lorem molestie duo nonumy et magna clita hendrerit. Nonumy voluptua accusam consequat justo ea blandit invidunt dolor. Et sed at no duo elitr takimata elitr sanctus. Dolore dolore gubergren at takimata tempor kasd elitr. Rebum accusam takimata et vel.\n","publishDate":"2022-06-10T01:14:35.4388651+00:00"},{"id":13,"title":"Book 13","description":"Et vero amet stet takimata vulputate sea dolor autem eos sed facilisis illum sit nibh iusto. Accusam kasd takimata at magna sed dolore est. Nonumy lorem option te id diam ullamcorper amet dolor dolore iriure lorem sed invidunt. Enim autem et. Sit lobortis amet ut eos erat kasd accumsan diam nulla takimata labore dolores sea. Dolor ipsum tempor ipsum sed hendrerit justo nisl tempor in lorem est. At et rebum qui sed dolore eirmod volutpat eos volutpat dolor eos elit amet consequat laoreet consectetuer lorem. Accusam ea ea et tempor placerat sanctus invidunt erat est mazim. Et sit dolores sit sadipscing vel accusam duis sanctus accusam kasd stet est justo aliquyam erat diam suscipit diam. Doming et ea vel diam clita accusam. Ut ipsum euismod ut aliquyam lobortis ut est magna ea in magna kasd suscipit dolor invidunt ex. Vel sea tation voluptua diam voluptua kasd stet esse elitr ipsum est dolor magna magna takimata kasd sea. No et amet illum voluptua eos sea et feugiat wisi.\n","pageCount":1300,"excerpt":"Erat sadipscing duo doming illum magna no takimata zzril est duo. Diam molestie eros sanctus suscipit euismod ut consetetur eirmod in vero vulputate consectetuer et dolor ad takimata kasd nulla. Amet consetetur ut clita elitr est sadipscing velit dolor sit stet at lorem aliquyam sanctus ullamcorper liber. At sanctus ipsum dolor suscipit voluptua molestie erat gubergren takimata labore amet labore lorem no eirmod. Et rebum option ipsum eirmod eirmod dolor sed nam. Amet no et eu aliquyam takimata est. Suscipit magna commodo accusam dolor mazim stet consetetur justo est takimata dolores. Adipiscing gubergren vero vero. Sanctus lorem tempor sanctus dolor lorem dolor ad et molestie sed at est eirmod veniam aliquam amet. Amet clita clita sea sit sadipscing rebum et labore. Labore option lorem consectetuer sea invidunt dolor duo et dolores ad takimata justo tation et kasd lorem. Amet justo dolor sea lorem duo sed kasd rebum ipsum aliquyam consetetur elitr autem ullamcorper. Euismod et molestie. Et justo tempor ea ipsum dolore aliquyam accusam in est tempor. Lobortis ipsum facilisis et accusam consetetur consequat magna lorem dolor eos lorem consetetur. Voluptua justo clita takimata sed dolore mazim diam consetetur magna dolore sanctus. Dolores magna in duo sea kasd ea est eirmod justo at feugait et takimata. Eos justo sit et et duis takimata kasd dolor odio diam vero.\nIriure dolor et rebum nonumy. Nibh quis erat rebum in aliquyam dolores eirmod lorem. Zzril diam sed. Dolor vero ut amet tempor facilisi gubergren duis dolore zzril magna dignissim ut nostrud quis sadipscing vero. Aliquyam mazim aliquyam feugiat vero eu eos accusam consectetuer. Clita eos takimata.\nNonummy sadipscing consequat accumsan dolores diam et eos stet nonumy et kasd eos amet eros sit. Est justo eirmod enim nonumy consetetur aliquam lorem autem. No sed ex nobis nulla et suscipit. Et velit wisi in dolore rebum justo et hendrerit elitr esse amet. Sanctus placerat ullamcorper dolor tempor ut nobis at et invidunt liber accusam dolor. Et illum sanctus suscipit dolore ipsum dolor consetetur nisl est rebum tempor duo congue justo lorem. Amet sit lorem invidunt enim consetetur duo dolore ea lorem dolor consequat laoreet. Et dignissim laoreet justo nisl labore aliquip soluta rebum lorem diam ut eleifend lorem amet amet ipsum dolor. Sea duo et diam accusam eleifend vulputate et eirmod praesent eu eum gubergren ut elitr consetetur illum. Euismod justo odio at ut et lorem. Vel stet dolor volutpat lorem sit sit est quis erat.\nDignissim diam dolores kasd rebum amet. Dolore invidunt sit accumsan no ut takimata sadipscing dolores elitr dolore illum sed sit amet duo. At esse diam nonummy eum vero hendrerit feugiat amet diam vero at dolor no elit et et justo ex. Dolor tempor et. Vero consequat stet nonummy autem amet dolore diam aliquam elitr invidunt erat consectetuer. Et dolore et diam no consetetur et dolores delenit dolore accusam. Sed facilisis eum et ipsum esse et consetetur ipsum amet veniam sea. Eirmod nulla qui est gubergren et consequat vel nibh invidunt eos adipiscing dolore kasd voluptua no ullamcorper. Lorem consetetur gubergren facilisi. Placerat augue lobortis et. Molestie dolor wisi justo laoreet. Doming dolores lorem. Et voluptua et zzril ut accusam nulla et in amet nonumy lobortis kasd amet stet amet diam eros. Clita elitr tempor facilisi dolor et sanctus velit tempor stet odio. Sea gubergren nihil stet laoreet eos. Sed dolore et eros magna eirmod vero labore diam dolor takimata eirmod stet labore. Lorem et wisi tempor justo praesent nonumy lorem est sea est at.\nRebum lorem suscipit kasd dolore volutpat eirmod sed sit nonumy vel diam ipsum labore. Dolore at et magna nostrud takimata vero stet ea est dolore invidunt iriure eum enim vero consetetur elitr eos. Lorem et sed dolore lorem nibh at lorem stet aliquip sed blandit et et at illum ea vel. Eirmod voluptua accumsan eos magna et amet sadipscing option dolores minim nibh labore voluptua kasd.\n","publishDate":"2022-06-09T01:14:35.43895+00:00"},{"id":14,"title":"Book 14","description":"Erat ut dolore invidunt dolore eos sit duo magna sed justo at molestie ipsum. Delenit velit cum est tincidunt in nonumy gubergren eirmod et consetetur lorem sit at. Elitr est sit nihil et velit aliquyam justo eos lorem accumsan liber sadipscing consetetur aliquyam. Sed justo dolore kasd sit in accusam no cum sea eu volutpat consequat accusam aliquip lorem. At qui rebum at at. Placerat amet aliquip adipiscing sanctus et eos erat ea ipsum dolore.\n","pageCount":1400,"excerpt":"Dignissim rebum gubergren sit molestie dignissim sadipscing ea takimata. Et sit stet ullamcorper at duo takimata dolores sadipscing molestie eum suscipit clita nostrud. Sit consequat magna sanctus et ea assum vero tempor stet erat ea dolores autem nonumy magna aliquyam dolor. Labore aliquyam kasd sed feugiat eu laoreet esse nonumy sed at sit. Blandit laoreet lorem elitr feugiat. Diam dolore sed kasd diam erat lorem ipsum at eirmod tempor takimata stet vero feugait tempor zzril eos. Dolor et voluptua delenit option autem kasd gubergren diam ea sea delenit sit blandit. Amet est vel blandit et sadipscing sed voluptua duo dolore dolor in iriure accusam sadipscing magna at vero ut. Lorem ea dolor dolor duo et rebum accusam. Aliquyam ut diam eirmod dolore stet et vero magna nonumy ad elitr takimata hendrerit ex congue sanctus et. Labore et dolores tempor clita nonumy sea magna dolor dolore et ipsum erat facilisi.\nNulla kasd commodo feugiat no est aliquip consetetur laoreet sed stet duis sanctus sit. Nonumy amet amet eirmod sanctus at ipsum erat. Nonummy eleifend et ad.\nElit ut et et sea lorem eos iusto. Aliquyam dolor dolor consequat ipsum molestie et vero sit amet eirmod stet sed justo dolore feugait sanctus. Praesent amet eros lorem elitr dolor sit facilisi esse ut et consetetur sit sanctus diam consectetuer sea. Voluptua lorem vero erat dolore laoreet justo. Sea labore liber.\nStet consequat est ut. Imperdiet te et eum eu dolor. Molestie diam sanctus tempor et hendrerit augue kasd diam diam ipsum takimata est sit amet labore kasd. Esse tempor sit lorem accusam nibh et ea iusto invidunt dolore liber stet hendrerit diam amet at. Duis duis at in sed eos autem doming. Commodo ut justo iriure at kasd lorem ipsum kasd sit. Et lorem nostrud autem accusam. Erat cum ut eu feugiat sed gubergren labore at. Ipsum sadipscing amet sed takimata eum elitr amet ut. Gubergren nam id nulla elitr lorem amet dolor nulla. Amet sed odio et consetetur aliquyam et sit eu vero gubergren sit nisl kasd takimata. Luptatum eos sadipscing duis takimata sit delenit sit dolor elitr no dolor invidunt amet. Lorem lobortis consetetur enim clita diam eum labore voluptua et sed ad gubergren facilisis rebum ipsum.\nLorem dolore et sit ipsum nonumy volutpat ipsum accusam dolore ut accusam. Iriure sit in. Sed gubergren dolor dignissim lorem et eirmod dolores. Kasd eirmod esse et diam aliquyam at in stet dolores kasd dolor invidunt lorem amet et invidunt duis duo. Consequat stet clita sit lorem eos exerci eos luptatum. Quis et labore erat. Facilisis feugait et sed rebum nonumy amet no amet. Kasd dolore voluptua at vel stet aliquyam esse amet. Ipsum eros labore et magna nostrud dolore elitr et nonumy. Minim takimata elit assum ipsum volutpat tempor justo amet dolor est vel illum ea et nonumy. Justo elitr sea erat exerci wisi lorem. Sanctus veniam adipiscing amet takimata. Elitr amet nonumy ipsum enim et sed erat kasd ut justo sit. Autem stet lorem eirmod ipsum vero in eos vero rebum dolore est takimata. Ut sed gubergren invidunt dolor lorem et. Invidunt stet ea elit quis dolor et eleifend est gubergren sea lorem takimata sanctus duo vero dolore stet. Molestie lorem 
[...]
ta stet sanctus takimata et in ut ipsum elitr eirmod ipsum duis.\nVero takimata eos ipsum doming lorem amet et ut consequat takimata ipsum amet amet sed sanctus veniam justo. Tempor diam gubergren laoreet delenit tincidunt lorem sit consetetur voluptua. Erat amet consetetur elitr lobortis iriure clita duo erat no et amet sed qui illum dolores duis takimata. Rebum dolore ut dolore ut clita dolor cum. Kasd elitr ipsum sanctus sadipscing nonumy sanctus. No diam in eu dolores sadipscing nonumy lorem eum at magna dolor erat te laoreet sadipscing et. Duo consetetur stet eum veniam nonumy sadipscing et takimata ut sanctus invidunt vulputate nonumy sed nam at. Ea et vel invidunt amet at vel et et commodo iriure erat luptatum gubergren rebum eu velit. Et ipsum nisl et dolore aliquyam tempor. Magna iriure vel elitr vero elitr lorem ut erat dolor ipsum magna lorem illum.\nAliquam no et nam lorem. Est eos duo dolores velit gubergren dolore eros gubergren dolores amet te dolor. Ut duis diam et lorem ut dolore adipiscing dolor suscipit congue et est clita ipsum lorem diam veniam. Lorem at clita at sea ea kasd consetetur dolore invidunt illum magna nam.\n","publishDate":"2021-12-05T01:14:35.4806468+00:00"},{"id":200,"title":"Book 200","description":"At vero magna tempor at dignissim. Et possim feugait ipsum facer eirmod et eos justo vero nisl. Veniam illum eos accusam dolore dignissim est diam delenit duis accusam elitr sed enim lobortis tempor erat. Invidunt sea euismod diam commodo at amet hendrerit clita et lorem stet duo. Dolor amet voluptua duo consequat dignissim erat. Ipsum wisi lorem sit wisi et doming diam ipsum molestie consetetur. In sit ut odio dolores et et dolore. Dolore et sit eu ipsum enim zzril aliquyam velit.\n","pageCount":20000,"excerpt":"Tempor in accusam rebum diam nonumy nisl consequat consetetur invidunt ipsum ut et et sed duo. Iusto amet consequat ea. At et id duis dolores ut accusam erat odio et tempor amet sed labore. Aliquyam feugiat duis. Nisl eirmod facilisi erat eos ea stet vero dolor aliquam luptatum ipsum dolore at suscipit duis. Molestie sed iusto sed clita rebum ipsum tempor erat aliquam wisi laoreet sadipscing iusto sed nonumy nibh sadipscing voluptua. Sed accusam labore dolor elitr at et est lorem lorem eos vero feugait eos. Diam vero ipsum id eos sadipscing voluptua consetetur. Stet volutpat et sit et dolor takimata ut vel sed kasd ut sed et et. Lobortis sadipscing takimata no dolor dolor dolore lorem invidunt qui ea eos gubergren lorem consetetur dolore gubergren ipsum sed. Lorem sed no dolor sed eirmod. Dolores stet et amet sed lorem tation sit lorem duo. Et duo dolor.\nSed et commodo consequat eu et amet odio ipsum in no et et aliquyam est exerci voluptua. Amet at praesent justo eos et no vulputate consetetur veniam at eirmod dolor vero est diam nonumy ipsum magna. Magna ut ipsum vel eu praesent amet vero duo. Eu sadipscing laoreet dolore dolor. Vel lorem no illum elitr sed nonumy nulla sit augue sit.\nDiam sed aliquip nulla et lorem eirmod lorem ipsum tempor invidunt sea lorem et takimata et aliquip ipsum et. Doming augue dolores ad praesent hendrerit nonumy clita et dolor labore dolores nostrud sit duis. Dolore duis sit. Sit velit erat justo ut ut. Vulputate rebum sed rebum eleifend clita commodo aliquip diam iriure eirmod stet. Ea tempor dolore blandit dolor. Duo sea suscipit et sit.\nConsetetur soluta accusam labore congue eu amet ipsum volutpat dolore vero et dolor sanctus kasd amet labore lobortis. Elit invidunt rebum eleifend takimata autem et sed sanctus amet magna ut vel tation nisl volutpat sit. Kasd consetetur diam duo ad gubergren velit sea. Blandit dolor takimata dolor velit at sea est amet. Ipsum ea nonumy feugiat. Nonumy lorem dolor erat kasd dolore lorem ullamcorper ea amet iriure te illum feugiat iusto.\nIpsum stet et gubergren ad lorem. Tincidunt nonumy liber lobortis consequat consetetur veniam laoreet erat sea sed quis feugiat gubergren wisi dolor. Rebum elitr stet kasd labore sea takimata. Amet voluptua et voluptua amet sed at lorem sadipscing tempor et vero voluptua justo accusam nisl et rebum. Dolor aliquyam lorem et dolor duis feugiat amet sea diam kasd feugiat magna dolore. Vulputate blandit option duis dolore justo ut dolore takimata suscipit. Sea id vel eirmod at sit et labore liber voluptua sit consetetur sed dolor ex sit dolore.\n","publishDate":"2021-12-04T01:14:35.4807047+00:00"}]</msg>
<status status="PASS" starttime="20220621 22:14:41.841" endtime="20220621 22:14:41.890"/>
</kw>
<kw name="Set Test Variable" library="BuiltIn">
<arg>${RESPOSTA}</arg>
<doc>Makes a variable available everywhere within the scope of the current test.</doc>
<msg timestamp="20220621 22:14:41.891" level="INFO">${RESPOSTA} = &lt;Response [200]&gt;</msg>
<status status="PASS" starttime="20220621 22:14:41.891" endtime="20220621 22:14:41.892"/>
</kw>
<status status="PASS" starttime="20220621 22:14:33.729" endtime="20220621 22:14:41.892"/>
</kw>
<kw name="Conferir o status code" library="ResourceAPI">
<arg>200</arg>
<kw name="Should Be Equal As Strings" library="BuiltIn">
<arg>${RESPOSTA.status_code}</arg>
<arg>${STATUSCODE_DESEJADO}</arg>
<doc>Fails if objects are unequal after converting them to strings.</doc>
<msg timestamp="20220621 22:14:41.895" level="INFO">Argument types are:
&lt;class 'int'&gt;
&lt;class 'str'&gt;</msg>
<status status="PASS" starttime="20220621 22:14:41.894" endtime="20220621 22:14:41.895"/>
</kw>
<status status="PASS" starttime="20220621 22:14:41.893" endtime="20220621 22:14:41.896"/>
</kw>
<kw name="Conferir o reason" library="ResourceAPI">
<arg>OK</arg>
<kw name="Should Be Equal As Strings" library="BuiltIn">
<arg>${RESPOSTA.reason}</arg>
<arg>${REASON_DESEJADO}</arg>
<doc>Fails if objects are unequal after converting them to strings.</doc>
<status status="PASS" starttime="20220621 22:14:41.897" endtime="20220621 22:14:41.899"/>
</kw>
<status status="PASS" starttime="20220621 22:14:41.896" endtime="20220621 22:14:41.899"/>
</kw>
<kw name="Conferir se retorna uma lista com &quot;200&quot; livros" library="ResourceAPI" sourcename="Conferir se retorna uma lista com &quot;${QTDE_LIVROS}&quot; livros">
<kw name="Length Should Be" library="BuiltIn">
<arg>${RESPOSTA.json()}</arg>
<arg>${QTDE_LIVROS}</arg>
<doc>Verifies that the length of the given item is correct.</doc>
<msg timestamp="20220621 22:14:41.908" level="INFO">Length is 200</msg>
<status status="PASS" starttime="20220621 22:14:41.901" endtime="20220621 22:14:41.909"/>
</kw>
<status status="PASS" starttime="20220621 22:14:41.900" endtime="20220621 22:14:41.909"/>
</kw>
<status status="PASS" starttime="20220621 22:14:33.728" endtime="20220621 22:14:41.910"/>
</test>
<test id="s1-t2" name="Buscar por um livro específico (GET com parametro ID)" line="13">
<kw name="Requisitar o livro &quot;20&quot;" library="ResourceAPI" sourcename="Requisitar o livro &quot;${ID_LIVRO}&quot;">
<kw name="GET On Session" library="RequestsLibrary">
<var>${RESPOSTA}</var>
<arg>fakerestAPI</arg>
<arg>/v1/Books/${ID_LIVRO}</arg>
<doc>Sends a GET request on a previously created HTTP Session.</doc>
<msg timestamp="20220621 22:14:42.200" level="INFO">GET Request : url=https://fakerestapi.azurewebsites.net/api/v1/Books/20 
 path_url=/api/v1/Books/20 
 headers={'User-Agent': 'python-requests/2.28.0', 'Accept-Encoding': 'gzip, deflate', 'Accept': '*/*', 'Connection': 'keep-alive'} 
 body=None 
 </msg>
<msg timestamp="20220621 22:14:42.200" level="INFO">GET Response : url=https://fakerestapi.azurewebsites.net/api/v1/Books/20 
 status=200, reason=OK 
 headers={'Content-Type': 'application/json; charset=utf-8; v=1.0', 'Date': 'Wed, 22 Jun 2022 01:14:42 GMT', 'Server': 'Kestrel', 'Transfer-Encoding': 'chunked', 'api-supported-versions': '1.0'} 
 body={"id":20,"title":"Book 20","description":"Eirmod lorem vero lorem vero stet nulla ipsum amet clita iusto elit takimata diam. Suscipit wisi justo diam nonumy tincidunt sit accusam diam et stet kasd ipsum ut. Clita sadipscing no elitr et takimata dolor sit lorem aliquyam voluptua takimata nibh et duo amet delenit justo eleifend. Ipsum stet esse kasd takimata invidunt diam et sea. Dolor sit augue consetetur consectetuer aliquyam accusam ipsum et est. Ut dolor dolor stet amet consetetur nonumy gubergren diam vel. Dolor et sea eu iusto dolore esse et aliquyam duo duo elitr amet autem nonummy diam. Eirmod iriure ea amet aliquyam voluptua vel dolores dolor ut nibh dolore iusto eos ut. Gubergren vel feugait tempor duo takimata diam dolore invidunt et dolor aliquip et ipsum ea tempor duis nonumy. Soluta luptatum at in consetetur adipiscing eleifend dolore zzril no facer elitr sit ea voluptua labore. Tempor gubergren erat dolore ipsum ut rebum lorem sanctus diam amet eirmod praesent accusam rebum eu sit. Volutpat nisl dolor rebum invidunt invidunt ullamcorper sea. Rebum et takimata dolor sit duo iriure luptatum dolor ut diam et. Dolore amet ullamcorper facilisi suscipit vero ipsum tempor ut feugait consetetur invidunt nibh autem dolore eos liber amet.\n","pageCount":2000,"excerpt":"Aliquyam erat et commodo. Lorem justo takimata vero clita. Kasd dolores ipsum sed amet voluptua luptatum aliquyam dolor gubergren esse aliquam sadipscing stet et lorem aliquyam sadipscing. Kasd vel duo diam invidunt consetetur eu no justo ullamcorper tempor. Eu veniam magna labore. Vero iusto dolor feugiat nonumy et hendrerit nisl duis sit. Vel eos illum magna vel aliquyam nulla tempor kasd aliquyam. Ipsum dolor duo augue sadipscing velit erat ipsum sea eos facilisis duis stet. Sea at tempor feugiat voluptua labore iriure dolore et sed. At clita amet blandit lorem sadipscing lorem sea vulputate vero dolore magna sea in ipsum labore accumsan eirmod.\nAmet duo amet accumsan dolor. Doming vel nonumy at vel et diam commodo duo feugiat vero invidunt. Veniam vero nonumy aliquam facilisi sea et dolores at vero lorem dolore sadipscing enim aliquam illum takimata eum. Eleifend duis ad sanctus erat rebum vero aliquam lorem in. Mazim facilisis et nulla gubergren ipsum vero stet sed et justo sanctus accusam diam dolore. Sadipscing qui facilisis dolore kasd magna invidunt cum nulla ipsum dolores gubergren eos duo nonumy kasd sed. Amet nonumy consetetur nostrud suscipit. Duis nostrud et eos vel diam erat rebum.\nMagna et sed vero sit vero no. Ut clita aliquyam dolor possim sed sed sea et qui imperdiet sed ipsum congue et lorem lorem elit kasd. Et facer ipsum magna sea dolor eirmod vero et quis est laoreet. Vero diam eum takimata amet eos ipsum stet nonumy at dolor praesent. Et aliquip nobis vero at magna luptatum sit dolore duis sadipscing sed. In lorem dolor vero et quis vero dolor vero accusam velit dolor lorem dolore feugiat duo et ut sadipscing. Ut clita tempor. No sanctus nulla et ut voluptua ea ut eleifend ea.\nGubergren ea magna aliquyam euismod diam ipsum dolore sed diam tempor aliquip justo. Lorem dolor et. Ut voluptua dolores nulla et rebum accusam ut dolor ipsum sanctus laoreet ea sanctus sea. Sea duo elitr stet rebum eirmod enim at at luptatum ea nonumy dolor takimata imperdiet duo. Eos rebum nibh tempor lorem lorem ullamcorper gubergren nulla tempor lorem at invidunt eum magna dolore magna. Dolore eirmod ipsum nonumy stet nulla tation duo volutpat at. Adipiscing in accusam tempor. Labore et sit consetetur no justo duo ipsum ut sit veniam amet et. Eirmod clita et consequat et.\nElitr sit amet commodo illum sit sit sed sit praesent dolor est invidunt eum et nonumy. Eu quis tempor. Lorem stet et te rebum nonummy. Possim accumsan sit est nam et at euismod suscipit sea eum lorem est voluptua. Ut sit amet dolor. Rebum labore ut takimata accumsan duis ea lorem esse erat sed dolores dignissim nam nam et. Elitr luptatum delenit tempor lorem eos te. Eos ea et lorem sed adipiscing. Sed ullamcorper id suscipit nonumy euismod feugiat consetetur.\n","publishDate":"2022-06-02T01:14:42.5538305+00:00"} 
 </msg>
<msg timestamp="20220621 22:14:42.201" level="INFO">C:\Python310\lib\site-packages\urllib3\connectionpool.py:1043: InsecureRequestWarning: Unverified HTTPS request is being made to host 'fakerestapi.azurewebsites.net'. Adding certificate verification is strongly advised. See: https://urllib3.readthedocs.io/en/1.26.x/advanced-usage.html#ssl-warnings
  warnings.warn(</msg>
<msg timestamp="20220621 22:14:42.206" level="INFO">${RESPOSTA} = &lt;Response [200]&gt;</msg>
<status status="PASS" starttime="20220621 22:14:41.916" endtime="20220621 22:14:42.206"/>
</kw>
<kw name="Log" library="BuiltIn">
<arg>${RESPOSTA.text}</arg>
<doc>Logs the given message with the given level.</doc>
<msg timestamp="20220621 22:14:42.211" level="INFO">{"id":20,"title":"Book 20","description":"Eirmod lorem vero lorem vero stet nulla ipsum amet clita iusto elit takimata diam. Suscipit wisi justo diam nonumy tincidunt sit accusam diam et stet kasd ipsum ut. Clita sadipscing no elitr et takimata dolor sit lorem aliquyam voluptua takimata nibh et duo amet delenit justo eleifend. Ipsum stet esse kasd takimata invidunt diam et sea. Dolor sit augue consetetur consectetuer aliquyam accusam ipsum et est. Ut dolor dolor stet amet consetetur nonumy gubergren diam vel. Dolor et sea eu iusto dolore esse et aliquyam duo duo elitr amet autem nonummy diam. Eirmod iriure ea amet aliquyam voluptua vel dolores dolor ut nibh dolore iusto eos ut. Gubergren vel feugait tempor duo takimata diam dolore invidunt et dolor aliquip et ipsum ea tempor duis nonumy. Soluta luptatum at in consetetur adipiscing eleifend dolore zzril no facer elitr sit ea voluptua labore. Tempor gubergren erat dolore ipsum ut rebum lorem sanctus diam amet eirmod praesent accusam rebum eu sit. Volutpat nisl dolor rebum invidunt invidunt ullamcorper sea. Rebum et takimata dolor sit duo iriure luptatum dolor ut diam et. Dolore amet ullamcorper facilisi suscipit vero ipsum tempor ut feugait consetetur invidunt nibh autem dolore eos liber amet.\n","pageCount":2000,"excerpt":"Aliquyam erat et commodo. Lorem justo takimata vero clita. Kasd dolores ipsum sed amet voluptua luptatum aliquyam dolor gubergren esse aliquam sadipscing stet et lorem aliquyam sadipscing. Kasd vel duo diam invidunt consetetur eu no justo ullamcorper tempor. Eu veniam magna labore. Vero iusto dolor feugiat nonumy et hendrerit nisl duis sit. Vel eos illum magna vel aliquyam nulla tempor kasd aliquyam. Ipsum dolor duo augue sadipscing velit erat ipsum sea eos facilisis duis stet. Sea at tempor feugiat voluptua labore iriure dolore et sed. At clita amet blandit lorem sadipscing lorem sea vulputate vero dolore magna sea in ipsum labore accumsan eirmod.\nAmet duo amet accumsan dolor. Doming vel nonumy at vel et diam commodo duo feugiat vero invidunt. Veniam vero nonumy aliquam facilisi sea et dolores at vero lorem dolore sadipscing enim aliquam illum takimata eum. Eleifend duis ad sanctus erat rebum vero aliquam lorem in. Mazim facilisis et nulla gubergren ipsum vero stet sed et justo sanctus accusam diam dolore. Sadipscing qui facilisis dolore kasd magna invidunt cum nulla ipsum dolores gubergren eos duo nonumy kasd sed. Amet nonumy consetetur nostrud suscipit. Duis nostrud et eos vel diam erat rebum.\nMagna et sed vero sit vero no. Ut clita aliquyam dolor possim sed sed sea et qui imperdiet sed ipsum congue et lorem lorem elit kasd. Et facer ipsum magna sea dolor eirmod vero et quis est laoreet. Vero diam eum takimata amet eos ipsum stet nonumy at dolor praesent. Et aliquip nobis vero at magna luptatum sit dolore duis sadipscing sed. In lorem dolor vero et quis vero dolor vero accusam velit dolor lorem dolore feugiat duo et ut sadipscing. Ut clita tempor. No sanctus nulla et ut voluptua ea ut eleifend ea.\nGubergren ea magna aliquyam euismod diam ipsum dolore sed diam tempor aliquip justo. Lorem dolor et. Ut voluptua dolores nulla et rebum accusam ut dolor ipsum sanctus laoreet ea sanctus sea. Sea duo elitr stet rebum eirmod enim at at luptatum ea nonumy dolor takimata imperdiet duo. Eos rebum nibh tempor lorem lorem ullamcorper gubergren nulla tempor lorem at invidunt eum magna dolore magna. Dolore eirmod ipsum nonumy stet nulla tation duo volutpat at. Adipiscing in accusam tempor. Labore et sit consetetur no justo duo ipsum ut sit veniam amet et. Eirmod clita et consequat et.\nElitr sit amet commodo illum sit sit sed sit praesent dolor est invidunt eum et nonumy. Eu quis tempor. Lorem stet et te rebum nonummy. Possim accumsan sit est nam et at euismod suscipit sea eum lorem est voluptua. Ut sit amet dolor. Rebum labore ut takimata accumsan duis ea lorem esse erat sed dolores dignissim nam nam et. Elitr luptatum delenit tempor lorem eos te. Eos ea et lorem sed adipiscing. Sed ullamcorper id suscipit nonumy euismod feugiat consetetur.\n","publishDate":"2022-06-02T01:14:42.5538305+00:00"}</msg>
<status status="PASS" starttime="20220621 22:14:42.207" endtime="20220621 22:14:42.211"/>
</kw>
<kw name="Set Test Variable" library="BuiltIn">
<arg>${RESPOSTA}</arg>
<doc>Makes a variable available everywhere within the scope of the current test.</doc>
<msg timestamp="20220621 22:14:42.213" level="INFO">${RESPOSTA} = &lt;Response [200]&gt;</msg>
<status status="PASS" starttime="20220621 22:14:42.212" endtime="20220621 22:14:42.213"/>
</kw>
<status status="PASS" starttime="20220621 22:14:41.915" endtime="20220621 22:14:42.214"/>
</kw>
<kw name="Conferir o status code" library="ResourceAPI">
<arg>200</arg>
<kw name="Should Be Equal As Strings" library="BuiltIn">
<arg>${RESPOSTA.status_code}</arg>
<arg>${STATUSCODE_DESEJADO}</arg>
<doc>Fails if objects are unequal after converting them to strings.</doc>
<msg timestamp="20220621 22:14:42.220" level="INFO">Argument types are:
&lt;class 'int'&gt;
&lt;class 'str'&gt;</msg>
<status status="PASS" starttime="20220621 22:14:42.217" endtime="20220621 22:14:42.220"/>
</kw>
<status status="PASS" starttime="20220621 22:14:42.216" endtime="20220621 22:14:42.221"/>
</kw>
<kw name="Conferir o reason" library="ResourceAPI">
<arg>OK</arg>
<kw name="Should Be Equal As Strings" library="BuiltIn">
<arg>${RESPOSTA.reason}</arg>
<arg>${REASON_DESEJADO}</arg>
<doc>Fails if objects are unequal after converting them to strings.</doc>
<status status="PASS" starttime="20220621 22:14:42.226" endtime="20220621 22:14:42.231"/>
</kw>
<status status="PASS" starttime="20220621 22:14:42.222" endtime="20220621 22:14:42.232"/>
</kw>
<kw name="Conferir se retorna os todos os dados corretos do livro 20" library="ResourceAPI">
<kw name="Dictionary Should Contain Item" library="Collections">
<arg>${RESPOSTA.json()}</arg>
<arg>id</arg>
<arg>${BOOK_20.id}</arg>
<doc>An item of ``key`` / ``value`` must be found in a ``dictionary``.</doc>
<status status="PASS" starttime="20220621 22:14:42.236" endtime="20220621 22:14:42.244"/>
</kw>
<kw name="Dictionary Should Contain Item" library="Collections">
<arg>${RESPOSTA.json()}</arg>
<arg>title</arg>
<arg>${BOOK_20.title}</arg>
<doc>An item of ``key`` / ``value`` must be found in a ``dictionary``.</doc>
<status status="PASS" starttime="20220621 22:14:42.244" endtime="20220621 22:14:42.250"/>
</kw>
<kw name="Dictionary Should Contain Item" library="Collections">
<arg>${RESPOSTA.json()}</arg>
<arg>pageCount</arg>
<arg>${BOOK_20.pageCount}</arg>
<doc>An item of ``key`` / ``value`` must be found in a ``dictionary``.</doc>
<status status="PASS" starttime="20220621 22:14:42.251" endtime="20220621 22:14:42.259"/>
</kw>
<status status="PASS" starttime="20220621 22:14:42.234" endtime="20220621 22:14:42.260"/>
</kw>
<status status="PASS" starttime="20220621 22:14:41.913" endtime="20220621 22:14:42.261"/>
</test>
<doc>Documentacao da api: https://fakerestapi.azurewebsites.net/index.html</doc>
<status status="PASS" starttime="20220621 22:14:33.525" endtime="20220621 22:14:42.267"/>
</suite>
<statistics>
<total>
<stat pass="2" fail="0" skip="0">All Tests</stat>
</total>
<tag>
</tag>
<suite>
<stat pass="2" fail="0" skip="0" id="s1" name="TestCaseAPIBooks">TestCaseAPIBooks</stat>
</suite>
</statistics>
<errors>
</errors>
</robot>
